Log file open, 03/02/20 16:42:57
LogWindows: Failed to load 'aqProf.dll' (GetLastError=126)
LogWindows: File 'aqProf.dll' does not exist
LogWindows: Failed to load 'VtuneApi.dll' (GetLastError=126)
LogWindows: File 'VtuneApi.dll' does not exist
LogWindows: Failed to load 'VtuneApi32e.dll' (GetLastError=126)
LogWindows: File 'VtuneApi32e.dll' does not exist
LogConsoleResponse: Display: Failed to find resolution value strings in scalability ini. Falling back to default.
LogInit: Display: Running engine for game: Johnson
LogPakFile: Registered encryption key '00000000000000000000000000000000': 0 pak files mounted, 0 remain pending
LogPlatformFile: Not using cached read wrapper
LogTaskGraph: Started task graph with 5 named threads and 23 total threads with 3 sets of task threads.
LogStats: Stats thread started at 1.906907
LogD3D11RHI: Loaded GFSDK_Aftermath_Lib.x64.dll
LogICUInternationalization: ICU TimeZone Detection - Raw Offset: +10:00, Platform Override: ''
LogPluginManager: Mounting plugin Paper2D
LogPluginManager: Mounting plugin AISupport
LogPluginManager: Mounting plugin LightPropagationVolume
LogPluginManager: Mounting plugin ActorLayerUtilities
LogPluginManager: Mounting plugin CLionSourceCodeAccess
LogPluginManager: Mounting plugin CodeLiteSourceCodeAccess
LogPluginManager: Mounting plugin GitSourceControl
LogPluginManager: Mounting plugin KDevelopSourceCodeAccess
LogPluginManager: Mounting plugin NullSourceCodeAccess
LogPluginManager: Mounting plugin PerforceSourceControl
LogPluginManager: Mounting plugin SubversionSourceControl
LogPluginManager: Mounting plugin UObjectPlugin
LogPluginManager: Mounting plugin VisualStudioCodeSourceCodeAccess
LogPluginManager: Mounting plugin VisualStudioSourceCodeAccess
LogPluginManager: Mounting plugin XCodeSourceCodeAccess
LogPluginManager: Mounting plugin AssetManagerEditor
LogPluginManager: Mounting plugin CryptoKeys
LogPluginManager: Mounting plugin DataValidation
LogPluginManager: Mounting plugin FacialAnimation
LogPluginManager: Mounting plugin GameplayTagsEditor
LogPluginManager: Mounting plugin MacGraphicsSwitching
LogPluginManager: Mounting plugin MeshEditor
LogPluginManager: Mounting plugin MobileLauncherProfileWizard
LogPluginManager: Mounting plugin PluginBrowser
LogPluginManager: Mounting plugin SpeedTreeImporter
LogPluginManager: Mounting plugin DatasmithContent
LogPluginManager: Mounting plugin VariantManagerContent
LogPluginManager: Mounting plugin AlembicImporter
LogPluginManager: Mounting plugin AppleImageUtils
LogPluginManager: Mounting plugin AppleVision
LogPluginManager: Mounting plugin BackChannel
LogPluginManager: Mounting plugin CharacterAI
LogPluginManager: Mounting plugin GeometryCache
LogPluginManager: Mounting plugin HTML5Networking
LogPluginManager: Mounting plugin ProxyLODPlugin
LogPluginManager: Mounting plugin MagicLeap
LogPluginManager: Mounting plugin MagicLeapMedia
LogPluginManager: Mounting plugin AndroidMedia
LogPluginManager: Mounting plugin AvfMedia
LogPluginManager: Mounting plugin ImgMedia
LogPluginManager: Mounting plugin LinearTimecode
LogPluginManager: Mounting plugin MediaCompositing
LogPluginManager: Mounting plugin MediaPlayerEditor
LogPluginManager: Mounting plugin WebMMedia
LogPluginManager: Mounting plugin WmfMedia
LogPluginManager: Mounting plugin TcpMessaging
LogPluginManager: Mounting plugin UdpMessaging
LogPluginManager: Mounting plugin ActorSequence
LogPluginManager: Mounting plugin LevelSequenceEditor
LogPluginManager: Mounting plugin MatineeToLevelSequence
LogPluginManager: Mounting plugin NetcodeUnitTest
LogPluginManager: Mounting plugin NUTUnrealEngine4
LogPluginManager: Mounting plugin OnlineSubsystemGooglePlay
LogPluginManager: Mounting plugin OnlineSubsystemIOS
LogPluginManager: Mounting plugin OnlineSubsystem
LogPluginManager: Mounting plugin OnlineSubsystemNull
LogPluginManager: Mounting plugin OnlineSubsystemUtils
LogPluginManager: Mounting plugin LauncherChunkInstaller
LogPluginManager: Mounting plugin AndroidDeviceProfileSelector
LogPluginManager: Mounting plugin AndroidMoviePlayer
LogPluginManager: Mounting plugin AndroidPermission
LogPluginManager: Mounting plugin AppleMoviePlayer
LogPluginManager: Mounting plugin ArchVisCharacter
LogPluginManager: Mounting plugin AudioCapture
LogPluginManager: Mounting plugin CableComponent
LogPluginManager: Mounting plugin CustomMeshComponent
LogPluginManager: Mounting plugin EditableMesh
LogPluginManager: Mounting plugin ExampleDeviceProfileSelector
LogPluginManager: Mounting plugin Firebase
LogPluginManager: Mounting plugin GoogleCloudMessaging
LogPluginManager: Mounting plugin IOSDeviceProfileSelector
LogPluginManager: Mounting plugin LinuxDeviceProfileSelector
LogPluginManager: Mounting plugin LocationServicesBPLibrary
LogPluginManager: Mounting plugin MobilePatchingUtils
LogPluginManager: Mounting plugin OculusVR
LogPluginManager: Mounting plugin PhysXVehicles
LogPluginManager: Mounting plugin ProceduralMeshComponent
LogPluginManager: Mounting plugin RuntimePhysXCooking
LogPluginManager: Mounting plugin SteamVR
LogPluginManager: Mounting plugin WebMMoviePlayer
LogPluginManager: Mounting plugin WindowsMoviePlayer
LogStreaming: Display: Took  0.386s to configure plugins.
LogInit: Using libcurl 7.55.1-DEV
LogInit:  - built for x86_64-pc-win32
LogInit:  - supports SSL with OpenSSL/1.0.2h
LogInit:  - supports HTTP deflate (compression) using libz 1.2.8
LogInit:  - other features:
LogInit:      CURL_VERSION_SSL
LogInit:      CURL_VERSION_LIBZ
LogInit:      CURL_VERSION_IPV6
LogInit:      CURL_VERSION_ASYNCHDNS
LogInit:      CURL_VERSION_LARGEFILE
LogInit:      CURL_VERSION_IDN
LogInit:  CurlRequestOptions (configurable via config and command line):
LogInit:  - bVerifyPeer = true  - Libcurl will verify peer certificate
LogInit:  - bUseHttpProxy = false  - Libcurl will NOT use HTTP proxy
LogInit:  - bDontReuseConnections = false  - Libcurl will reuse connections
LogInit:  - MaxHostConnections = 16  - Libcurl will limit the number of connections to a host
LogInit:  - LocalHostAddr = Default
LogInit:  - BufferSize = 65536
LogInit: WinSock: version 1.1 (2.2), MaxSocks=32767, MaxUdp=65467
LogInit: Build: ++UE4+Release-4.21-CL-4753647
LogInit: Engine Version: 4.21.2-4753647+++UE4+Release-4.21
LogInit: Compatible Engine Version: 4.21.0-4541578+++UE4+Release-4.21
LogInit: Net CL: 4541578
LogInit: OS: Windows 10 (), CPU:        Intel(R) Core(TM) i7-2600K CPU @ 3.40GHz, GPU: Radeon RX 570 Series
LogInit: Compiled (64-bit): Jan 19 2019 02:07:31
LogInit: Compiled with Visual C++: 19.13.26129.00
LogInit: Build Configuration: Development
LogInit: Branch Name: ++UE4+Release-4.21
LogInit: Command Line: 
LogInit: Base Directory: D:/UE_4.21/Engine/Binaries/Win64/
LogInit: Installed Engine Build: 1
LogDevObjectVersion: Number of dev versions registered: 22
LogDevObjectVersion:   Dev-Blueprints (B0D832E4-1F89-4F0D-ACCF-7EB736FD4AA2): 10
LogDevObjectVersion:   Dev-Build (E1C64328-A22C-4D53-A36C-8E866417BD8C): 0
LogDevObjectVersion:   Dev-Core (375EC13C-06E4-48FB-B500-84F0262A717E): 2
LogDevObjectVersion:   Dev-Editor (E4B068ED-F494-42E9-A231-DA0B2E46BB41): 26
LogDevObjectVersion:   Dev-Framework (CFFC743F-43B0-4480-9391-14DF171D2073): 34
LogDevObjectVersion:   Dev-Mobile (B02B49B5-BB20-44E9-A304-32B752E40360): 2
LogDevObjectVersion:   Dev-Networking (A4E4105C-59A1-49B5-A7C5-40C4547EDFEE): 0
LogDevObjectVersion:   Dev-Online (39C831C9-5AE6-47DC-9A44-9C173E1C8E7C): 0
LogDevObjectVersion:   Dev-Physics (78F01B33-EBEA-4F98-B9B4-84EACCB95AA2): 0
LogDevObjectVersion:   Dev-Platform (6631380F-2D4D-43E0-8009-CF276956A95A): 0
LogDevObjectVersion:   Dev-Rendering (12F88B9F-8875-4AFC-A67C-D90C383ABD29): 27
LogDevObjectVersion:   Dev-Sequencer (7B5AE74C-D270-4C10-A958-57980B212A5A): 9
LogDevObjectVersion:   Dev-VR (D7296918-1DD6-4BDD-9DE2-64A83CC13884): 2
LogDevObjectVersion:   Dev-LoadTimes (C2A15278-BFE7-4AFE-6C17-90FF531DF755): 1
LogDevObjectVersion:   Private-Geometry (6EACA3D4-40EC-4CC1-B786-8BED09428FC5): 3
LogDevObjectVersion:   Dev-AnimPhys (29E575DD-E0A3-4627-9D10-D276232CDCEA): 17
LogDevObjectVersion:   Dev-Anim (AF43A65D-7FD3-4947-9873-3E8ED9C1BB05): 2
LogDevObjectVersion:   Dev-ReflectionCapture (6B266CEC-1EC7-4B8F-A30B-E4D90942FC07): 1
LogDevObjectVersion:   Dev-Automation (0DF73D61-A23F-47EA-B727-89E90C41499A): 1
LogDevObjectVersion:   FortniteMain (601D1886-AC64-4F84-AA16-D3DE0DEAC7D6): 17
LogDevObjectVersion:   Dev-Enterprise (9DFFBCD6-494F-0158-E221-12823C92A888): 4
LogDevObjectVersion:   Dev-Niagara (F2AED0AC-9AFE-416F-8664-AA7FFA26D6FC): 1
LogStreaming: Display: Took  0.001s to delete old logs.
LogInit: Presizing for max 8388607 objects, including 0 objects not considered by GC, pre-allocating 0 bytes for permanent pool.
LogInit: Object subsystem initialized
LogConfig: Setting CVar [[con.DebugEarlyDefault:1]]
LogConfig: Setting CVar [[r.setres:1280x720]]
[2020.03.02-05.42.58:637][  0]LogConfig: Setting CVar [[r.VSync:0]]
[2020.03.02-05.42.58:637][  0]LogConfig: Setting CVar [[r.RHICmdBypass:0]]
[2020.03.02-05.42.58:637][  0]LogConfig: Applying CVar settings from Section [/Script/Engine.RendererSettings] File [G:/Johnson/Saved/Config/Windows/Engine.ini]
[2020.03.02-05.42.58:637][  0]LogConfig: Setting CVar [[r.GPUCrashDebugging:0]]
[2020.03.02-05.42.58:637][  0]LogConfig: Applying CVar settings from Section [/Script/Engine.RendererOverrideSettings] File [G:/Johnson/Saved/Config/Windows/Engine.ini]
[2020.03.02-05.42.58:637][  0]LogConfig: Applying CVar settings from Section [/Script/Engine.StreamingSettings] File [G:/Johnson/Saved/Config/Windows/Engine.ini]
[2020.03.02-05.42.58:637][  0]LogConfig: Setting CVar [[s.MinBulkDataSizeForAsyncLoading:131072]]
[2020.03.02-05.42.58:637][  0]LogConfig: Setting CVar [[s.AsyncLoadingThreadEnabled:0]]
[2020.03.02-05.42.58:638][  0]LogConfig: Setting CVar [[s.EventDrivenLoaderEnabled:1]]
[2020.03.02-05.42.58:638][  0]LogConfig: Setting CVar [[s.WarnIfTimeLimitExceeded:0]]
[2020.03.02-05.42.58:638][  0]LogConfig: Setting CVar [[s.TimeLimitExceededMultiplier:1.5]]
[2020.03.02-05.42.58:638][  0]LogConfig: Setting CVar [[s.TimeLimitExceededMinTime:0.005]]
[2020.03.02-05.42.58:638][  0]LogConfig: Setting CVar [[s.UseBackgroundLevelStreaming:1]]
[2020.03.02-05.42.58:638][  0]LogConfig: Setting CVar [[s.PriorityAsyncLoadingExtraTime:15.0]]
[2020.03.02-05.42.58:638][  0]LogConfig: Setting CVar [[s.LevelStreamingActorsUpdateTimeLimit:5.0]]
[2020.03.02-05.42.58:638][  0]LogConfig: Setting CVar [[s.PriorityLevelStreamingActorsUpdateExtraTime:5.0]]
[2020.03.02-05.42.58:638][  0]LogConfig: Setting CVar [[s.LevelStreamingComponentsRegistrationGranularity:10]]
[2020.03.02-05.42.58:638][  0]LogConfig: Setting CVar [[s.UnregisterComponentsTimeLimit:1.0]]
[2020.03.02-05.42.58:638][  0]LogConfig: Setting CVar [[s.LevelStreamingComponentsUnregistrationGranularity:5]]
[2020.03.02-05.42.58:638][  0]LogConfig: Applying CVar settings from Section [/Script/Engine.GarbageCollectionSettings] File [G:/Johnson/Saved/Config/Windows/Engine.ini]
[2020.03.02-05.42.58:638][  0]LogConfig: Setting CVar [[gc.MaxObjectsNotConsideredByGC:1]]
[2020.03.02-05.42.58:638][  0]LogConfig: Setting CVar [[gc.SizeOfPermanentObjectPool:0]]
[2020.03.02-05.42.58:638][  0]LogConfig: Setting CVar [[gc.FlushStreamingOnGC:0]]
[2020.03.02-05.42.58:638][  0]LogConfig: Setting CVar [[gc.NumRetriesBeforeForcingGC:10]]
[2020.03.02-05.42.58:638][  0]LogConfig: Setting CVar [[gc.AllowParallelGC:1]]
[2020.03.02-05.42.58:638][  0]LogConfig: Setting CVar [[gc.TimeBetweenPurgingPendingKillObjects:61.1]]
[2020.03.02-05.42.58:638][  0]LogConfig: Setting CVar [[gc.MaxObjectsInEditor:8388607]]
[2020.03.02-05.42.58:638][  0]LogConfig: Setting CVar [[gc.IncrementalBeginDestroyEnabled:1]]
[2020.03.02-05.42.58:638][  0]LogConfig: Setting CVar [[gc.CreateGCClusters:1]]
[2020.03.02-05.42.58:638][  0]LogConfig: Setting CVar [[gc.MergeGCClusters:0]]
[2020.03.02-05.42.58:638][  0]LogConfig: Setting CVar [[gc.MinGCClusterSize:5]]
[2020.03.02-05.42.58:638][  0]LogConfig: Setting CVar [[gc.ActorClusteringEnabled:0]]
[2020.03.02-05.42.58:638][  0]LogConfig: Setting CVar [[gc.BlueprintClusteringEnabled:0]]
[2020.03.02-05.42.58:638][  0]LogConfig: Setting CVar [[gc.UseDisregardForGCOnDedicatedServers:0]]
[2020.03.02-05.42.58:638][  0]LogConfig: Applying CVar settings from Section [/Script/Engine.NetworkSettings] File [G:/Johnson/Saved/Config/Windows/Engine.ini]
[2020.03.02-05.42.58:638][  0]LogConfig: Applying CVar settings from Section [/Script/UnrealEd.CookerSettings] File [G:/Johnson/Saved/Config/Windows/Engine.ini]
[2020.03.02-05.42.58:648][  0]LogConfig: Applying CVar settings from Section [ViewDistanceQuality@3] File [G:/Johnson/Saved/Config/Windows/Scalability.ini]
[2020.03.02-05.42.58:648][  0]LogConfig: Setting CVar [[r.SkeletalMeshLODBias:0]]
[2020.03.02-05.42.58:649][  0]LogConfig: Setting CVar [[r.ViewDistanceScale:1.0]]
[2020.03.02-05.42.58:649][  0]LogConfig: Applying CVar settings from Section [AntiAliasingQuality@3] File [G:/Johnson/Saved/Config/Windows/Scalability.ini]
[2020.03.02-05.42.58:649][  0]LogConfig: Setting CVar [[r.PostProcessAAQuality:4]]
[2020.03.02-05.42.58:649][  0]LogConfig: Applying CVar settings from Section [ShadowQuality@3] File [G:/Johnson/Saved/Config/Windows/Scalability.ini]
[2020.03.02-05.42.58:649][  0]LogConfig: Setting CVar [[r.LightFunctionQuality:1]]
[2020.03.02-05.42.58:649][  0]LogConfig: Setting CVar [[r.ShadowQuality:5]]
[2020.03.02-05.42.58:649][  0]LogConfig: Setting CVar [[r.Shadow.CSM.MaxCascades:10]]
[2020.03.02-05.42.58:649][  0]LogConfig: Setting CVar [[r.Shadow.MaxResolution:2048]]
[2020.03.02-05.42.58:649][  0]LogConfig: Setting CVar [[r.Shadow.MaxCSMResolution:2048]]
[2020.03.02-05.42.58:649][  0]LogConfig: Setting CVar [[r.Shadow.RadiusThreshold:0.01]]
[2020.03.02-05.42.58:649][  0]LogConfig: Setting CVar [[r.Shadow.DistanceScale:1.0]]
[2020.03.02-05.42.58:649][  0]LogConfig: Setting CVar [[r.Shadow.CSM.TransitionScale:1.0]]
[2020.03.02-05.42.58:649][  0]LogConfig: Setting CVar [[r.Shadow.PreShadowResolutionFactor:1.0]]
[2020.03.02-05.42.58:649][  0]LogConfig: Setting CVar [[r.DistanceFieldShadowing:1]]
[2020.03.02-05.42.58:649][  0]LogConfig: Setting CVar [[r.DistanceFieldAO:1]]
[2020.03.02-05.42.58:649][  0]LogConfig: Setting CVar [[r.AOQuality:2]]
[2020.03.02-05.42.58:649][  0]LogConfig: Setting CVar [[r.VolumetricFog:1]]
[2020.03.02-05.42.58:649][  0]LogConfig: Setting CVar [[r.VolumetricFog.GridPixelSize:8]]
[2020.03.02-05.42.58:649][  0]LogConfig: Setting CVar [[r.VolumetricFog.GridSizeZ:128]]
[2020.03.02-05.42.58:649][  0]LogConfig: Setting CVar [[r.VolumetricFog.HistoryMissSupersampleCount:4]]
[2020.03.02-05.42.58:649][  0]LogConfig: Setting CVar [[r.LightMaxDrawDistanceScale:1]]
[2020.03.02-05.42.58:649][  0]LogConfig: Setting CVar [[r.CapsuleShadows:1]]
[2020.03.02-05.42.58:649][  0]LogConfig: Applying CVar settings from Section [PostProcessQuality@3] File [G:/Johnson/Saved/Config/Windows/Scalability.ini]
[2020.03.02-05.42.58:649][  0]LogConfig: Setting CVar [[r.MotionBlurQuality:4]]
[2020.03.02-05.42.58:649][  0]LogConfig: Setting CVar [[r.AmbientOcclusionMipLevelFactor:0.4]]
[2020.03.02-05.42.58:649][  0]LogConfig: Setting CVar [[r.AmbientOcclusionMaxQuality:100]]
[2020.03.02-05.42.58:649][  0]LogConfig: Setting CVar [[r.AmbientOcclusionLevels:-1]]
[2020.03.02-05.42.58:649][  0]LogConfig: Setting CVar [[r.AmbientOcclusionRadiusScale:1.0]]
[2020.03.02-05.42.58:649][  0]LogConfig: Setting CVar [[r.DepthOfFieldQuality:2]]
[2020.03.02-05.42.58:649][  0]LogConfig: Setting CVar [[r.RenderTargetPoolMin:400]]
[2020.03.02-05.42.58:649][  0]LogConfig: Setting CVar [[r.LensFlareQuality:2]]
[2020.03.02-05.42.58:649][  0]LogConfig: Setting CVar [[r.SceneColorFringeQuality:1]]
[2020.03.02-05.42.58:649][  0]LogConfig: Setting CVar [[r.EyeAdaptationQuality:2]]
[2020.03.02-05.42.58:649][  0]LogConfig: Setting CVar [[r.BloomQuality:5]]
[2020.03.02-05.42.58:649][  0]LogConfig: Setting CVar [[r.FastBlurThreshold:100]]
[2020.03.02-05.42.58:649][  0]LogConfig: Setting CVar [[r.Upscale.Quality:3]]
[2020.03.02-05.42.58:649][  0]LogConfig: Setting CVar [[r.Tonemapper.GrainQuantization:1]]
[2020.03.02-05.42.58:649][  0]LogConfig: Setting CVar [[r.LightShaftQuality:1]]
[2020.03.02-05.42.58:649][  0]LogConfig: Setting CVar [[r.Filter.SizeScale:1]]
[2020.03.02-05.42.58:649][  0]LogConfig: Setting CVar [[r.Tonemapper.Quality:5]]
[2020.03.02-05.42.58:649][  0]LogConfig: Setting CVar [[r.DOF.Gather.AccumulatorQuality:1        ; higher gathering accumulator quality]]
[2020.03.02-05.42.58:649][  0]LogConfig: Setting CVar [[r.DOF.Gather.PostfilterMethod:1          ; Median3x3 postfilering method]]
[2020.03.02-05.42.58:649][  0]LogConfig: Setting CVar [[r.DOF.Gather.EnableBokehSettings:0       ; no bokeh simulation when gathering]]
[2020.03.02-05.42.58:649][  0]LogConfig: Setting CVar [[r.DOF.Gather.RingCount:4                 ; medium number of samples when gathering]]
[2020.03.02-05.42.58:649][  0]LogConfig: Setting CVar [[r.DOF.Scatter.ForegroundCompositing:1    ; additive foreground scattering]]
[2020.03.02-05.42.58:649][  0]LogConfig: Setting CVar [[r.DOF.Scatter.BackgroundCompositing:2    ; additive background scattering]]
[2020.03.02-05.42.58:649][  0]LogConfig: Setting CVar [[r.DOF.Scatter.EnableBokehSettings:1      ; bokeh simulation when scattering]]
[2020.03.02-05.42.58:649][  0]LogConfig: Setting CVar [[r.DOF.Scatter.MaxSpriteRatio:0.1         ; only a maximum of 10% of scattered bokeh]]
[2020.03.02-05.42.58:649][  0]LogConfig: Setting CVar [[r.DOF.Recombine.Quality:1                ; cheap slight out of focus]]
[2020.03.02-05.42.58:649][  0]LogConfig: Setting CVar [[r.DOF.Recombine.EnableBokehSettings:0    ; no bokeh simulation on slight out of focus]]
[2020.03.02-05.42.58:649][  0]LogConfig: Setting CVar [[r.DOF.TemporalAAQuality:1                ; more stable temporal accumulation]]
[2020.03.02-05.42.58:649][  0]LogConfig: Setting CVar [[r.DOF.Kernel.MaxForegroundRadius:0.025]]
[2020.03.02-05.42.58:649][  0]LogConfig: Setting CVar [[r.DOF.Kernel.MaxBackgroundRadius:0.025]]
[2020.03.02-05.42.58:649][  0]LogConfig: Applying CVar settings from Section [TextureQuality@3] File [G:/Johnson/Saved/Config/Windows/Scalability.ini]
[2020.03.02-05.42.58:649][  0]LogConfig: Setting CVar [[r.Streaming.MipBias:0]]
[2020.03.02-05.42.58:649][  0]LogConfig: Setting CVar [[r.Streaming.AmortizeCPUToGPUCopy:0]]
[2020.03.02-05.42.58:649][  0]LogConfig: Setting CVar [[r.Streaming.MaxNumTexturesToStreamPerFrame:0]]
[2020.03.02-05.42.58:649][  0]LogConfig: Setting CVar [[r.Streaming.Boost:1]]
[2020.03.02-05.42.58:649][  0]LogConfig: Setting CVar [[r.MaxAnisotropy:8]]
[2020.03.02-05.42.58:649][  0]LogConfig: Setting CVar [[r.Streaming.LimitPoolSizeToVRAM:0]]
[2020.03.02-05.42.58:650][  0]LogConfig: Setting CVar [[r.Streaming.PoolSize:1000]]
[2020.03.02-05.42.58:650][  0]LogConfig: Setting CVar [[r.Streaming.MaxEffectiveScreenSize:0]]
[2020.03.02-05.42.58:650][  0]LogConfig: Applying CVar settings from Section [EffectsQuality@3] File [G:/Johnson/Saved/Config/Windows/Scalability.ini]
[2020.03.02-05.42.58:650][  0]LogConfig: Setting CVar [[r.TranslucencyLightingVolumeDim:64]]
[2020.03.02-05.42.58:650][  0]LogConfig: Setting CVar [[r.RefractionQuality:2]]
[2020.03.02-05.42.58:650][  0]LogConfig: Setting CVar [[r.SSR.Quality:3]]
[2020.03.02-05.42.58:650][  0]LogConfig: Setting CVar [[r.SceneColorFormat:4]]
[2020.03.02-05.42.58:650][  0]LogConfig: Setting CVar [[r.DetailMode:2]]
[2020.03.02-05.42.58:650][  0]LogConfig: Setting CVar [[r.TranslucencyVolumeBlur:1]]
[2020.03.02-05.42.58:650][  0]LogConfig: Setting CVar [[r.MaterialQualityLevel:1 ; High quality]]
[2020.03.02-05.42.58:650][  0]LogConfig: Setting CVar [[r.SSS.Scale:1]]
[2020.03.02-05.42.58:650][  0]LogConfig: Setting CVar [[r.SSS.SampleSet:2]]
[2020.03.02-05.42.58:650][  0]LogConfig: Setting CVar [[r.SSS.Quality:1]]
[2020.03.02-05.42.58:650][  0]LogConfig: Setting CVar [[r.SSS.HalfRes:1]]
[2020.03.02-05.42.58:650][  0]LogConfig: Setting CVar [[r.EmitterSpawnRateScale:1.0]]
[2020.03.02-05.42.58:650][  0]LogConfig: Setting CVar [[r.ParticleLightQuality:2]]
[2020.03.02-05.42.58:650][  0]LogConfig: Applying CVar settings from Section [FoliageQuality@3] File [G:/Johnson/Saved/Config/Windows/Scalability.ini]
[2020.03.02-05.42.58:650][  0]LogConfig: Setting CVar [[foliage.DensityScale:1.0]]
[2020.03.02-05.42.58:650][  0]LogConfig: Setting CVar [[grass.DensityScale:1.0]]
[2020.03.02-05.42.58:650][  0]LogInit: Selected Device Profile: [Windows]
[2020.03.02-05.42.58:650][  0]LogInit: Applying CVar settings loaded from the selected device profile: [Windows]
[2020.03.02-05.42.58:702][  0]LogHAL: Display: Platform has ~ 16 GB [17162162176 / 17179869184 / 16], which maps to Larger [LargestMinGB=32, LargerMinGB=12, DefaultMinGB=8, SmallerMinGB=6, SmallestMinGB=0)
[2020.03.02-05.42.58:702][  0]LogConfig: Setting CVar [[r.Vulkan.UseRealUBs:1]]
[2020.03.02-05.42.58:702][  0]LogInit: Going up to parent DeviceProfile []
[2020.03.02-05.42.58:702][  0]LogConfig: Applying CVar settings from Section [ViewDistanceQuality@3] File [G:/Johnson/Saved/Config/Windows/Scalability.ini]
[2020.03.02-05.42.58:702][  0]LogConfig: Setting CVar [[r.SkeletalMeshLODBias:0]]
[2020.03.02-05.42.58:702][  0]LogConfig: Setting CVar [[r.ViewDistanceScale:1.0]]
[2020.03.02-05.42.58:702][  0]LogConfig: Applying CVar settings from Section [AntiAliasingQuality@3] File [G:/Johnson/Saved/Config/Windows/Scalability.ini]
[2020.03.02-05.42.58:702][  0]LogConfig: Setting CVar [[r.PostProcessAAQuality:4]]
[2020.03.02-05.42.58:702][  0]LogConfig: Applying CVar settings from Section [ShadowQuality@3] File [G:/Johnson/Saved/Config/Windows/Scalability.ini]
[2020.03.02-05.42.58:702][  0]LogConfig: Setting CVar [[r.LightFunctionQuality:1]]
[2020.03.02-05.42.58:702][  0]LogConfig: Setting CVar [[r.ShadowQuality:5]]
[2020.03.02-05.42.58:702][  0]LogConfig: Setting CVar [[r.Shadow.CSM.MaxCascades:10]]
[2020.03.02-05.42.58:702][  0]LogConfig: Setting CVar [[r.Shadow.MaxResolution:2048]]
[2020.03.02-05.42.58:702][  0]LogConfig: Setting CVar [[r.Shadow.MaxCSMResolution:2048]]
[2020.03.02-05.42.58:702][  0]LogConfig: Setting CVar [[r.Shadow.RadiusThreshold:0.01]]
[2020.03.02-05.42.58:702][  0]LogConfig: Setting CVar [[r.Shadow.DistanceScale:1.0]]
[2020.03.02-05.42.58:702][  0]LogConfig: Setting CVar [[r.Shadow.CSM.TransitionScale:1.0]]
[2020.03.02-05.42.58:702][  0]LogConfig: Setting CVar [[r.Shadow.PreShadowResolutionFactor:1.0]]
[2020.03.02-05.42.58:702][  0]LogConfig: Setting CVar [[r.DistanceFieldShadowing:1]]
[2020.03.02-05.42.58:702][  0]LogConfig: Setting CVar [[r.DistanceFieldAO:1]]
[2020.03.02-05.42.58:702][  0]LogConfig: Setting CVar [[r.AOQuality:2]]
[2020.03.02-05.42.58:702][  0]LogConfig: Setting CVar [[r.VolumetricFog:1]]
[2020.03.02-05.42.58:702][  0]LogConfig: Setting CVar [[r.VolumetricFog.GridPixelSize:8]]
[2020.03.02-05.42.58:702][  0]LogConfig: Setting CVar [[r.VolumetricFog.GridSizeZ:128]]
[2020.03.02-05.42.58:702][  0]LogConfig: Setting CVar [[r.VolumetricFog.HistoryMissSupersampleCount:4]]
[2020.03.02-05.42.58:702][  0]LogConfig: Setting CVar [[r.LightMaxDrawDistanceScale:1]]
[2020.03.02-05.42.58:702][  0]LogConfig: Setting CVar [[r.CapsuleShadows:1]]
[2020.03.02-05.42.58:702][  0]LogConfig: Applying CVar settings from Section [PostProcessQuality@3] File [G:/Johnson/Saved/Config/Windows/Scalability.ini]
[2020.03.02-05.42.58:702][  0]LogConfig: Setting CVar [[r.MotionBlurQuality:4]]
[2020.03.02-05.42.58:702][  0]LogConfig: Setting CVar [[r.AmbientOcclusionMipLevelFactor:0.4]]
[2020.03.02-05.42.58:702][  0]LogConfig: Setting CVar [[r.AmbientOcclusionMaxQuality:100]]
[2020.03.02-05.42.58:702][  0]LogConfig: Setting CVar [[r.AmbientOcclusionLevels:-1]]
[2020.03.02-05.42.58:702][  0]LogConfig: Setting CVar [[r.AmbientOcclusionRadiusScale:1.0]]
[2020.03.02-05.42.58:702][  0]LogConfig: Setting CVar [[r.DepthOfFieldQuality:2]]
[2020.03.02-05.42.58:702][  0]LogConfig: Setting CVar [[r.RenderTargetPoolMin:400]]
[2020.03.02-05.42.58:702][  0]LogConfig: Setting CVar [[r.LensFlareQuality:2]]
[2020.03.02-05.42.58:702][  0]LogConfig: Setting CVar [[r.SceneColorFringeQuality:1]]
[2020.03.02-05.42.58:703][  0]LogConfig: Setting CVar [[r.EyeAdaptationQuality:2]]
[2020.03.02-05.42.58:703][  0]LogConfig: Setting CVar [[r.BloomQuality:5]]
[2020.03.02-05.42.58:703][  0]LogConfig: Setting CVar [[r.FastBlurThreshold:100]]
[2020.03.02-05.42.58:703][  0]LogConfig: Setting CVar [[r.Upscale.Quality:3]]
[2020.03.02-05.42.58:703][  0]LogConfig: Setting CVar [[r.Tonemapper.GrainQuantization:1]]
[2020.03.02-05.42.58:703][  0]LogConfig: Setting CVar [[r.LightShaftQuality:1]]
[2020.03.02-05.42.58:703][  0]LogConfig: Setting CVar [[r.Filter.SizeScale:1]]
[2020.03.02-05.42.58:703][  0]LogConfig: Setting CVar [[r.Tonemapper.Quality:5]]
[2020.03.02-05.42.58:703][  0]LogConfig: Setting CVar [[r.DOF.Gather.AccumulatorQuality:1        ; higher gathering accumulator quality]]
[2020.03.02-05.42.58:703][  0]LogConfig: Setting CVar [[r.DOF.Gather.PostfilterMethod:1          ; Median3x3 postfilering method]]
[2020.03.02-05.42.58:703][  0]LogConfig: Setting CVar [[r.DOF.Gather.EnableBokehSettings:0       ; no bokeh simulation when gathering]]
[2020.03.02-05.42.58:703][  0]LogConfig: Setting CVar [[r.DOF.Gather.RingCount:4                 ; medium number of samples when gathering]]
[2020.03.02-05.42.58:703][  0]LogConfig: Setting CVar [[r.DOF.Scatter.ForegroundCompositing:1    ; additive foreground scattering]]
[2020.03.02-05.42.58:703][  0]LogConfig: Setting CVar [[r.DOF.Scatter.BackgroundCompositing:2    ; additive background scattering]]
[2020.03.02-05.42.58:703][  0]LogConfig: Setting CVar [[r.DOF.Scatter.EnableBokehSettings:1      ; bokeh simulation when scattering]]
[2020.03.02-05.42.58:703][  0]LogConfig: Setting CVar [[r.DOF.Scatter.MaxSpriteRatio:0.1         ; only a maximum of 10% of scattered bokeh]]
[2020.03.02-05.42.58:703][  0]LogConfig: Setting CVar [[r.DOF.Recombine.Quality:1                ; cheap slight out of focus]]
[2020.03.02-05.42.58:703][  0]LogConfig: Setting CVar [[r.DOF.Recombine.EnableBokehSettings:0    ; no bokeh simulation on slight out of focus]]
[2020.03.02-05.42.58:703][  0]LogConfig: Setting CVar [[r.DOF.TemporalAAQuality:1                ; more stable temporal accumulation]]
[2020.03.02-05.42.58:703][  0]LogConfig: Setting CVar [[r.DOF.Kernel.MaxForegroundRadius:0.025]]
[2020.03.02-05.42.58:703][  0]LogConfig: Setting CVar [[r.DOF.Kernel.MaxBackgroundRadius:0.025]]
[2020.03.02-05.42.58:703][  0]LogConfig: Applying CVar settings from Section [TextureQuality@3] File [G:/Johnson/Saved/Config/Windows/Scalability.ini]
[2020.03.02-05.42.58:703][  0]LogConfig: Setting CVar [[r.Streaming.MipBias:0]]
[2020.03.02-05.42.58:703][  0]LogConfig: Setting CVar [[r.Streaming.AmortizeCPUToGPUCopy:0]]
[2020.03.02-05.42.58:703][  0]LogConfig: Setting CVar [[r.Streaming.MaxNumTexturesToStreamPerFrame:0]]
[2020.03.02-05.42.58:703][  0]LogConfig: Setting CVar [[r.Streaming.Boost:1]]
[2020.03.02-05.42.58:703][  0]LogConfig: Setting CVar [[r.MaxAnisotropy:8]]
[2020.03.02-05.42.58:703][  0]LogConfig: Setting CVar [[r.Streaming.LimitPoolSizeToVRAM:0]]
[2020.03.02-05.42.58:703][  0]LogConfig: Setting CVar [[r.Streaming.PoolSize:1000]]
[2020.03.02-05.42.58:703][  0]LogConfig: Setting CVar [[r.Streaming.MaxEffectiveScreenSize:0]]
[2020.03.02-05.42.58:703][  0]LogConfig: Applying CVar settings from Section [EffectsQuality@3] File [G:/Johnson/Saved/Config/Windows/Scalability.ini]
[2020.03.02-05.42.58:703][  0]LogConfig: Setting CVar [[r.TranslucencyLightingVolumeDim:64]]
[2020.03.02-05.42.58:703][  0]LogConfig: Setting CVar [[r.RefractionQuality:2]]
[2020.03.02-05.42.58:703][  0]LogConfig: Setting CVar [[r.SSR.Quality:3]]
[2020.03.02-05.42.58:703][  0]LogConfig: Setting CVar [[r.SceneColorFormat:4]]
[2020.03.02-05.42.58:703][  0]LogConfig: Setting CVar [[r.DetailMode:2]]
[2020.03.02-05.42.58:703][  0]LogConfig: Setting CVar [[r.TranslucencyVolumeBlur:1]]
[2020.03.02-05.42.58:703][  0]LogConfig: Setting CVar [[r.MaterialQualityLevel:1 ; High quality]]
[2020.03.02-05.42.58:703][  0]LogConfig: Setting CVar [[r.SSS.Scale:1]]
[2020.03.02-05.42.58:703][  0]LogConfig: Setting CVar [[r.SSS.SampleSet:2]]
[2020.03.02-05.42.58:703][  0]LogConfig: Setting CVar [[r.SSS.Quality:1]]
[2020.03.02-05.42.58:703][  0]LogConfig: Setting CVar [[r.SSS.HalfRes:1]]
[2020.03.02-05.42.58:703][  0]LogConfig: Setting CVar [[r.EmitterSpawnRateScale:1.0]]
[2020.03.02-05.42.58:703][  0]LogConfig: Setting CVar [[r.ParticleLightQuality:2]]
[2020.03.02-05.42.58:703][  0]LogConfig: Applying CVar settings from Section [FoliageQuality@3] File [G:/Johnson/Saved/Config/Windows/Scalability.ini]
[2020.03.02-05.42.58:703][  0]LogConfig: Setting CVar [[foliage.DensityScale:1.0]]
[2020.03.02-05.42.58:703][  0]LogConfig: Setting CVar [[grass.DensityScale:1.0]]
[2020.03.02-05.42.58:703][  0]LogConfig: Applying CVar settings from Section [Startup] File [../../../Engine/Config/ConsoleVariables.ini]
[2020.03.02-05.42.58:704][  0]LogConfig: Setting CVar [[net.UseAdaptiveNetUpdateFrequency:0]]
[2020.03.02-05.42.58:704][  0]LogConfig: Applying CVar settings from Section [ConsoleVariables] File [G:/Johnson/Saved/Config/Windows/Engine.ini]
[2020.03.02-05.42.58:704][  0]LogInit: Computer: DESKTOP-6H6P7BF
[2020.03.02-05.42.58:704][  0]LogInit: User: Devlyn
[2020.03.02-05.42.58:704][  0]LogInit: CPU Page size=4096, Cores=4
[2020.03.02-05.42.58:704][  0]LogInit: High frequency timer resolution =10.000000 MHz
[2020.03.02-05.42.58:704][  0]LogMemory: Memory total: Physical=16.0GB (16GB approx)
[2020.03.02-05.42.58:704][  0]LogMemory: Platform Memory Stats for Windows
[2020.03.02-05.42.58:704][  0]LogMemory: Process Physical Memory: 106.50 MB used, 106.51 MB peak
[2020.03.02-05.42.58:704][  0]LogMemory: Process Virtual Memory: 93.86 MB used, 93.86 MB peak
[2020.03.02-05.42.58:704][  0]LogMemory: Physical Memory: 10608.77 MB used,  5758.34 MB free, 16367.11 MB total
[2020.03.02-05.42.58:704][  0]LogMemory: Virtual Memory: 4638.80 MB used,  134213088.00 MB free, 134217728.00 MB total
[2020.03.02-05.42.58:879][  0]LogInit: Using OS detected language (en-US).
[2020.03.02-05.42.58:879][  0]LogInit: Using OS detected locale (en-AU).
[2020.03.02-05.42.58:881][  0]LogTextLocalizationManager: No specific localization for 'en-US' exists, so the 'en' localization will be used.
[2020.03.02-05.42.59:295][  0]LogStreaming: Display: Took  0.416s to InitEngineTextLocalization.
[2020.03.02-05.42.59:303][  0]LogInit: Setting process to per monitor DPI aware
[2020.03.02-05.42.59:411][  0]LogSlate: New Slate User Created.  User Index 0, Is Virtual User: 0
[2020.03.02-05.42.59:411][  0]LogSlate: Slate User Registered.  User Index 0, Is Virtual User: 0
[2020.03.02-05.43.06:110][  0]LogHMD: Failed to initialize OpenVR with code 108
[2020.03.02-05.43.06:110][  0]LogD3D11RHI: D3D11 adapters:
[2020.03.02-05.43.06:149][  0]LogD3D11RHI:    0. 'Radeon RX 570 Series' (Feature Level 11_0)
[2020.03.02-05.43.06:149][  0]LogD3D11RHI:       4041/0/8183 MB DedicatedVideo/DedicatedSystem/SharedSystem, Outputs:2, VendorId:0x1002
[2020.03.02-05.43.06:155][  0]LogD3D11RHI:    1. 'Microsoft Basic Render Driver' (Feature Level 11_0)
[2020.03.02-05.43.06:155][  0]LogD3D11RHI:       0/0/8183 MB DedicatedVideo/DedicatedSystem/SharedSystem, Outputs:0, VendorId:0x1414
[2020.03.02-05.43.06:155][  0]LogD3D11RHI: Chosen D3D11 Adapter: 0
[2020.03.02-05.43.06:165][  0]LogD3D11RHI: Creating new Direct3DDevice
[2020.03.02-05.43.06:165][  0]LogD3D11RHI:     GPU DeviceId: 0x67df (for the marketing name, search the web for "GPU Device Id")
[2020.03.02-05.43.06:165][  0]LogWindows: EnumDisplayDevices:
[2020.03.02-05.43.06:165][  0]LogWindows:    0. 'Radeon RX 570 Series' (P:1 D:1)
[2020.03.02-05.43.06:165][  0]LogWindows:    1. 'Radeon RX 570 Series' (P:0 D:1)
[2020.03.02-05.43.06:166][  0]LogWindows:    2. 'Radeon RX 570 Series' (P:0 D:0)
[2020.03.02-05.43.06:166][  0]LogWindows:    3. 'Radeon RX 570 Series' (P:0 D:0)
[2020.03.02-05.43.06:167][  0]LogWindows:    4. 'Radeon RX 570 Series' (P:0 D:0)
[2020.03.02-05.43.06:167][  0]LogWindows:    5. 'Radeon RX 570 Series' (P:0 D:0)
[2020.03.02-05.43.06:168][  0]LogWindows:    6. 'Radeon RX 570 Series' (P:0 D:0)
[2020.03.02-05.43.06:168][  0]LogWindows:    7. 'Radeon RX 570 Series' (P:0 D:0)
[2020.03.02-05.43.06:168][  0]LogWindows: DebugString: FoundDriverCount:8 
[2020.03.02-05.43.06:168][  0]LogD3D11RHI:     Adapter Name: Radeon RX 570 Series
[2020.03.02-05.43.06:168][  0]LogD3D11RHI:   Driver Version: Adrenalin 19.20 (internal:26.20.12028.2, unified:26.20.12028.2)
[2020.03.02-05.43.06:168][  0]LogD3D11RHI:      Driver Date: 8-16-2019
[2020.03.02-05.43.06:168][  0]LogRHI: Texture pool is 2828 MB (70% of 4041 MB)
[2020.03.02-05.43.06:288][  0]LogD3D11RHI: Async texture creation enabled
[2020.03.02-05.43.06:300][  0]LogD3D11RHI: GPU Timing Frequency: 25.000000 (Debug: 2 1)
[2020.03.02-05.43.06:931][  0]LogTemp: Display: Loaded TP AllDesktopTargetPlatform
[2020.03.02-05.43.06:969][  0]LogTemp: Display: Loaded TP MacClientTargetPlatform
[2020.03.02-05.43.07:030][  0]LogTemp: Display: Loaded TP MacNoEditorTargetPlatform
[2020.03.02-05.43.07:046][  0]LogTemp: Display: Loaded TP MacServerTargetPlatform
[2020.03.02-05.43.07:090][  0]LogTemp: Display: Loaded TP MacTargetPlatform
[2020.03.02-05.43.07:118][  0]LogTemp: Display: Loaded TP WindowsClientTargetPlatform
[2020.03.02-05.43.07:156][  0]LogTemp: Display: Loaded TP WindowsNoEditorTargetPlatform
[2020.03.02-05.43.07:214][  0]LogTemp: Display: Loaded TP WindowsServerTargetPlatform
[2020.03.02-05.43.07:254][  0]LogTemp: Display: Loaded TP WindowsTargetPlatform
[2020.03.02-05.43.07:365][  0]LogTemp: Display: Loaded TP AndroidTargetPlatform
[2020.03.02-05.43.07:365][  0]LogTemp: Display: Loaded TP AndroidTargetPlatform
[2020.03.02-05.43.07:365][  0]LogTemp: Display: Loaded TP AndroidTargetPlatform
[2020.03.02-05.43.07:365][  0]LogTemp: Display: Loaded TP AndroidTargetPlatform
[2020.03.02-05.43.07:365][  0]LogTemp: Display: Loaded TP AndroidTargetPlatform
[2020.03.02-05.43.07:365][  0]LogTemp: Display: Loaded TP AndroidTargetPlatform
[2020.03.02-05.43.07:365][  0]LogTemp: Display: Loaded TP AndroidTargetPlatform
[2020.03.02-05.43.07:365][  0]LogTemp: Display: Loaded TP AndroidTargetPlatform
[2020.03.02-05.43.07:365][  0]LogTemp: Display: Loaded TP AndroidTargetPlatform
[2020.03.02-05.43.07:365][  0]LogTemp: Display: Loaded TP AndroidTargetPlatform
[2020.03.02-05.43.07:365][  0]LogTemp: Display: Loaded TP AndroidTargetPlatform
[2020.03.02-05.43.07:365][  0]LogTemp: Display: Loaded TP AndroidTargetPlatform
[2020.03.02-05.43.07:365][  0]LogTemp: Display: Loaded TP AndroidTargetPlatform
[2020.03.02-05.43.07:365][  0]LogTemp: Display: Loaded TP AndroidTargetPlatform
[2020.03.02-05.43.07:365][  0]LogTemp: Display: Loaded TP AndroidTargetPlatform
[2020.03.02-05.43.07:365][  0]LogTemp: Display: Loaded TP AndroidTargetPlatform
[2020.03.02-05.43.07:365][  0]LogTemp: Display: Loaded TP AndroidTargetPlatform
[2020.03.02-05.43.07:365][  0]LogTemp: Display: Loaded TP AndroidTargetPlatform
[2020.03.02-05.43.07:367][  0]LogTemp: Display: Loaded TP HTML5TargetPlatform
[2020.03.02-05.43.07:496][  0]LogTemp: Display: Loaded TP IOSTargetPlatform
[2020.03.02-05.43.07:496][  0]LogTemp: Display: Loaded TP IOSTargetPlatform
[2020.03.02-05.43.07:525][  0]LogTemp: Display: Loaded TP TVOSTargetPlatform
[2020.03.02-05.43.07:525][  0]LogTemp: Display: Loaded TP TVOSTargetPlatform
[2020.03.02-05.43.07:544][  0]LogTemp: Display: Loaded TP LinuxClientTargetPlatform
[2020.03.02-05.43.07:562][  0]LogTemp: Display: Loaded TP LinuxNoEditorTargetPlatform
[2020.03.02-05.43.07:578][  0]LogTemp: Display: Loaded TP LinuxServerTargetPlatform
[2020.03.02-05.43.07:603][  0]LogTemp: Display: Loaded TP LinuxTargetPlatform
[2020.03.02-05.43.07:668][  0]LogTemp: Display: Loaded TP LuminTargetPlatform
[2020.03.02-05.43.07:668][  0]LogTemp: Display: Loaded TP LuminTargetPlatform
[2020.03.02-05.43.07:858][  0]LogTargetPlatformManager: Display: Building Assets For Windows
[2020.03.02-05.43.08:062][  0]LogShaderCompilers: Guid format shader working directory is 37 characters bigger than the processId version (G:/Johnson/Intermediate/Shaders/WorkingDirectory/8760/).
[2020.03.02-05.43.08:062][  0]LogShaderCompilers: Cleaned the shader compiler working directory 'C:/Users/Devlyn/AppData/Local/Temp/UnrealShaderWorkingDir/C4E272D845B81A87C1CE8FB1A5F1197C/'.
[2020.03.02-05.43.08:110][  0]LogXGEController: Cleaning working directory: C:/Users/Devlyn/AppData/Local/Temp/UnrealXGEWorkingDir/
[2020.03.02-05.43.08:110][  0]LogXGEController: Cannot use XGE Controller as Incredibuild is not installed on this machine.
[2020.03.02-05.43.08:110][  0]LogShaderCompilers: Cannot use XGE Shader Compiler as Incredibuild is not installed on this machine.
[2020.03.02-05.43.08:110][  0]LogShaderCompilers: Display: Using Local Shader Compiler.
[2020.03.02-05.43.09:060][  0]LogDerivedDataCache: Display: Max Cache Size: 512 MB
[2020.03.02-05.43.09:140][  0]LogDerivedDataCache: Loaded boot cache 0.08s 71MB C:/Users/Devlyn/AppData/Local/UnrealEngine/4.21/DerivedDataCache/Boot.ddc.
[2020.03.02-05.43.09:140][  0]LogDerivedDataCache: Display: Loaded Boot cache: C:/Users/Devlyn/AppData/Local/UnrealEngine/4.21/DerivedDataCache/Boot.ddc
[2020.03.02-05.43.09:140][  0]LogDerivedDataCache: FDerivedDataBackendGraph:  Pak pak cache file G:/Johnson/DerivedDataCache/DDC.ddp not found, will not use a pak cache.
[2020.03.02-05.43.09:140][  0]LogDerivedDataCache: Unable to find inner node Pak for hierarchical cache Hierarchy.
[2020.03.02-05.43.09:141][  0]LogDerivedDataCache: FDerivedDataBackendGraph:  CompressedPak pak cache file G:/Johnson/DerivedDataCache/Compressed.ddp not found, will not use a pak cache.
[2020.03.02-05.43.09:141][  0]LogDerivedDataCache: Unable to find inner node CompressedPak for hierarchical cache Hierarchy.
[2020.03.02-05.43.09:167][  0]LogDerivedDataCache: Display: Pak cache opened for reading ../../../Engine/DerivedDataCache/Compressed.ddp.
[2020.03.02-05.43.09:167][  0]LogDerivedDataCache: FDerivedDataBackendGraph:  EnterprisePak pak cache file ../../../Enterprise/DerivedDataCache/Compressed.ddp not found, will not use a pak cache.
[2020.03.02-05.43.09:167][  0]LogDerivedDataCache: Unable to find inner node EnterprisePak for hierarchical cache Hierarchy.
[2020.03.02-05.43.09:180][  0]LogDerivedDataCache: Using Local data cache path C:/Users/Devlyn/AppData/Local/UnrealEngine/Common/DerivedDataCache: Writable
[2020.03.02-05.43.09:180][  0]LogDerivedDataCache: Shared data cache path not found in *engine.ini, will not use an Shared cache.
[2020.03.02-05.43.09:180][  0]LogDerivedDataCache: Unable to find inner node Shared for hierarchical cache Hierarchy.
[2020.03.02-05.43.09:232][  0]LogMaterial: Verifying Global Shaders for PCD3D_SM5
[2020.03.02-05.43.09:236][  0]LogSlate: Using FreeType 2.6.0
[2020.03.02-05.43.09:296][  0]LogSlate: SlateFontServices - WITH_FREETYPE: 1, WITH_HARFBUZZ: 1
[2020.03.02-05.43.09:448][  0]LogAssetRegistry: FAssetRegistry took 0.0518 seconds to start up
[2020.03.02-05.43.10:063][  0]LogInit: Selected Device Profile: [Windows]
[2020.03.02-05.43.10:286][  0]LogSimplygon: Simplygon DLL not present - disabling.
[2020.03.02-05.43.10:328][  0]LogMeshReduction: Using SimplygonSwarm for distributed automatic mesh merging
[2020.03.02-05.43.10:328][  0]LogMeshReduction: Using ProxyLODMeshReduction for automatic mesh merging
[2020.03.02-05.43.10:328][  0]LogMeshReduction: Using QuadricMeshReduction for automatic static mesh reduction
[2020.03.02-05.43.10:328][  0]LogMeshReduction: No automatic skeletal mesh reduction module available
[2020.03.02-05.43.10:482][  0]LogNetVersion: Johnson 1.0.0, NetCL: 4541578, EngineNetVer: 5, GameNetVer: 0 (Checksum: 125737196)
[2020.03.02-05.43.11:780][  0]LogPackageLocalizationCache: Processed 11 localized package path(s) for 2 prioritized culture(s) in 0.566989 seconds
[2020.03.02-05.43.11:789][  0]LogUObjectArray: 39775 objects as part of root set at end of initial load.
[2020.03.02-05.43.11:789][  0]LogUObjectAllocator: 6914656 out of 0 bytes used by permanent object pool.
[2020.03.02-05.43.11:789][  0]LogUObjectArray: CloseDisregardForGC: 0/0 objects in disregard for GC pool
[2020.03.02-05.43.13:656][  0]LogTcpMessaging: Initializing TcpMessaging bridge
[2020.03.02-05.43.13:682][  0]LogUdpMessaging: Initializing bridge on interface 0.0.0.0:0 to multicast group 230.0.0.1:6666.
[2020.03.02-05.43.14:896][  0]SourceControl: Source control is disabled
[2020.03.02-05.43.14:896][  0]SourceControl: Source control is disabled
[2020.03.02-05.43.14:925][  0]SourceControl: Source control is disabled
[2020.03.02-05.43.14:952][  0]SourceControl: Source control is disabled
[2020.03.02-05.43.15:542][  0]LogAndroidPermission: UAndroidPermissionCallbackProxy::GetInstance
[2020.03.02-05.43.15:910][  0]LogOcInput: OculusInput pre-init called
[2020.03.02-05.43.16:160][  0]LogEngine: Initializing Engine...
[2020.03.02-05.43.16:245][  0]LogHMD: Failed to initialize OpenVR with code 108
[2020.03.02-05.43.16:247][  0]LogStats: UGameplayTagsManager::ConstructGameplayTagTree: ImportINI prefixes -  0.000 s
[2020.03.02-05.43.16:247][  0]LogStats: UGameplayTagsManager::ConstructGameplayTagTree: Construct from data asset -  0.000 s
[2020.03.02-05.43.16:248][  0]LogStats: UGameplayTagsManager::ConstructGameplayTagTree: ImportINI -  0.000 s
[2020.03.02-05.43.16:248][  0]LogStats: UGameplayTagsManager::ConstructGameplayTagTree: GameplayTagTreeChangedEvent.Broadcast -  0.000 s
[2020.03.02-05.43.16:558][  0]LogInit: Initializing FReadOnlyCVARCache
[2020.03.02-05.43.16:608][  0]LogAIModule: Creating AISystem for world Untitled
[2020.03.02-05.43.16:728][  0]LogInit: XAudio2 using 'Headset Earphone (Corsair VOID PRO Surround USB Adapter)' : 2 channels at 48 kHz using 16 bits per sample (channel mask 0x3)
[2020.03.02-05.43.16:789][  0]LogInit: FAudioDevice initialized.
[2020.03.02-05.43.16:789][  0]LogNetVersion: Set ProjectVersion to 1.0.0.0. Version Checksum will be recalculated on next use.
[2020.03.02-05.43.16:874][  0]LogDerivedDataCache: Saved boot cache 0.08s 71MB C:/Users/Devlyn/AppData/Local/UnrealEngine/4.21/DerivedDataCache/Boot.ddc.
[2020.03.02-05.43.16:881][  0]LogInit: Texture streaming: Enabled
[2020.03.02-05.43.16:968][  0]LogEngineSessionManager: EngineSessionManager initialized
[2020.03.02-05.43.16:989][  0]LogInit: Transaction tracking system initialized
[2020.03.02-05.43.17:072][  0]BlueprintLog: New page: Editor Load
[2020.03.02-05.43.17:416][  0]LocalizationService: Localization service is disabled
[2020.03.02-05.43.18:801][  0]LogCook: Display: Max memory allowance for cook 16384mb min free memory 0mb
[2020.03.02-05.43.18:801][  0]LogCook: Display: Mobile HDR setting 1
[2020.03.02-05.43.18:801][  0]LogGameplayTags: Display: UGameplayTagsManager::DoneAddingNativeTags. DelegateIsBound: 0
[2020.03.02-05.43.18:801][  0]LogStats: UGameplayTagsManager::ConstructGameplayTagTree: ImportINI prefixes -  0.000 s
[2020.03.02-05.43.18:801][  0]LogStats: UGameplayTagsManager::ConstructGameplayTagTree: Construct from data asset -  0.000 s
[2020.03.02-05.43.18:802][  0]LogStats: UGameplayTagsManager::ConstructGameplayTagTree: ImportINI -  0.000 s
[2020.03.02-05.43.18:802][  0]LogStats: UGameplayTagsManager::ConstructGameplayTagTree: GameplayTagTreeChangedEvent.Broadcast -  0.000 s
[2020.03.02-05.43.19:222][  0]LogFileCache: Scanning file cache for directory 'G:/Johnson/Content/' took 0.04s
[2020.03.02-05.43.19:222][  0]SourceControl: Source control is disabled
[2020.03.02-05.43.19:222][  0]Cmd: MAP LOAD FILE="G:/Johnson/Content/Map/TestingLevel.umap" TEMPLATE=0 SHOWPROGRESS=1 FEATURELEVEL=3
[2020.03.02-05.43.19:223][  0]LogEditorServer: Warning: Can't find file 'G:/Johnson/Content/Map/TestingLevel.umap'
[2020.03.02-05.43.19:223][  0]Cmd: MAP CHECKDEP NOCLEARLOG
[2020.03.02-05.43.19:223][  0]MapCheck: Map check complete: 0 Error(s), 0 Warning(s), took 0.256ms to complete.
[2020.03.02-05.43.19:223][  0]LogFileHelpers: Loading map 'TestingLevel' took 0.001
[2020.03.02-05.43.19:368][  0]LogSlate: Updating window title bar state: overlay mode, drag disabled, window buttons hidden, title bar hidden
[2020.03.02-05.43.19:378][  0]LogSlate: Updating window title bar state: overlay mode, drag disabled, window buttons hidden, title bar hidden
[2020.03.02-05.43.19:389][  0]LogSlate: Updating window title bar state: overlay mode, drag disabled, window buttons hidden, title bar hidden
[2020.03.02-05.43.19:398][  0]LogSlate: Updating window title bar state: overlay mode, drag disabled, window buttons hidden, title bar hidden
[2020.03.02-05.43.19:443][  0]LogCollectionManager: Loaded 0 collections in 0.001579 seconds
[2020.03.02-05.43.19:460][  0]LogFileCache: Scanning file cache for directory 'G:/Johnson/Saved/Collections/' took 0.01s
[2020.03.02-05.43.19:460][  0]LogFileCache: Scanning file cache for directory 'G:/Johnson/Content/Developers/Devlyn/Collections/' took 0.00s
[2020.03.02-05.43.19:460][  0]LogFileCache: Scanning file cache for directory 'G:/Johnson/Content/Collections/' took 0.00s
[2020.03.02-05.43.19:460][  0]LogCollectionManager: Rebuilt the GUID cache for 0 collections in 0.000001 seconds
[2020.03.02-05.43.19:473][  0]LogContentBrowser: Native class hierarchy populated in 0.0129 seconds. Added 2651 classes and 620 folders.
[2020.03.02-05.43.19:498][  0]LogContentBrowser: Native class hierarchy updated for 'WidgetCarousel' in 0.0005 seconds. Added 0 classes and 0 folders.
[2020.03.02-05.43.19:501][  0]LogPakFile: Registered encryption key '00000000000000000000000000000000': 0 pak files mounted, 0 remain pending
[2020.03.02-05.43.19:502][  0]LogPakFile: Registered encryption key '00000000000000000000000000000000': 0 pak files mounted, 0 remain pending
[2020.03.02-05.43.19:502][  0]LogPakFile: Registered encryption key '00000000000000000000000000000000': 0 pak files mounted, 0 remain pending
[2020.03.02-05.43.19:503][  0]LogPakFile: Registered encryption key '00000000000000000000000000000000': 0 pak files mounted, 0 remain pending
[2020.03.02-05.43.19:504][  0]LogPakFile: Registered encryption key '00000000000000000000000000000000': 0 pak files mounted, 0 remain pending
[2020.03.02-05.43.19:505][  0]LogPakFile: Registered encryption key '00000000000000000000000000000000': 0 pak files mounted, 0 remain pending
[2020.03.02-05.43.19:505][  0]LogPakFile: Registered encryption key '00000000000000000000000000000000': 0 pak files mounted, 0 remain pending
[2020.03.02-05.43.19:506][  0]LogPakFile: Registered encryption key '00000000000000000000000000000000': 0 pak files mounted, 0 remain pending
[2020.03.02-05.43.19:507][  0]LogPakFile: Registered encryption key '00000000000000000000000000000000': 0 pak files mounted, 0 remain pending
[2020.03.02-05.43.19:508][  0]LogPakFile: Registered encryption key '00000000000000000000000000000000': 0 pak files mounted, 0 remain pending
[2020.03.02-05.43.19:508][  0]LogPakFile: Registered encryption key '00000000000000000000000000000000': 0 pak files mounted, 0 remain pending
[2020.03.02-05.43.19:509][  0]LogPakFile: Registered encryption key '00000000000000000000000000000000': 0 pak files mounted, 0 remain pending
[2020.03.02-05.43.19:510][  0]LogPakFile: Registered encryption key '00000000000000000000000000000000': 0 pak files mounted, 0 remain pending
[2020.03.02-05.43.19:511][  0]LogPakFile: Registered encryption key '00000000000000000000000000000000': 0 pak files mounted, 0 remain pending
[2020.03.02-05.43.19:511][  0]LogPakFile: Registered encryption key '00000000000000000000000000000000': 0 pak files mounted, 0 remain pending
[2020.03.02-05.43.19:512][  0]LogPakFile: Registered encryption key '00000000000000000000000000000000': 0 pak files mounted, 0 remain pending
[2020.03.02-05.43.19:514][  0]LogPakFile: Registered encryption key '00000000000000000000000000000000': 0 pak files mounted, 0 remain pending
[2020.03.02-05.43.19:515][  0]LogPakFile: Registered encryption key '00000000000000000000000000000000': 0 pak files mounted, 0 remain pending
[2020.03.02-05.43.19:516][  0]LogPakFile: Registered encryption key '00000000000000000000000000000000': 0 pak files mounted, 0 remain pending
[2020.03.02-05.43.19:516][  0]LogPakFile: Registered encryption key '00000000000000000000000000000000': 0 pak files mounted, 0 remain pending
[2020.03.02-05.43.19:517][  0]LogPakFile: Registered encryption key '00000000000000000000000000000000': 0 pak files mounted, 0 remain pending
[2020.03.02-05.43.19:518][  0]LogPakFile: Registered encryption key '00000000000000000000000000000000': 0 pak files mounted, 0 remain pending
[2020.03.02-05.43.19:519][  0]LogPakFile: Registered encryption key '00000000000000000000000000000000': 0 pak files mounted, 0 remain pending
[2020.03.02-05.43.19:520][  0]LogPakFile: Registered encryption key '00000000000000000000000000000000': 0 pak files mounted, 0 remain pending
[2020.03.02-05.43.19:521][  0]LogPakFile: Registered encryption key '00000000000000000000000000000000': 0 pak files mounted, 0 remain pending
[2020.03.02-05.43.19:521][  0]LogPakFile: Registered encryption key '00000000000000000000000000000000': 0 pak files mounted, 0 remain pending
[2020.03.02-05.43.19:590][  0]LogContentBrowser: Native class hierarchy updated for 'AddContentDialog' in 0.0004 seconds. Added 0 classes and 0 folders.
[2020.03.02-05.43.19:632][  0]LogContentBrowser: Native class hierarchy updated for 'SceneOutliner' in 0.0005 seconds. Added 1 classes and 2 folders.
[2020.03.02-05.43.19:722][  0]LogSlate: Took 0.000263 seconds to synchronously load lazily loaded font '../../../Engine/Content/Slate/Fonts/Roboto-Regular.ttf' (155K)
[2020.03.02-05.43.19:725][  0]LogSlate: Took 0.000253 seconds to synchronously load lazily loaded font '../../../Engine/Content/Slate/Fonts/Roboto-Bold.ttf' (160K)
[2020.03.02-05.43.19:732][  0]LogSlate: Took 0.000287 seconds to synchronously load lazily loaded font '../../../Engine/Content/Editor/Slate/Fonts/FontAwesome.ttf' (139K)
[2020.03.02-05.43.19:833][  0]LogRenderer: Reallocating scene render targets to support 1208x652 Format 10 NumSamples 1 (Frame:1).
[2020.03.02-05.43.20:015][  0]LogContentBrowser: Native class hierarchy updated for 'HierarchicalLODOutliner' in 0.0004 seconds. Added 0 classes and 0 folders.
[2020.03.02-05.43.20:015][  0]LogLoad: (Engine Initialization) Total time: 27.25 seconds
[2020.03.02-05.43.20:015][  0]LogLoad: (Engine Initialization) Total Blueprint compile time: 0.00 seconds
[2020.03.02-05.43.20:070][  0]LogAssetRegistry: Asset discovery search completed in 10.6534 seconds
[2020.03.02-05.43.20:072][  0]LogCollectionManager: Rebuilt the object cache for 0 collections in 0.000001 seconds (found 0 objects)
[2020.03.02-05.43.20:072][  0]LogCollectionManager: Fixed up redirectors for 0 collections in 0.000048 seconds (updated 0 objects)
[2020.03.02-05.43.20:074][  0]LogContentStreaming: Texture pool size now 1000 MB
[2020.03.02-05.43.20:098][  0]LogSlate: Took 0.000280 seconds to synchronously load lazily loaded font '../../../Engine/Content/Slate/Fonts/Roboto-Light.ttf' (167K)
[2020.03.02-05.43.21:372][  4]LogSlate: Took 0.000293 seconds to synchronously load lazily loaded font '../../../Engine/Content/Slate/Fonts/Roboto-Light.ttf' (167K)
[2020.03.02-05.43.38:055][ 54]LogSlate: FSceneViewport::OnFocusLost() reason 0
[2020.03.02-05.43.51:594][583]LogAIModule: Creating AISystem for world TestingLevel
[2020.03.02-05.43.51:609][583]LogAssetEditorManager: Opening Asset editor for World /Game/Map/TestingWorld/TestingLevel.TestingLevel
[2020.03.02-05.43.51:632][583]Cmd: MAP LOAD FILE="G:/Johnson/Content/Map/TestingWorld/TestingLevel.umap" TEMPLATE=0 SHOWPROGRESS=1 FEATURELEVEL=3
[2020.03.02-05.43.51:632][583]LightingResults: New page: Lighting Build
[2020.03.02-05.43.51:659][583]LogContentBrowser: Native class hierarchy updated for 'StatsViewer' in 0.0004 seconds. Added 5 classes and 0 folders.
[2020.03.02-05.43.51:660][583]LoadErrors: New page: Loading map: TestingLevel.umap
[2020.03.02-05.43.51:660][583]MapCheck: New page: Map Check
[2020.03.02-05.43.51:660][583]LightingResults: New page: Lighting Build
[2020.03.02-05.43.51:767][583]LogEditorServer: Finished looking for orphan Actors (0.000 secs)
[2020.03.02-05.43.51:860][583]Cmd: MAP CHECKDEP NOCLEARLOG
[2020.03.02-05.43.51:862][583]MapCheck: Map check complete: 0 Error(s), 0 Warning(s), took 1.636ms to complete.
[2020.03.02-05.43.51:862][583]LogFileHelpers: Loading map 'TestingLevel' took 0.231
[2020.03.02-05.43.53:422][729]LogTemp: Repeating last play command: Selected Viewport
[2020.03.02-05.43.53:459][729]LogBlueprintUserMessages: Early PlayInEditor Detection: Level '/Game/Map/TestingWorld/TestingLevel.TestingLevel:PersistentLevel' has LevelScriptBlueprint '/Game/Map/TestingWorld/TestingLevel.TestingLevel:PersistentLevel.TestingLevel' with GeneratedClass '/Game/Map/TestingWorld/TestingLevel.TestingLevel_C' with ClassGeneratedBy '/Game/Map/TestingWorld/TestingLevel.TestingLevel:PersistentLevel.TestingLevel'
[2020.03.02-05.43.53:459][729]LogPlayLevel: PlayLevel: No blueprints needed recompiling
[2020.03.02-05.43.53:469][729]PIE: New page: PIE session: TestingLevel (3 Mar 2020 3:43:53 am)
[2020.03.02-05.43.53:481][729]LogPlayLevel: Creating play world package: /Game/Map/TestingWorld/UEDPIE_0_TestingLevel
[2020.03.02-05.43.53:488][729]LogPlayLevel: PIE: StaticDuplicateObject took: (0.006566s)
[2020.03.02-05.43.53:488][729]LogAIModule: Creating AISystem for world TestingLevel
[2020.03.02-05.43.53:488][729]LogPlayLevel: PIE: World Init took: (0.000636s)
[2020.03.02-05.43.53:489][729]LogPlayLevel: PIE: Created PIE world by copying editor world from /Game/Map/TestingWorld/TestingLevel.TestingLevel to /Game/Map/TestingWorld/UEDPIE_0_TestingLevel.TestingLevel (0.007627s)
[2020.03.02-05.43.53:606][729]LogInit: XAudio2 using 'Headset Earphone (Corsair VOID PRO Surround USB Adapter)' : 2 channels at 48 kHz using 16 bits per sample (channel mask 0x3)
[2020.03.02-05.43.53:622][729]LogInit: FAudioDevice initialized.
[2020.03.02-05.43.53:784][729]LogLoad: Game class is 'SinglePlayer_C'
[2020.03.02-05.43.53:788][729]LogWorld: Bringing World /Game/Map/TestingWorld/UEDPIE_0_TestingLevel.TestingLevel up for play (max tick rate 0) at 2020.03.02-16.43.53
[2020.03.02-05.43.53:788][729]LogWorld: Bringing up level for play took: 0.002749
[2020.03.02-05.43.53:871][729]LogContentBrowser: Native class hierarchy updated for 'MovieSceneCapture' in 0.0005 seconds. Added 20 classes and 0 folders.
[2020.03.02-05.43.53:871][729]LogGameMode: Display: Match State Changed from EnteringMap to WaitingToStart
[2020.03.02-05.43.53:871][729]LogGameState: Match State Changed from EnteringMap to WaitingToStart
[2020.03.02-05.43.53:871][729]LogGameMode: Display: Match State Changed from WaitingToStart to InProgress
[2020.03.02-05.43.53:882][729]LogGameState: Match State Changed from WaitingToStart to InProgress
[2020.03.02-05.43.53:882][729]PIE: Play in editor start time for /Game/Map/TestingWorld/UEDPIE_0_TestingLevel -0.293
[2020.03.02-05.43.53:882][729]LogBlueprintUserMessages: Late PlayInEditor Detection: Level '/Game/Map/TestingWorld/TestingLevel.TestingLevel:PersistentLevel' has LevelScriptBlueprint '/Game/Map/TestingWorld/TestingLevel.TestingLevel:PersistentLevel.TestingLevel' with GeneratedClass '/Game/Map/TestingWorld/TestingLevel.TestingLevel_C' with ClassGeneratedBy '/Game/Map/TestingWorld/TestingLevel.TestingLevel:PersistentLevel.TestingLevel'
[2020.03.02-05.47.59:094][590]LogD3D11RHI: Timed out while waiting for GPU to catch up. (0.5 s)
[2020.03.02-05.47.59:596][591]LogD3D11RHI: Timed out while waiting for GPU to catch up. (0.5 s)
[2020.03.02-05.48.00:097][591]LogD3D11RHI: Timed out while waiting for GPU to catch up. (0.5 s)
[2020.03.02-05.48.00:597][591]LogD3D11RHI: Timed out while waiting for GPU to catch up. (0.5 s)
[2020.03.02-05.48.01:095][591]LogD3D11RHI: Timed out while waiting for GPU to catch up. (0.5 s)
[2020.03.02-05.48.01:596][591]LogD3D11RHI: Timed out while waiting for GPU to catch up. (0.5 s)
[2020.03.02-05.48.02:096][591]LogD3D11RHI: Timed out while waiting for GPU to catch up. (0.5 s)
[2020.03.02-05.48.02:596][591]LogD3D11RHI: Timed out while waiting for GPU to catch up. (0.5 s)
[2020.03.02-05.48.03:096][591]LogD3D11RHI: Timed out while waiting for GPU to catch up. (0.5 s)
[2020.03.02-05.48.03:596][591]LogD3D11RHI: Timed out while waiting for GPU to catch up. (0.5 s)
[2020.03.02-05.48.04:097][591]LogD3D11RHI: Timed out while waiting for GPU to catch up. (0.5 s)
[2020.03.02-05.48.04:598][591]LogD3D11RHI: Timed out while waiting for GPU to catch up. (0.5 s)
[2020.03.02-05.48.05:097][591]LogD3D11RHI: Timed out while waiting for GPU to catch up. (0.5 s)
[2020.03.02-05.48.05:596][591]LogD3D11RHI: Timed out while waiting for GPU to catch up. (0.5 s)
[2020.03.02-05.48.06:098][591]LogD3D11RHI: Timed out while waiting for GPU to catch up. (0.5 s)
[2020.03.02-05.48.06:596][591]LogD3D11RHI: Timed out while waiting for GPU to catch up. (0.5 s)
[2020.03.02-05.48.07:096][591]LogD3D11RHI: Timed out while waiting for GPU to catch up. (0.5 s)
[2020.03.02-05.48.07:598][591]LogD3D11RHI: Timed out while waiting for GPU to catch up. (0.5 s)
[2020.03.02-05.48.08:097][591]LogD3D11RHI: Timed out while waiting for GPU to catch up. (0.5 s)
[2020.03.02-05.48.08:598][591]LogD3D11RHI: Timed out while waiting for GPU to catch up. (0.5 s)
[2020.03.02-05.48.09:096][591]LogD3D11RHI: Timed out while waiting for GPU to catch up. (0.5 s)
[2020.03.02-05.48.09:598][591]LogD3D11RHI: Timed out while waiting for GPU to catch up. (0.5 s)
[2020.03.02-05.48.10:097][591]LogD3D11RHI: Timed out while waiting for GPU to catch up. (0.5 s)
[2020.03.02-05.48.10:597][591]LogD3D11RHI: Timed out while waiting for GPU to catch up. (0.5 s)
[2020.03.02-05.48.11:098][591]LogD3D11RHI: Timed out while waiting for GPU to catch up. (0.5 s)
[2020.03.02-05.48.11:598][591]LogD3D11RHI: Timed out while waiting for GPU to catch up. (0.5 s)
[2020.03.02-05.48.12:098][591]LogD3D11RHI: Timed out while waiting for GPU to catch up. (0.5 s)
[2020.03.02-05.48.12:597][591]LogD3D11RHI: Timed out while waiting for GPU to catch up. (0.5 s)
[2020.03.02-05.48.13:097][591]LogD3D11RHI: Timed out while waiting for GPU to catch up. (0.5 s)
[2020.03.02-05.48.13:597][591]LogD3D11RHI: Timed out while waiting for GPU to catch up. (0.5 s)
[2020.03.02-05.48.14:097][591]LogD3D11RHI: Timed out while waiting for GPU to catch up. (0.5 s)
[2020.03.02-05.48.14:597][591]LogD3D11RHI: Timed out while waiting for GPU to catch up. (0.5 s)
[2020.03.02-05.48.15:099][591]LogD3D11RHI: Timed out while waiting for GPU to catch up. (0.5 s)
