Log file open, 03/02/20 17:05:43
LogWindows: Failed to load 'aqProf.dll' (GetLastError=126)
LogWindows: File 'aqProf.dll' does not exist
LogWindows: Failed to load 'VtuneApi.dll' (GetLastError=126)
LogWindows: File 'VtuneApi.dll' does not exist
LogWindows: Failed to load 'VtuneApi32e.dll' (GetLastError=126)
LogWindows: File 'VtuneApi32e.dll' does not exist
LogConsoleResponse: Display: Failed to find resolution value strings in scalability ini. Falling back to default.
LogInit: Display: Running engine for game: Johnson
LogPakFile: Registered encryption key '00000000000000000000000000000000': 0 pak files mounted, 0 remain pending
LogPlatformFile: Not using cached read wrapper
LogTaskGraph: Started task graph with 5 named threads and 23 total threads with 3 sets of task threads.
LogStats: Stats thread started at 5.244219
LogD3D11RHI: Loaded GFSDK_Aftermath_Lib.x64.dll
LogICUInternationalization: ICU TimeZone Detection - Raw Offset: +10:00, Platform Override: ''
LogPluginManager: Mounting plugin Paper2D
LogPluginManager: Mounting plugin AISupport
LogPluginManager: Mounting plugin LightPropagationVolume
LogPluginManager: Mounting plugin ActorLayerUtilities
LogPluginManager: Mounting plugin CLionSourceCodeAccess
LogPluginManager: Mounting plugin CodeLiteSourceCodeAccess
LogPluginManager: Mounting plugin GitSourceControl
LogPluginManager: Mounting plugin KDevelopSourceCodeAccess
LogPluginManager: Mounting plugin NullSourceCodeAccess
LogPluginManager: Mounting plugin PerforceSourceControl
LogPluginManager: Mounting plugin SubversionSourceControl
LogPluginManager: Mounting plugin UObjectPlugin
LogPluginManager: Mounting plugin VisualStudioCodeSourceCodeAccess
LogPluginManager: Mounting plugin VisualStudioSourceCodeAccess
LogPluginManager: Mounting plugin XCodeSourceCodeAccess
LogPluginManager: Mounting plugin AssetManagerEditor
LogPluginManager: Mounting plugin CryptoKeys
LogPluginManager: Mounting plugin DataValidation
LogPluginManager: Mounting plugin FacialAnimation
LogPluginManager: Mounting plugin GameplayTagsEditor
LogPluginManager: Mounting plugin MacGraphicsSwitching
LogPluginManager: Mounting plugin MeshEditor
LogPluginManager: Mounting plugin MobileLauncherProfileWizard
LogPluginManager: Mounting plugin PluginBrowser
LogPluginManager: Mounting plugin SpeedTreeImporter
LogPluginManager: Mounting plugin DatasmithContent
LogPluginManager: Mounting plugin VariantManagerContent
LogPluginManager: Mounting plugin AlembicImporter
LogPluginManager: Mounting plugin AppleImageUtils
LogPluginManager: Mounting plugin AppleVision
LogPluginManager: Mounting plugin BackChannel
LogPluginManager: Mounting plugin CharacterAI
LogPluginManager: Mounting plugin GeometryCache
LogPluginManager: Mounting plugin HTML5Networking
LogPluginManager: Mounting plugin ProxyLODPlugin
LogPluginManager: Mounting plugin MagicLeap
LogPluginManager: Mounting plugin MagicLeapMedia
LogPluginManager: Mounting plugin AndroidMedia
LogPluginManager: Mounting plugin AvfMedia
LogPluginManager: Mounting plugin ImgMedia
LogPluginManager: Mounting plugin LinearTimecode
LogPluginManager: Mounting plugin MediaCompositing
LogPluginManager: Mounting plugin MediaPlayerEditor
LogPluginManager: Mounting plugin WebMMedia
LogPluginManager: Mounting plugin WmfMedia
LogPluginManager: Mounting plugin TcpMessaging
LogPluginManager: Mounting plugin UdpMessaging
LogPluginManager: Mounting plugin ActorSequence
LogPluginManager: Mounting plugin LevelSequenceEditor
LogPluginManager: Mounting plugin MatineeToLevelSequence
LogPluginManager: Mounting plugin NetcodeUnitTest
LogPluginManager: Mounting plugin NUTUnrealEngine4
LogPluginManager: Mounting plugin OnlineSubsystemGooglePlay
LogPluginManager: Mounting plugin OnlineSubsystemIOS
LogPluginManager: Mounting plugin OnlineSubsystem
LogPluginManager: Mounting plugin OnlineSubsystemNull
LogPluginManager: Mounting plugin OnlineSubsystemUtils
LogPluginManager: Mounting plugin LauncherChunkInstaller
LogPluginManager: Mounting plugin AndroidDeviceProfileSelector
LogPluginManager: Mounting plugin AndroidMoviePlayer
LogPluginManager: Mounting plugin AndroidPermission
LogPluginManager: Mounting plugin AppleMoviePlayer
LogPluginManager: Mounting plugin ArchVisCharacter
LogPluginManager: Mounting plugin AudioCapture
LogPluginManager: Mounting plugin CableComponent
LogPluginManager: Mounting plugin CustomMeshComponent
LogPluginManager: Mounting plugin EditableMesh
LogPluginManager: Mounting plugin ExampleDeviceProfileSelector
LogPluginManager: Mounting plugin Firebase
LogPluginManager: Mounting plugin GoogleCloudMessaging
LogPluginManager: Mounting plugin IOSDeviceProfileSelector
LogPluginManager: Mounting plugin LinuxDeviceProfileSelector
LogPluginManager: Mounting plugin LocationServicesBPLibrary
LogPluginManager: Mounting plugin MobilePatchingUtils
LogPluginManager: Mounting plugin OculusVR
LogPluginManager: Mounting plugin PhysXVehicles
LogPluginManager: Mounting plugin ProceduralMeshComponent
LogPluginManager: Mounting plugin RuntimePhysXCooking
LogPluginManager: Mounting plugin SteamVR
LogPluginManager: Mounting plugin WebMMoviePlayer
LogPluginManager: Mounting plugin WindowsMoviePlayer
LogStreaming: Display: Took  0.505s to configure plugins.
LogInit: Using libcurl 7.55.1-DEV
LogInit:  - built for x86_64-pc-win32
LogInit:  - supports SSL with OpenSSL/1.0.2h
LogInit:  - supports HTTP deflate (compression) using libz 1.2.8
LogInit:  - other features:
LogInit:      CURL_VERSION_SSL
LogInit:      CURL_VERSION_LIBZ
LogInit:      CURL_VERSION_IPV6
LogInit:      CURL_VERSION_ASYNCHDNS
LogInit:      CURL_VERSION_LARGEFILE
LogInit:      CURL_VERSION_IDN
LogInit:  CurlRequestOptions (configurable via config and command line):
LogInit:  - bVerifyPeer = true  - Libcurl will verify peer certificate
LogInit:  - bUseHttpProxy = false  - Libcurl will NOT use HTTP proxy
LogInit:  - bDontReuseConnections = false  - Libcurl will reuse connections
LogInit:  - MaxHostConnections = 16  - Libcurl will limit the number of connections to a host
LogInit:  - LocalHostAddr = Default
LogInit:  - BufferSize = 65536
LogInit: WinSock: version 1.1 (2.2), MaxSocks=32767, MaxUdp=65467
LogInit: Build: ++UE4+Release-4.21-CL-4753647
LogInit: Engine Version: 4.21.2-4753647+++UE4+Release-4.21
LogInit: Compatible Engine Version: 4.21.0-4541578+++UE4+Release-4.21
LogInit: Net CL: 4541578
LogInit: OS: Windows 10 (), CPU:        Intel(R) Core(TM) i7-2600K CPU @ 3.40GHz, GPU: Radeon RX 570 Series
LogInit: Compiled (64-bit): Jan 19 2019 02:07:31
LogInit: Compiled with Visual C++: 19.13.26129.00
LogInit: Build Configuration: Development
LogInit: Branch Name: ++UE4+Release-4.21
LogInit: Command Line: 
LogInit: Base Directory: D:/UE_4.21/Engine/Binaries/Win64/
LogInit: Installed Engine Build: 1
LogDevObjectVersion: Number of dev versions registered: 22
LogDevObjectVersion:   Dev-Blueprints (B0D832E4-1F89-4F0D-ACCF-7EB736FD4AA2): 10
LogDevObjectVersion:   Dev-Build (E1C64328-A22C-4D53-A36C-8E866417BD8C): 0
LogDevObjectVersion:   Dev-Core (375EC13C-06E4-48FB-B500-84F0262A717E): 2
LogDevObjectVersion:   Dev-Editor (E4B068ED-F494-42E9-A231-DA0B2E46BB41): 26
LogDevObjectVersion:   Dev-Framework (CFFC743F-43B0-4480-9391-14DF171D2073): 34
LogDevObjectVersion:   Dev-Mobile (B02B49B5-BB20-44E9-A304-32B752E40360): 2
LogDevObjectVersion:   Dev-Networking (A4E4105C-59A1-49B5-A7C5-40C4547EDFEE): 0
LogDevObjectVersion:   Dev-Online (39C831C9-5AE6-47DC-9A44-9C173E1C8E7C): 0
LogDevObjectVersion:   Dev-Physics (78F01B33-EBEA-4F98-B9B4-84EACCB95AA2): 0
LogDevObjectVersion:   Dev-Platform (6631380F-2D4D-43E0-8009-CF276956A95A): 0
LogDevObjectVersion:   Dev-Rendering (12F88B9F-8875-4AFC-A67C-D90C383ABD29): 27
LogDevObjectVersion:   Dev-Sequencer (7B5AE74C-D270-4C10-A958-57980B212A5A): 9
LogDevObjectVersion:   Dev-VR (D7296918-1DD6-4BDD-9DE2-64A83CC13884): 2
LogDevObjectVersion:   Dev-LoadTimes (C2A15278-BFE7-4AFE-6C17-90FF531DF755): 1
LogDevObjectVersion:   Private-Geometry (6EACA3D4-40EC-4CC1-B786-8BED09428FC5): 3
LogDevObjectVersion:   Dev-AnimPhys (29E575DD-E0A3-4627-9D10-D276232CDCEA): 17
LogDevObjectVersion:   Dev-Anim (AF43A65D-7FD3-4947-9873-3E8ED9C1BB05): 2
LogDevObjectVersion:   Dev-ReflectionCapture (6B266CEC-1EC7-4B8F-A30B-E4D90942FC07): 1
LogDevObjectVersion:   Dev-Automation (0DF73D61-A23F-47EA-B727-89E90C41499A): 1
LogDevObjectVersion:   FortniteMain (601D1886-AC64-4F84-AA16-D3DE0DEAC7D6): 17
LogDevObjectVersion:   Dev-Enterprise (9DFFBCD6-494F-0158-E221-12823C92A888): 4
LogDevObjectVersion:   Dev-Niagara (F2AED0AC-9AFE-416F-8664-AA7FFA26D6FC): 1
LogStreaming: Display: Took  0.001s to delete old logs.
LogInit: Presizing for max 8388607 objects, including 0 objects not considered by GC, pre-allocating 0 bytes for permanent pool.
LogInit: Object subsystem initialized
LogConfig: Setting CVar [[con.DebugEarlyDefault:1]]
LogConfig: Setting CVar [[r.setres:1280x720]]
[2020.03.02-06.05.45:993][  0]LogConfig: Setting CVar [[r.VSync:0]]
[2020.03.02-06.05.45:993][  0]LogConfig: Setting CVar [[r.RHICmdBypass:0]]
[2020.03.02-06.05.45:993][  0]LogConfig: Applying CVar settings from Section [/Script/Engine.RendererSettings] File [G:/Johnson/Saved/Config/Windows/Engine.ini]
[2020.03.02-06.05.45:993][  0]LogConfig: Setting CVar [[r.GPUCrashDebugging:0]]
[2020.03.02-06.05.45:993][  0]LogConfig: Applying CVar settings from Section [/Script/Engine.RendererOverrideSettings] File [G:/Johnson/Saved/Config/Windows/Engine.ini]
[2020.03.02-06.05.45:993][  0]LogConfig: Applying CVar settings from Section [/Script/Engine.StreamingSettings] File [G:/Johnson/Saved/Config/Windows/Engine.ini]
[2020.03.02-06.05.45:993][  0]LogConfig: Setting CVar [[s.MinBulkDataSizeForAsyncLoading:131072]]
[2020.03.02-06.05.45:994][  0]LogConfig: Setting CVar [[s.AsyncLoadingThreadEnabled:0]]
[2020.03.02-06.05.45:994][  0]LogConfig: Setting CVar [[s.EventDrivenLoaderEnabled:1]]
[2020.03.02-06.05.45:994][  0]LogConfig: Setting CVar [[s.WarnIfTimeLimitExceeded:0]]
[2020.03.02-06.05.45:994][  0]LogConfig: Setting CVar [[s.TimeLimitExceededMultiplier:1.5]]
[2020.03.02-06.05.45:994][  0]LogConfig: Setting CVar [[s.TimeLimitExceededMinTime:0.005]]
[2020.03.02-06.05.45:994][  0]LogConfig: Setting CVar [[s.UseBackgroundLevelStreaming:1]]
[2020.03.02-06.05.45:994][  0]LogConfig: Setting CVar [[s.PriorityAsyncLoadingExtraTime:15.0]]
[2020.03.02-06.05.45:994][  0]LogConfig: Setting CVar [[s.LevelStreamingActorsUpdateTimeLimit:5.0]]
[2020.03.02-06.05.45:994][  0]LogConfig: Setting CVar [[s.PriorityLevelStreamingActorsUpdateExtraTime:5.0]]
[2020.03.02-06.05.45:994][  0]LogConfig: Setting CVar [[s.LevelStreamingComponentsRegistrationGranularity:10]]
[2020.03.02-06.05.45:994][  0]LogConfig: Setting CVar [[s.UnregisterComponentsTimeLimit:1.0]]
[2020.03.02-06.05.45:994][  0]LogConfig: Setting CVar [[s.LevelStreamingComponentsUnregistrationGranularity:5]]
[2020.03.02-06.05.45:994][  0]LogConfig: Applying CVar settings from Section [/Script/Engine.GarbageCollectionSettings] File [G:/Johnson/Saved/Config/Windows/Engine.ini]
[2020.03.02-06.05.45:994][  0]LogConfig: Setting CVar [[gc.MaxObjectsNotConsideredByGC:1]]
[2020.03.02-06.05.45:994][  0]LogConfig: Setting CVar [[gc.SizeOfPermanentObjectPool:0]]
[2020.03.02-06.05.45:994][  0]LogConfig: Setting CVar [[gc.FlushStreamingOnGC:0]]
[2020.03.02-06.05.45:994][  0]LogConfig: Setting CVar [[gc.NumRetriesBeforeForcingGC:10]]
[2020.03.02-06.05.45:994][  0]LogConfig: Setting CVar [[gc.AllowParallelGC:1]]
[2020.03.02-06.05.45:994][  0]LogConfig: Setting CVar [[gc.TimeBetweenPurgingPendingKillObjects:61.1]]
[2020.03.02-06.05.45:994][  0]LogConfig: Setting CVar [[gc.MaxObjectsInEditor:8388607]]
[2020.03.02-06.05.45:994][  0]LogConfig: Setting CVar [[gc.IncrementalBeginDestroyEnabled:1]]
[2020.03.02-06.05.45:994][  0]LogConfig: Setting CVar [[gc.CreateGCClusters:1]]
[2020.03.02-06.05.45:994][  0]LogConfig: Setting CVar [[gc.MergeGCClusters:0]]
[2020.03.02-06.05.45:994][  0]LogConfig: Setting CVar [[gc.MinGCClusterSize:5]]
[2020.03.02-06.05.45:994][  0]LogConfig: Setting CVar [[gc.ActorClusteringEnabled:0]]
[2020.03.02-06.05.45:994][  0]LogConfig: Setting CVar [[gc.BlueprintClusteringEnabled:0]]
[2020.03.02-06.05.45:994][  0]LogConfig: Setting CVar [[gc.UseDisregardForGCOnDedicatedServers:0]]
[2020.03.02-06.05.45:994][  0]LogConfig: Applying CVar settings from Section [/Script/Engine.NetworkSettings] File [G:/Johnson/Saved/Config/Windows/Engine.ini]
[2020.03.02-06.05.45:994][  0]LogConfig: Applying CVar settings from Section [/Script/UnrealEd.CookerSettings] File [G:/Johnson/Saved/Config/Windows/Engine.ini]
[2020.03.02-06.05.46:080][  0]LogConfig: Applying CVar settings from Section [ViewDistanceQuality@3] File [G:/Johnson/Saved/Config/Windows/Scalability.ini]
[2020.03.02-06.05.46:080][  0]LogConfig: Setting CVar [[r.SkeletalMeshLODBias:0]]
[2020.03.02-06.05.46:080][  0]LogConfig: Setting CVar [[r.ViewDistanceScale:1.0]]
[2020.03.02-06.05.46:080][  0]LogConfig: Applying CVar settings from Section [AntiAliasingQuality@3] File [G:/Johnson/Saved/Config/Windows/Scalability.ini]
[2020.03.02-06.05.46:080][  0]LogConfig: Setting CVar [[r.PostProcessAAQuality:4]]
[2020.03.02-06.05.46:080][  0]LogConfig: Applying CVar settings from Section [ShadowQuality@3] File [G:/Johnson/Saved/Config/Windows/Scalability.ini]
[2020.03.02-06.05.46:080][  0]LogConfig: Setting CVar [[r.LightFunctionQuality:1]]
[2020.03.02-06.05.46:080][  0]LogConfig: Setting CVar [[r.ShadowQuality:5]]
[2020.03.02-06.05.46:080][  0]LogConfig: Setting CVar [[r.Shadow.CSM.MaxCascades:10]]
[2020.03.02-06.05.46:080][  0]LogConfig: Setting CVar [[r.Shadow.MaxResolution:2048]]
[2020.03.02-06.05.46:080][  0]LogConfig: Setting CVar [[r.Shadow.MaxCSMResolution:2048]]
[2020.03.02-06.05.46:080][  0]LogConfig: Setting CVar [[r.Shadow.RadiusThreshold:0.01]]
[2020.03.02-06.05.46:080][  0]LogConfig: Setting CVar [[r.Shadow.DistanceScale:1.0]]
[2020.03.02-06.05.46:080][  0]LogConfig: Setting CVar [[r.Shadow.CSM.TransitionScale:1.0]]
[2020.03.02-06.05.46:080][  0]LogConfig: Setting CVar [[r.Shadow.PreShadowResolutionFactor:1.0]]
[2020.03.02-06.05.46:080][  0]LogConfig: Setting CVar [[r.DistanceFieldShadowing:1]]
[2020.03.02-06.05.46:080][  0]LogConfig: Setting CVar [[r.DistanceFieldAO:1]]
[2020.03.02-06.05.46:080][  0]LogConfig: Setting CVar [[r.AOQuality:2]]
[2020.03.02-06.05.46:080][  0]LogConfig: Setting CVar [[r.VolumetricFog:1]]
[2020.03.02-06.05.46:080][  0]LogConfig: Setting CVar [[r.VolumetricFog.GridPixelSize:8]]
[2020.03.02-06.05.46:080][  0]LogConfig: Setting CVar [[r.VolumetricFog.GridSizeZ:128]]
[2020.03.02-06.05.46:080][  0]LogConfig: Setting CVar [[r.VolumetricFog.HistoryMissSupersampleCount:4]]
[2020.03.02-06.05.46:080][  0]LogConfig: Setting CVar [[r.LightMaxDrawDistanceScale:1]]
[2020.03.02-06.05.46:080][  0]LogConfig: Setting CVar [[r.CapsuleShadows:1]]
[2020.03.02-06.05.46:081][  0]LogConfig: Applying CVar settings from Section [PostProcessQuality@3] File [G:/Johnson/Saved/Config/Windows/Scalability.ini]
[2020.03.02-06.05.46:081][  0]LogConfig: Setting CVar [[r.MotionBlurQuality:4]]
[2020.03.02-06.05.46:081][  0]LogConfig: Setting CVar [[r.AmbientOcclusionMipLevelFactor:0.4]]
[2020.03.02-06.05.46:081][  0]LogConfig: Setting CVar [[r.AmbientOcclusionMaxQuality:100]]
[2020.03.02-06.05.46:081][  0]LogConfig: Setting CVar [[r.AmbientOcclusionLevels:-1]]
[2020.03.02-06.05.46:081][  0]LogConfig: Setting CVar [[r.AmbientOcclusionRadiusScale:1.0]]
[2020.03.02-06.05.46:081][  0]LogConfig: Setting CVar [[r.DepthOfFieldQuality:2]]
[2020.03.02-06.05.46:081][  0]LogConfig: Setting CVar [[r.RenderTargetPoolMin:400]]
[2020.03.02-06.05.46:081][  0]LogConfig: Setting CVar [[r.LensFlareQuality:2]]
[2020.03.02-06.05.46:081][  0]LogConfig: Setting CVar [[r.SceneColorFringeQuality:1]]
[2020.03.02-06.05.46:081][  0]LogConfig: Setting CVar [[r.EyeAdaptationQuality:2]]
[2020.03.02-06.05.46:081][  0]LogConfig: Setting CVar [[r.BloomQuality:5]]
[2020.03.02-06.05.46:081][  0]LogConfig: Setting CVar [[r.FastBlurThreshold:100]]
[2020.03.02-06.05.46:081][  0]LogConfig: Setting CVar [[r.Upscale.Quality:3]]
[2020.03.02-06.05.46:081][  0]LogConfig: Setting CVar [[r.Tonemapper.GrainQuantization:1]]
[2020.03.02-06.05.46:081][  0]LogConfig: Setting CVar [[r.LightShaftQuality:1]]
[2020.03.02-06.05.46:081][  0]LogConfig: Setting CVar [[r.Filter.SizeScale:1]]
[2020.03.02-06.05.46:081][  0]LogConfig: Setting CVar [[r.Tonemapper.Quality:5]]
[2020.03.02-06.05.46:081][  0]LogConfig: Setting CVar [[r.DOF.Gather.AccumulatorQuality:1        ; higher gathering accumulator quality]]
[2020.03.02-06.05.46:081][  0]LogConfig: Setting CVar [[r.DOF.Gather.PostfilterMethod:1          ; Median3x3 postfilering method]]
[2020.03.02-06.05.46:081][  0]LogConfig: Setting CVar [[r.DOF.Gather.EnableBokehSettings:0       ; no bokeh simulation when gathering]]
[2020.03.02-06.05.46:081][  0]LogConfig: Setting CVar [[r.DOF.Gather.RingCount:4                 ; medium number of samples when gathering]]
[2020.03.02-06.05.46:081][  0]LogConfig: Setting CVar [[r.DOF.Scatter.ForegroundCompositing:1    ; additive foreground scattering]]
[2020.03.02-06.05.46:081][  0]LogConfig: Setting CVar [[r.DOF.Scatter.BackgroundCompositing:2    ; additive background scattering]]
[2020.03.02-06.05.46:081][  0]LogConfig: Setting CVar [[r.DOF.Scatter.EnableBokehSettings:1      ; bokeh simulation when scattering]]
[2020.03.02-06.05.46:081][  0]LogConfig: Setting CVar [[r.DOF.Scatter.MaxSpriteRatio:0.1         ; only a maximum of 10% of scattered bokeh]]
[2020.03.02-06.05.46:081][  0]LogConfig: Setting CVar [[r.DOF.Recombine.Quality:1                ; cheap slight out of focus]]
[2020.03.02-06.05.46:081][  0]LogConfig: Setting CVar [[r.DOF.Recombine.EnableBokehSettings:0    ; no bokeh simulation on slight out of focus]]
[2020.03.02-06.05.46:081][  0]LogConfig: Setting CVar [[r.DOF.TemporalAAQuality:1                ; more stable temporal accumulation]]
[2020.03.02-06.05.46:081][  0]LogConfig: Setting CVar [[r.DOF.Kernel.MaxForegroundRadius:0.025]]
[2020.03.02-06.05.46:081][  0]LogConfig: Setting CVar [[r.DOF.Kernel.MaxBackgroundRadius:0.025]]
[2020.03.02-06.05.46:081][  0]LogConfig: Applying CVar settings from Section [TextureQuality@3] File [G:/Johnson/Saved/Config/Windows/Scalability.ini]
[2020.03.02-06.05.46:081][  0]LogConfig: Setting CVar [[r.Streaming.MipBias:0]]
[2020.03.02-06.05.46:081][  0]LogConfig: Setting CVar [[r.Streaming.AmortizeCPUToGPUCopy:0]]
[2020.03.02-06.05.46:081][  0]LogConfig: Setting CVar [[r.Streaming.MaxNumTexturesToStreamPerFrame:0]]
[2020.03.02-06.05.46:081][  0]LogConfig: Setting CVar [[r.Streaming.Boost:1]]
[2020.03.02-06.05.46:081][  0]LogConfig: Setting CVar [[r.MaxAnisotropy:8]]
[2020.03.02-06.05.46:081][  0]LogConfig: Setting CVar [[r.Streaming.LimitPoolSizeToVRAM:0]]
[2020.03.02-06.05.46:081][  0]LogConfig: Setting CVar [[r.Streaming.PoolSize:1000]]
[2020.03.02-06.05.46:081][  0]LogConfig: Setting CVar [[r.Streaming.MaxEffectiveScreenSize:0]]
[2020.03.02-06.05.46:081][  0]LogConfig: Applying CVar settings from Section [EffectsQuality@3] File [G:/Johnson/Saved/Config/Windows/Scalability.ini]
[2020.03.02-06.05.46:081][  0]LogConfig: Setting CVar [[r.TranslucencyLightingVolumeDim:64]]
[2020.03.02-06.05.46:081][  0]LogConfig: Setting CVar [[r.RefractionQuality:2]]
[2020.03.02-06.05.46:081][  0]LogConfig: Setting CVar [[r.SSR.Quality:3]]
[2020.03.02-06.05.46:081][  0]LogConfig: Setting CVar [[r.SceneColorFormat:4]]
[2020.03.02-06.05.46:081][  0]LogConfig: Setting CVar [[r.DetailMode:2]]
[2020.03.02-06.05.46:081][  0]LogConfig: Setting CVar [[r.TranslucencyVolumeBlur:1]]
[2020.03.02-06.05.46:081][  0]LogConfig: Setting CVar [[r.MaterialQualityLevel:1 ; High quality]]
[2020.03.02-06.05.46:081][  0]LogConfig: Setting CVar [[r.SSS.Scale:1]]
[2020.03.02-06.05.46:081][  0]LogConfig: Setting CVar [[r.SSS.SampleSet:2]]
[2020.03.02-06.05.46:081][  0]LogConfig: Setting CVar [[r.SSS.Quality:1]]
[2020.03.02-06.05.46:081][  0]LogConfig: Setting CVar [[r.SSS.HalfRes:1]]
[2020.03.02-06.05.46:081][  0]LogConfig: Setting CVar [[r.EmitterSpawnRateScale:1.0]]
[2020.03.02-06.05.46:081][  0]LogConfig: Setting CVar [[r.ParticleLightQuality:2]]
[2020.03.02-06.05.46:081][  0]LogConfig: Applying CVar settings from Section [FoliageQuality@3] File [G:/Johnson/Saved/Config/Windows/Scalability.ini]
[2020.03.02-06.05.46:081][  0]LogConfig: Setting CVar [[foliage.DensityScale:1.0]]
[2020.03.02-06.05.46:081][  0]LogConfig: Setting CVar [[grass.DensityScale:1.0]]
[2020.03.02-06.05.46:092][  0]LogInit: Selected Device Profile: [Windows]
[2020.03.02-06.05.46:093][  0]LogInit: Applying CVar settings loaded from the selected device profile: [Windows]
[2020.03.02-06.05.46:173][  0]LogHAL: Display: Platform has ~ 16 GB [17162162176 / 17179869184 / 16], which maps to Larger [LargestMinGB=32, LargerMinGB=12, DefaultMinGB=8, SmallerMinGB=6, SmallestMinGB=0)
[2020.03.02-06.05.46:182][  0]LogConfig: Setting CVar [[r.Vulkan.UseRealUBs:1]]
[2020.03.02-06.05.46:183][  0]LogInit: Going up to parent DeviceProfile []
[2020.03.02-06.05.46:183][  0]LogConfig: Applying CVar settings from Section [ViewDistanceQuality@3] File [G:/Johnson/Saved/Config/Windows/Scalability.ini]
[2020.03.02-06.05.46:183][  0]LogConfig: Setting CVar [[r.SkeletalMeshLODBias:0]]
[2020.03.02-06.05.46:183][  0]LogConfig: Setting CVar [[r.ViewDistanceScale:1.0]]
[2020.03.02-06.05.46:183][  0]LogConfig: Applying CVar settings from Section [AntiAliasingQuality@3] File [G:/Johnson/Saved/Config/Windows/Scalability.ini]
[2020.03.02-06.05.46:183][  0]LogConfig: Setting CVar [[r.PostProcessAAQuality:4]]
[2020.03.02-06.05.46:183][  0]LogConfig: Applying CVar settings from Section [ShadowQuality@3] File [G:/Johnson/Saved/Config/Windows/Scalability.ini]
[2020.03.02-06.05.46:183][  0]LogConfig: Setting CVar [[r.LightFunctionQuality:1]]
[2020.03.02-06.05.46:183][  0]LogConfig: Setting CVar [[r.ShadowQuality:5]]
[2020.03.02-06.05.46:183][  0]LogConfig: Setting CVar [[r.Shadow.CSM.MaxCascades:10]]
[2020.03.02-06.05.46:183][  0]LogConfig: Setting CVar [[r.Shadow.MaxResolution:2048]]
[2020.03.02-06.05.46:183][  0]LogConfig: Setting CVar [[r.Shadow.MaxCSMResolution:2048]]
[2020.03.02-06.05.46:183][  0]LogConfig: Setting CVar [[r.Shadow.RadiusThreshold:0.01]]
[2020.03.02-06.05.46:183][  0]LogConfig: Setting CVar [[r.Shadow.DistanceScale:1.0]]
[2020.03.02-06.05.46:183][  0]LogConfig: Setting CVar [[r.Shadow.CSM.TransitionScale:1.0]]
[2020.03.02-06.05.46:183][  0]LogConfig: Setting CVar [[r.Shadow.PreShadowResolutionFactor:1.0]]
[2020.03.02-06.05.46:183][  0]LogConfig: Setting CVar [[r.DistanceFieldShadowing:1]]
[2020.03.02-06.05.46:183][  0]LogConfig: Setting CVar [[r.DistanceFieldAO:1]]
[2020.03.02-06.05.46:183][  0]LogConfig: Setting CVar [[r.AOQuality:2]]
[2020.03.02-06.05.46:183][  0]LogConfig: Setting CVar [[r.VolumetricFog:1]]
[2020.03.02-06.05.46:183][  0]LogConfig: Setting CVar [[r.VolumetricFog.GridPixelSize:8]]
[2020.03.02-06.05.46:183][  0]LogConfig: Setting CVar [[r.VolumetricFog.GridSizeZ:128]]
[2020.03.02-06.05.46:183][  0]LogConfig: Setting CVar [[r.VolumetricFog.HistoryMissSupersampleCount:4]]
[2020.03.02-06.05.46:183][  0]LogConfig: Setting CVar [[r.LightMaxDrawDistanceScale:1]]
[2020.03.02-06.05.46:183][  0]LogConfig: Setting CVar [[r.CapsuleShadows:1]]
[2020.03.02-06.05.46:183][  0]LogConfig: Applying CVar settings from Section [PostProcessQuality@3] File [G:/Johnson/Saved/Config/Windows/Scalability.ini]
[2020.03.02-06.05.46:183][  0]LogConfig: Setting CVar [[r.MotionBlurQuality:4]]
[2020.03.02-06.05.46:183][  0]LogConfig: Setting CVar [[r.AmbientOcclusionMipLevelFactor:0.4]]
[2020.03.02-06.05.46:183][  0]LogConfig: Setting CVar [[r.AmbientOcclusionMaxQuality:100]]
[2020.03.02-06.05.46:183][  0]LogConfig: Setting CVar [[r.AmbientOcclusionLevels:-1]]
[2020.03.02-06.05.46:183][  0]LogConfig: Setting CVar [[r.AmbientOcclusionRadiusScale:1.0]]
[2020.03.02-06.05.46:183][  0]LogConfig: Setting CVar [[r.DepthOfFieldQuality:2]]
[2020.03.02-06.05.46:183][  0]LogConfig: Setting CVar [[r.RenderTargetPoolMin:400]]
[2020.03.02-06.05.46:183][  0]LogConfig: Setting CVar [[r.LensFlareQuality:2]]
[2020.03.02-06.05.46:183][  0]LogConfig: Setting CVar [[r.SceneColorFringeQuality:1]]
[2020.03.02-06.05.46:183][  0]LogConfig: Setting CVar [[r.EyeAdaptationQuality:2]]
[2020.03.02-06.05.46:183][  0]LogConfig: Setting CVar [[r.BloomQuality:5]]
[2020.03.02-06.05.46:183][  0]LogConfig: Setting CVar [[r.FastBlurThreshold:100]]
[2020.03.02-06.05.46:183][  0]LogConfig: Setting CVar [[r.Upscale.Quality:3]]
[2020.03.02-06.05.46:183][  0]LogConfig: Setting CVar [[r.Tonemapper.GrainQuantization:1]]
[2020.03.02-06.05.46:183][  0]LogConfig: Setting CVar [[r.LightShaftQuality:1]]
[2020.03.02-06.05.46:183][  0]LogConfig: Setting CVar [[r.Filter.SizeScale:1]]
[2020.03.02-06.05.46:183][  0]LogConfig: Setting CVar [[r.Tonemapper.Quality:5]]
[2020.03.02-06.05.46:183][  0]LogConfig: Setting CVar [[r.DOF.Gather.AccumulatorQuality:1        ; higher gathering accumulator quality]]
[2020.03.02-06.05.46:183][  0]LogConfig: Setting CVar [[r.DOF.Gather.PostfilterMethod:1          ; Median3x3 postfilering method]]
[2020.03.02-06.05.46:183][  0]LogConfig: Setting CVar [[r.DOF.Gather.EnableBokehSettings:0       ; no bokeh simulation when gathering]]
[2020.03.02-06.05.46:183][  0]LogConfig: Setting CVar [[r.DOF.Gather.RingCount:4                 ; medium number of samples when gathering]]
[2020.03.02-06.05.46:183][  0]LogConfig: Setting CVar [[r.DOF.Scatter.ForegroundCompositing:1    ; additive foreground scattering]]
[2020.03.02-06.05.46:183][  0]LogConfig: Setting CVar [[r.DOF.Scatter.BackgroundCompositing:2    ; additive background scattering]]
[2020.03.02-06.05.46:183][  0]LogConfig: Setting CVar [[r.DOF.Scatter.EnableBokehSettings:1      ; bokeh simulation when scattering]]
[2020.03.02-06.05.46:183][  0]LogConfig: Setting CVar [[r.DOF.Scatter.MaxSpriteRatio:0.1         ; only a maximum of 10% of scattered bokeh]]
[2020.03.02-06.05.46:183][  0]LogConfig: Setting CVar [[r.DOF.Recombine.Quality:1                ; cheap slight out of focus]]
[2020.03.02-06.05.46:183][  0]LogConfig: Setting CVar [[r.DOF.Recombine.EnableBokehSettings:0    ; no bokeh simulation on slight out of focus]]
[2020.03.02-06.05.46:183][  0]LogConfig: Setting CVar [[r.DOF.TemporalAAQuality:1                ; more stable temporal accumulation]]
[2020.03.02-06.05.46:183][  0]LogConfig: Setting CVar [[r.DOF.Kernel.MaxForegroundRadius:0.025]]
[2020.03.02-06.05.46:183][  0]LogConfig: Setting CVar [[r.DOF.Kernel.MaxBackgroundRadius:0.025]]
[2020.03.02-06.05.46:184][  0]LogConfig: Applying CVar settings from Section [TextureQuality@3] File [G:/Johnson/Saved/Config/Windows/Scalability.ini]
[2020.03.02-06.05.46:184][  0]LogConfig: Setting CVar [[r.Streaming.MipBias:0]]
[2020.03.02-06.05.46:184][  0]LogConfig: Setting CVar [[r.Streaming.AmortizeCPUToGPUCopy:0]]
[2020.03.02-06.05.46:184][  0]LogConfig: Setting CVar [[r.Streaming.MaxNumTexturesToStreamPerFrame:0]]
[2020.03.02-06.05.46:184][  0]LogConfig: Setting CVar [[r.Streaming.Boost:1]]
[2020.03.02-06.05.46:184][  0]LogConfig: Setting CVar [[r.MaxAnisotropy:8]]
[2020.03.02-06.05.46:184][  0]LogConfig: Setting CVar [[r.Streaming.LimitPoolSizeToVRAM:0]]
[2020.03.02-06.05.46:184][  0]LogConfig: Setting CVar [[r.Streaming.PoolSize:1000]]
[2020.03.02-06.05.46:184][  0]LogConfig: Setting CVar [[r.Streaming.MaxEffectiveScreenSize:0]]
[2020.03.02-06.05.46:184][  0]LogConfig: Applying CVar settings from Section [EffectsQuality@3] File [G:/Johnson/Saved/Config/Windows/Scalability.ini]
[2020.03.02-06.05.46:184][  0]LogConfig: Setting CVar [[r.TranslucencyLightingVolumeDim:64]]
[2020.03.02-06.05.46:184][  0]LogConfig: Setting CVar [[r.RefractionQuality:2]]
[2020.03.02-06.05.46:184][  0]LogConfig: Setting CVar [[r.SSR.Quality:3]]
[2020.03.02-06.05.46:184][  0]LogConfig: Setting CVar [[r.SceneColorFormat:4]]
[2020.03.02-06.05.46:184][  0]LogConfig: Setting CVar [[r.DetailMode:2]]
[2020.03.02-06.05.46:184][  0]LogConfig: Setting CVar [[r.TranslucencyVolumeBlur:1]]
[2020.03.02-06.05.46:184][  0]LogConfig: Setting CVar [[r.MaterialQualityLevel:1 ; High quality]]
[2020.03.02-06.05.46:184][  0]LogConfig: Setting CVar [[r.SSS.Scale:1]]
[2020.03.02-06.05.46:184][  0]LogConfig: Setting CVar [[r.SSS.SampleSet:2]]
[2020.03.02-06.05.46:184][  0]LogConfig: Setting CVar [[r.SSS.Quality:1]]
[2020.03.02-06.05.46:184][  0]LogConfig: Setting CVar [[r.SSS.HalfRes:1]]
[2020.03.02-06.05.46:184][  0]LogConfig: Setting CVar [[r.EmitterSpawnRateScale:1.0]]
[2020.03.02-06.05.46:184][  0]LogConfig: Setting CVar [[r.ParticleLightQuality:2]]
[2020.03.02-06.05.46:184][  0]LogConfig: Applying CVar settings from Section [FoliageQuality@3] File [G:/Johnson/Saved/Config/Windows/Scalability.ini]
[2020.03.02-06.05.46:184][  0]LogConfig: Setting CVar [[foliage.DensityScale:1.0]]
[2020.03.02-06.05.46:184][  0]LogConfig: Setting CVar [[grass.DensityScale:1.0]]
[2020.03.02-06.05.46:184][  0]LogConfig: Applying CVar settings from Section [Startup] File [../../../Engine/Config/ConsoleVariables.ini]
[2020.03.02-06.05.46:200][  0]LogConfig: Setting CVar [[net.UseAdaptiveNetUpdateFrequency:0]]
[2020.03.02-06.05.46:200][  0]LogConfig: Applying CVar settings from Section [ConsoleVariables] File [G:/Johnson/Saved/Config/Windows/Engine.ini]
[2020.03.02-06.05.46:254][  0]LogInit: Computer: DESKTOP-6H6P7BF
[2020.03.02-06.05.46:254][  0]LogInit: User: Devlyn
[2020.03.02-06.05.46:254][  0]LogInit: CPU Page size=4096, Cores=4
[2020.03.02-06.05.46:254][  0]LogInit: High frequency timer resolution =10.000000 MHz
[2020.03.02-06.05.46:264][  0]LogMemory: Memory total: Physical=16.0GB (16GB approx)
[2020.03.02-06.05.46:264][  0]LogMemory: Platform Memory Stats for Windows
[2020.03.02-06.05.46:264][  0]LogMemory: Process Physical Memory: 102.70 MB used, 102.71 MB peak
[2020.03.02-06.05.46:264][  0]LogMemory: Process Virtual Memory: 91.30 MB used, 91.30 MB peak
[2020.03.02-06.05.46:264][  0]LogMemory: Physical Memory: 5363.70 MB used,  11003.41 MB free, 16367.11 MB total
[2020.03.02-06.05.46:264][  0]LogMemory: Virtual Memory: 4635.81 MB used,  134213096.00 MB free, 134217728.00 MB total
[2020.03.02-06.05.47:008][  0]LogInit: Using OS detected language (en-US).
[2020.03.02-06.05.47:008][  0]LogInit: Using OS detected locale (en-AU).
[2020.03.02-06.05.47:147][  0]LogTextLocalizationManager: No specific localization for 'en-US' exists, so the 'en' localization will be used.
[2020.03.02-06.05.48:007][  0]LogStreaming: Display: Took  0.990s to InitEngineTextLocalization.
[2020.03.02-06.05.48:015][  0]LogInit: Setting process to per monitor DPI aware
[2020.03.02-06.05.49:003][  0]LogSlate: New Slate User Created.  User Index 0, Is Virtual User: 0
[2020.03.02-06.05.49:003][  0]LogSlate: Slate User Registered.  User Index 0, Is Virtual User: 0
[2020.03.02-06.05.59:030][  0]LogHMD: Failed to initialize OpenVR with code 108
[2020.03.02-06.05.59:030][  0]LogD3D11RHI: D3D11 adapters:
[2020.03.02-06.05.59:064][  0]LogD3D11RHI:    0. 'Radeon RX 570 Series' (Feature Level 11_0)
[2020.03.02-06.05.59:064][  0]LogD3D11RHI:       4041/0/8183 MB DedicatedVideo/DedicatedSystem/SharedSystem, Outputs:2, VendorId:0x1002
[2020.03.02-06.05.59:066][  0]LogD3D11RHI:    1. 'Microsoft Basic Render Driver' (Feature Level 11_0)
[2020.03.02-06.05.59:066][  0]LogD3D11RHI:       0/0/8183 MB DedicatedVideo/DedicatedSystem/SharedSystem, Outputs:0, VendorId:0x1414
[2020.03.02-06.05.59:066][  0]LogD3D11RHI: Chosen D3D11 Adapter: 0
[2020.03.02-06.05.59:207][  0]LogD3D11RHI: Creating new Direct3DDevice
[2020.03.02-06.05.59:207][  0]LogD3D11RHI:     GPU DeviceId: 0x67df (for the marketing name, search the web for "GPU Device Id")
[2020.03.02-06.05.59:207][  0]LogWindows: EnumDisplayDevices:
[2020.03.02-06.05.59:207][  0]LogWindows:    0. 'Radeon RX 570 Series' (P:1 D:1)
[2020.03.02-06.05.59:208][  0]LogWindows:    1. 'Radeon RX 570 Series' (P:0 D:1)
[2020.03.02-06.05.59:208][  0]LogWindows:    2. 'Radeon RX 570 Series' (P:0 D:0)
[2020.03.02-06.05.59:209][  0]LogWindows:    3. 'Radeon RX 570 Series' (P:0 D:0)
[2020.03.02-06.05.59:209][  0]LogWindows:    4. 'Radeon RX 570 Series' (P:0 D:0)
[2020.03.02-06.05.59:210][  0]LogWindows:    5. 'Radeon RX 570 Series' (P:0 D:0)
[2020.03.02-06.05.59:210][  0]LogWindows:    6. 'Radeon RX 570 Series' (P:0 D:0)
[2020.03.02-06.05.59:210][  0]LogWindows:    7. 'Radeon RX 570 Series' (P:0 D:0)
[2020.03.02-06.05.59:211][  0]LogWindows: DebugString: FoundDriverCount:8 
[2020.03.02-06.05.59:211][  0]LogD3D11RHI:     Adapter Name: Radeon RX 570 Series
[2020.03.02-06.05.59:211][  0]LogD3D11RHI:   Driver Version: Adrenalin 19.20 (internal:26.20.12028.2, unified:26.20.12028.2)
[2020.03.02-06.05.59:211][  0]LogD3D11RHI:      Driver Date: 8-16-2019
[2020.03.02-06.05.59:236][  0]LogRHI: Texture pool is 2828 MB (70% of 4041 MB)
[2020.03.02-06.06.00:685][  0]LogD3D11RHI: Async texture creation enabled
[2020.03.02-06.06.01:098][  0]LogD3D11RHI: GPU Timing Frequency: 25.000000 (Debug: 2 1)
[2020.03.02-06.06.03:454][  0]LogTemp: Display: Loaded TP AllDesktopTargetPlatform
[2020.03.02-06.06.03:516][  0]LogTemp: Display: Loaded TP MacClientTargetPlatform
[2020.03.02-06.06.03:541][  0]LogTemp: Display: Loaded TP MacNoEditorTargetPlatform
[2020.03.02-06.06.03:574][  0]LogTemp: Display: Loaded TP MacServerTargetPlatform
[2020.03.02-06.06.03:884][  0]LogTemp: Display: Loaded TP MacTargetPlatform
[2020.03.02-06.06.04:103][  0]LogTemp: Display: Loaded TP WindowsClientTargetPlatform
[2020.03.02-06.06.05:465][  0]LogTemp: Display: Loaded TP WindowsNoEditorTargetPlatform
[2020.03.02-06.06.05:694][  0]LogTemp: Display: Loaded TP WindowsServerTargetPlatform
[2020.03.02-06.06.05:858][  0]LogTemp: Display: Loaded TP WindowsTargetPlatform
[2020.03.02-06.06.06:317][  0]LogTemp: Display: Loaded TP AndroidTargetPlatform
[2020.03.02-06.06.06:317][  0]LogTemp: Display: Loaded TP AndroidTargetPlatform
[2020.03.02-06.06.06:317][  0]LogTemp: Display: Loaded TP AndroidTargetPlatform
[2020.03.02-06.06.06:317][  0]LogTemp: Display: Loaded TP AndroidTargetPlatform
[2020.03.02-06.06.06:317][  0]LogTemp: Display: Loaded TP AndroidTargetPlatform
[2020.03.02-06.06.06:317][  0]LogTemp: Display: Loaded TP AndroidTargetPlatform
[2020.03.02-06.06.06:317][  0]LogTemp: Display: Loaded TP AndroidTargetPlatform
[2020.03.02-06.06.06:317][  0]LogTemp: Display: Loaded TP AndroidTargetPlatform
[2020.03.02-06.06.06:317][  0]LogTemp: Display: Loaded TP AndroidTargetPlatform
[2020.03.02-06.06.06:317][  0]LogTemp: Display: Loaded TP AndroidTargetPlatform
[2020.03.02-06.06.06:317][  0]LogTemp: Display: Loaded TP AndroidTargetPlatform
[2020.03.02-06.06.06:317][  0]LogTemp: Display: Loaded TP AndroidTargetPlatform
[2020.03.02-06.06.06:317][  0]LogTemp: Display: Loaded TP AndroidTargetPlatform
[2020.03.02-06.06.06:317][  0]LogTemp: Display: Loaded TP AndroidTargetPlatform
[2020.03.02-06.06.06:317][  0]LogTemp: Display: Loaded TP AndroidTargetPlatform
[2020.03.02-06.06.06:317][  0]LogTemp: Display: Loaded TP AndroidTargetPlatform
[2020.03.02-06.06.06:317][  0]LogTemp: Display: Loaded TP AndroidTargetPlatform
[2020.03.02-06.06.06:317][  0]LogTemp: Display: Loaded TP AndroidTargetPlatform
[2020.03.02-06.06.06:580][  0]LogTemp: Display: Loaded TP HTML5TargetPlatform
[2020.03.02-06.06.07:557][  0]LogTemp: Display: Loaded TP IOSTargetPlatform
[2020.03.02-06.06.07:557][  0]LogTemp: Display: Loaded TP IOSTargetPlatform
[2020.03.02-06.06.07:654][  0]LogTemp: Display: Loaded TP TVOSTargetPlatform
[2020.03.02-06.06.07:654][  0]LogTemp: Display: Loaded TP TVOSTargetPlatform
[2020.03.02-06.06.07:749][  0]LogTemp: Display: Loaded TP LinuxClientTargetPlatform
[2020.03.02-06.06.07:881][  0]LogTemp: Display: Loaded TP LinuxNoEditorTargetPlatform
[2020.03.02-06.06.08:012][  0]LogTemp: Display: Loaded TP LinuxServerTargetPlatform
[2020.03.02-06.06.08:238][  0]LogTemp: Display: Loaded TP LinuxTargetPlatform
[2020.03.02-06.06.08:441][  0]LogTemp: Display: Loaded TP LuminTargetPlatform
[2020.03.02-06.06.08:441][  0]LogTemp: Display: Loaded TP LuminTargetPlatform
[2020.03.02-06.06.08:441][  0]LogTargetPlatformManager: Display: Building Assets For Windows
[2020.03.02-06.06.10:542][  0]LogShaderCompilers: Guid format shader working directory is 36 characters bigger than the processId version (G:/Johnson/Intermediate/Shaders/WorkingDirectory/14564/).
[2020.03.02-06.06.10:543][  0]LogShaderCompilers: Cleaned the shader compiler working directory 'C:/Users/Devlyn/AppData/Local/Temp/UnrealShaderWorkingDir/2ECCAE20424B582AFDBA6A93021E56F1/'.
[2020.03.02-06.06.10:602][  0]LogXGEController: Cleaning working directory: C:/Users/Devlyn/AppData/Local/Temp/UnrealXGEWorkingDir/
[2020.03.02-06.06.10:603][  0]LogXGEController: Cannot use XGE Controller as Incredibuild is not installed on this machine.
[2020.03.02-06.06.10:603][  0]LogShaderCompilers: Cannot use XGE Shader Compiler as Incredibuild is not installed on this machine.
[2020.03.02-06.06.10:603][  0]LogShaderCompilers: Display: Using Local Shader Compiler.
[2020.03.02-06.06.13:778][  0]LogDerivedDataCache: Display: Max Cache Size: 512 MB
[2020.03.02-06.06.14:024][  0]LogDerivedDataCache: Loaded boot cache 0.25s 71MB C:/Users/Devlyn/AppData/Local/UnrealEngine/4.21/DerivedDataCache/Boot.ddc.
[2020.03.02-06.06.14:025][  0]LogDerivedDataCache: Display: Loaded Boot cache: C:/Users/Devlyn/AppData/Local/UnrealEngine/4.21/DerivedDataCache/Boot.ddc
[2020.03.02-06.06.14:025][  0]LogDerivedDataCache: FDerivedDataBackendGraph:  Pak pak cache file G:/Johnson/DerivedDataCache/DDC.ddp not found, will not use a pak cache.
[2020.03.02-06.06.14:025][  0]LogDerivedDataCache: Unable to find inner node Pak for hierarchical cache Hierarchy.
[2020.03.02-06.06.14:025][  0]LogDerivedDataCache: FDerivedDataBackendGraph:  CompressedPak pak cache file G:/Johnson/DerivedDataCache/Compressed.ddp not found, will not use a pak cache.
[2020.03.02-06.06.14:025][  0]LogDerivedDataCache: Unable to find inner node CompressedPak for hierarchical cache Hierarchy.
[2020.03.02-06.06.14:104][  0]LogDerivedDataCache: Display: Pak cache opened for reading ../../../Engine/DerivedDataCache/Compressed.ddp.
[2020.03.02-06.06.14:105][  0]LogDerivedDataCache: FDerivedDataBackendGraph:  EnterprisePak pak cache file ../../../Enterprise/DerivedDataCache/Compressed.ddp not found, will not use a pak cache.
[2020.03.02-06.06.14:105][  0]LogDerivedDataCache: Unable to find inner node EnterprisePak for hierarchical cache Hierarchy.
[2020.03.02-06.06.14:131][  0]LogDerivedDataCache: Using Local data cache path C:/Users/Devlyn/AppData/Local/UnrealEngine/Common/DerivedDataCache: Writable
[2020.03.02-06.06.14:131][  0]LogDerivedDataCache: Shared data cache path not found in *engine.ini, will not use an Shared cache.
[2020.03.02-06.06.14:131][  0]LogDerivedDataCache: Unable to find inner node Shared for hierarchical cache Hierarchy.
[2020.03.02-06.06.14:212][  0]LogMaterial: Verifying Global Shaders for PCD3D_SM5
[2020.03.02-06.06.14:326][  0]LogSlate: Using FreeType 2.6.0
[2020.03.02-06.06.14:489][  0]LogSlate: SlateFontServices - WITH_FREETYPE: 1, WITH_HARFBUZZ: 1
[2020.03.02-06.06.16:260][  0]LogAssetRegistry: FAssetRegistry took 0.0517 seconds to start up
[2020.03.02-06.06.19:728][  0]LogInit: Selected Device Profile: [Windows]
[2020.03.02-06.06.21:831][  0]LogAssetRegistry: Error: Failed to open file for write G:/Johnson/Intermediate/CachedAssetRegistry.bin
[2020.03.02-06.06.21:831][  0]LogSimplygon: Simplygon DLL not present - disabling.
[2020.03.02-06.06.21:959][  0]LogMeshReduction: Using SimplygonSwarm for distributed automatic mesh merging
[2020.03.02-06.06.21:969][  0]LogMeshReduction: Using ProxyLODMeshReduction for automatic mesh merging
[2020.03.02-06.06.21:970][  0]LogMeshReduction: Using QuadricMeshReduction for automatic static mesh reduction
[2020.03.02-06.06.21:970][  0]LogMeshReduction: No automatic skeletal mesh reduction module available
[2020.03.02-06.06.22:521][  0]LogNetVersion: Johnson 1.0.0, NetCL: 4541578, EngineNetVer: 5, GameNetVer: 0 (Checksum: 125737196)
[2020.03.02-06.06.24:533][  0]LogConfig: Warning: Failed to saved backup for config[G:/Johnson/Intermediate/Config/CoalescedSourceConfigs/GameplayTagsList.ini]
[2020.03.02-06.06.27:207][  0]LogAssetRegistry: Error: Failed to open file for write G:/Johnson/Intermediate/AssetRegistryCache/5a627529.bin
[2020.03.02-06.06.27:295][  0]LogAssetRegistry: Error: Failed to open file for write G:/Johnson/Intermediate/AssetRegistryCache/94c5d5a7.bin
[2020.03.02-06.06.27:361][  0]LogFileManager: Warning: MoveFile was unable to move 'G:/Johnson/Intermediate/AssetRegistryCache/29c3675e.bin.tmp' to 'G:/Johnson/Intermediate/AssetRegistryCache/29c3675e.bin', retrying in .5s...
[2020.03.02-06.06.27:862][  0]LogFileManager: Warning: MoveFile was unable to move 'G:/Johnson/Intermediate/AssetRegistryCache/29c3675e.bin.tmp' to 'G:/Johnson/Intermediate/AssetRegistryCache/29c3675e.bin', retrying in .5s...
[2020.03.02-06.06.28:363][  0]LogFileManager: Warning: MoveFile was unable to move 'G:/Johnson/Intermediate/AssetRegistryCache/29c3675e.bin.tmp' to 'G:/Johnson/Intermediate/AssetRegistryCache/29c3675e.bin', retrying in .5s...
[2020.03.02-06.06.28:864][  0]LogFileManager: Warning: MoveFile was unable to move 'G:/Johnson/Intermediate/AssetRegistryCache/29c3675e.bin.tmp' to 'G:/Johnson/Intermediate/AssetRegistryCache/29c3675e.bin', retrying in .5s...
[2020.03.02-06.06.29:365][  0]LogFileManager: Warning: MoveFile was unable to move 'G:/Johnson/Intermediate/AssetRegistryCache/29c3675e.bin.tmp' to 'G:/Johnson/Intermediate/AssetRegistryCache/29c3675e.bin', retrying in .5s...
[2020.03.02-06.06.29:865][  0]LogFileManager: Warning: MoveFile was unable to move 'G:/Johnson/Intermediate/AssetRegistryCache/29c3675e.bin.tmp' to 'G:/Johnson/Intermediate/AssetRegistryCache/29c3675e.bin', retrying in .5s...
[2020.03.02-06.06.30:366][  0]LogFileManager: Warning: MoveFile was unable to move 'G:/Johnson/Intermediate/AssetRegistryCache/29c3675e.bin.tmp' to 'G:/Johnson/Intermediate/AssetRegistryCache/29c3675e.bin', retrying in .5s...
[2020.03.02-06.06.30:867][  0]LogFileManager: Warning: MoveFile was unable to move 'G:/Johnson/Intermediate/AssetRegistryCache/29c3675e.bin.tmp' to 'G:/Johnson/Intermediate/AssetRegistryCache/29c3675e.bin', retrying in .5s...
[2020.03.02-06.06.31:368][  0]LogFileManager: Warning: MoveFile was unable to move 'G:/Johnson/Intermediate/AssetRegistryCache/29c3675e.bin.tmp' to 'G:/Johnson/Intermediate/AssetRegistryCache/29c3675e.bin', retrying in .5s...
[2020.03.02-06.06.31:869][  0]LogFileManager: Warning: MoveFile was unable to move 'G:/Johnson/Intermediate/AssetRegistryCache/29c3675e.bin.tmp' to 'G:/Johnson/Intermediate/AssetRegistryCache/29c3675e.bin', retrying in .5s...
[2020.03.02-06.06.32:370][  0]LogFileManager: Error: Error moving file 'G:/Johnson/Intermediate/AssetRegistryCache/29c3675e.bin.tmp' to 'G:/Johnson/Intermediate/AssetRegistryCache/29c3675e.bin'.
[2020.03.02-06.06.32:646][  0]LogPackageLocalizationCache: Processed 11 localized package path(s) for 2 prioritized culture(s) in 5.456367 seconds
[2020.03.02-06.06.32:653][  0]LogUObjectArray: 39775 objects as part of root set at end of initial load.
[2020.03.02-06.06.32:653][  0]LogUObjectAllocator: 6914656 out of 0 bytes used by permanent object pool.
[2020.03.02-06.06.32:653][  0]LogUObjectArray: CloseDisregardForGC: 0/0 objects in disregard for GC pool
[2020.03.02-06.06.44:862][  0]LogTcpMessaging: Initializing TcpMessaging bridge
[2020.03.02-06.06.44:900][  0]LogUdpMessaging: Initializing bridge on interface 0.0.0.0:0 to multicast group 230.0.0.1:6666.
[2020.03.02-06.06.47:183][  0]SourceControl: Source control is disabled
[2020.03.02-06.06.47:183][  0]SourceControl: Source control is disabled
[2020.03.02-06.06.47:262][  0]SourceControl: Source control is disabled
[2020.03.02-06.06.47:305][  0]SourceControl: Source control is disabled
[2020.03.02-06.06.48:812][  0]LogAndroidPermission: UAndroidPermissionCallbackProxy::GetInstance
[2020.03.02-06.06.49:267][  0]LogOcInput: OculusInput pre-init called
[2020.03.02-06.06.50:347][  0]LogEngine: Initializing Engine...
[2020.03.02-06.06.56:196][  0]LogHMD: Failed to initialize OpenVR with code 108
[2020.03.02-06.06.56:198][  0]LogStats: UGameplayTagsManager::ConstructGameplayTagTree: ImportINI prefixes -  0.000 s
[2020.03.02-06.06.56:198][  0]LogStats: UGameplayTagsManager::ConstructGameplayTagTree: Construct from data asset -  0.000 s
[2020.03.02-06.06.56:198][  0]LogStats: UGameplayTagsManager::ConstructGameplayTagTree: ImportINI -  0.000 s
[2020.03.02-06.06.56:198][  0]LogStats: UGameplayTagsManager::ConstructGameplayTagTree: GameplayTagTreeChangedEvent.Broadcast -  0.000 s
[2020.03.02-06.06.56:464][  0]LogInit: Initializing FReadOnlyCVARCache
[2020.03.02-06.06.56:475][  0]LogAIModule: Creating AISystem for world Untitled
[2020.03.02-06.06.57:051][  0]LogInit: XAudio2 using 'Headset Earphone (Corsair VOID PRO Surround USB Adapter)' : 2 channels at 48 kHz using 16 bits per sample (channel mask 0x3)
[2020.03.02-06.06.57:102][  0]LogInit: FAudioDevice initialized.
[2020.03.02-06.06.57:102][  0]LogNetVersion: Set ProjectVersion to 1.0.0.0. Version Checksum will be recalculated on next use.
[2020.03.02-06.06.57:189][  0]LogDerivedDataCache: Saved boot cache 0.09s 71MB C:/Users/Devlyn/AppData/Local/UnrealEngine/4.21/DerivedDataCache/Boot.ddc.
[2020.03.02-06.06.57:192][  0]LogInit: Texture streaming: Enabled
[2020.03.02-06.06.57:541][  0]LogEngineSessionManager: EngineSessionManager initialized
[2020.03.02-06.06.57:541][  0]LogEngineSessionManager: EngineSessionManager sent abnormal shutdown report. Type=AbnormalShutdown, SessionId={F88FB050-4339-D341-1715-FFADC89415EE}
[2020.03.02-06.06.58:181][  0]LogInit: Transaction tracking system initialized
[2020.03.02-06.07.00:941][  0]BlueprintLog: New page: Editor Load
[2020.03.02-06.07.07:705][  0]LocalizationService: Localization service is disabled
[2020.03.02-06.07.09:494][  0]LogConfig: Warning: Failed to saved backup for config[G:/Johnson/Intermediate/Config/CoalescedSourceConfigs/Engine.ini]
[2020.03.02-06.07.09:633][  0]LogConfig: Warning: Failed to saved backup for config[G:/Johnson/Intermediate/Config/CoalescedSourceConfigs/Engine.ini]
[2020.03.02-06.07.22:066][  0]LogFileCache: Scanning file cache for directory 'G:/Johnson/Content/' took 0.03s
[2020.03.02-06.07.22:066][  0]LogCook: Display: Max memory allowance for cook 16384mb min free memory 0mb
[2020.03.02-06.07.22:066][  0]LogCook: Display: Mobile HDR setting 1
[2020.03.02-06.07.22:066][  0]LogGameplayTags: Display: UGameplayTagsManager::DoneAddingNativeTags. DelegateIsBound: 0
[2020.03.02-06.07.22:066][  0]LogStats: UGameplayTagsManager::ConstructGameplayTagTree: ImportINI prefixes -  0.000 s
[2020.03.02-06.07.22:066][  0]LogStats: UGameplayTagsManager::ConstructGameplayTagTree: Construct from data asset -  0.000 s
[2020.03.02-06.07.22:066][  0]LogStats: UGameplayTagsManager::ConstructGameplayTagTree: ImportINI -  0.000 s
[2020.03.02-06.07.22:066][  0]LogStats: UGameplayTagsManager::ConstructGameplayTagTree: GameplayTagTreeChangedEvent.Broadcast -  0.000 s
[2020.03.02-06.07.37:663][  0]SourceControl: Source control is disabled
[2020.03.02-06.07.37:754][  0]Cmd: MAP LOAD FILE="G:/Johnson/Content/Map/TestingLevel.umap" TEMPLATE=0 SHOWPROGRESS=1 FEATURELEVEL=3
[2020.03.02-06.07.37:755][  0]LogEditorServer: Warning: Can't find file 'G:/Johnson/Content/Map/TestingLevel.umap'
[2020.03.02-06.07.37:755][  0]Cmd: MAP CHECKDEP NOCLEARLOG
[2020.03.02-06.07.37:818][  0]MapCheck: Map check complete: 0 Error(s), 0 Warning(s), took 62.831ms to complete.
[2020.03.02-06.07.37:818][  0]LogFileHelpers: Loading map 'TestingLevel' took 0.131
[2020.03.02-06.07.42:619][  0]LogSlate: Updating window title bar state: overlay mode, drag disabled, window buttons hidden, title bar hidden
[2020.03.02-06.07.42:723][  0]LogSlate: Updating window title bar state: overlay mode, drag disabled, window buttons hidden, title bar hidden
[2020.03.02-06.07.42:732][  0]LogSlate: Updating window title bar state: overlay mode, drag disabled, window buttons hidden, title bar hidden
[2020.03.02-06.07.42:741][  0]LogSlate: Updating window title bar state: overlay mode, drag disabled, window buttons hidden, title bar hidden
[2020.03.02-06.07.43:353][  0]LogCollectionManager: Loaded 0 collections in 0.001106 seconds
[2020.03.02-06.07.44:325][  0]LogFileCache: Scanning file cache for directory 'G:/Johnson/Saved/Collections/' took 0.01s
[2020.03.02-06.07.44:325][  0]LogFileCache: Scanning file cache for directory 'G:/Johnson/Content/Developers/Devlyn/Collections/' took 0.01s
[2020.03.02-06.07.44:325][  0]LogFileCache: Scanning file cache for directory 'G:/Johnson/Content/Collections/' took 0.01s
[2020.03.02-06.07.44:325][  0]LogCollectionManager: Rebuilt the GUID cache for 0 collections in 0.000000 seconds
[2020.03.02-06.07.44:353][  0]LogContentBrowser: Native class hierarchy populated in 0.0158 seconds. Added 2651 classes and 620 folders.
[2020.03.02-06.07.44:800][  0]LogContentBrowser: Native class hierarchy updated for 'WidgetCarousel' in 0.0004 seconds. Added 0 classes and 0 folders.
[2020.03.02-06.07.45:289][  0]LogPakFile: Registered encryption key '00000000000000000000000000000000': 0 pak files mounted, 0 remain pending
[2020.03.02-06.07.45:530][  0]LogPakFile: Registered encryption key '00000000000000000000000000000000': 0 pak files mounted, 0 remain pending
[2020.03.02-06.07.45:620][  0]LogPakFile: Registered encryption key '00000000000000000000000000000000': 0 pak files mounted, 0 remain pending
[2020.03.02-06.07.45:692][  0]LogPakFile: Registered encryption key '00000000000000000000000000000000': 0 pak files mounted, 0 remain pending
[2020.03.02-06.07.45:780][  0]LogPakFile: Registered encryption key '00000000000000000000000000000000': 0 pak files mounted, 0 remain pending
[2020.03.02-06.07.45:877][  0]LogPakFile: Registered encryption key '00000000000000000000000000000000': 0 pak files mounted, 0 remain pending
[2020.03.02-06.07.45:988][  0]LogPakFile: Registered encryption key '00000000000000000000000000000000': 0 pak files mounted, 0 remain pending
[2020.03.02-06.07.46:079][  0]LogPakFile: Registered encryption key '00000000000000000000000000000000': 0 pak files mounted, 0 remain pending
[2020.03.02-06.07.46:158][  0]LogPakFile: Registered encryption key '00000000000000000000000000000000': 0 pak files mounted, 0 remain pending
[2020.03.02-06.07.46:185][  0]LogPakFile: Registered encryption key '00000000000000000000000000000000': 0 pak files mounted, 0 remain pending
[2020.03.02-06.07.46:282][  0]LogPakFile: Registered encryption key '00000000000000000000000000000000': 0 pak files mounted, 0 remain pending
[2020.03.02-06.07.46:350][  0]LogPakFile: Registered encryption key '00000000000000000000000000000000': 0 pak files mounted, 0 remain pending
[2020.03.02-06.07.46:451][  0]LogPakFile: Registered encryption key '00000000000000000000000000000000': 0 pak files mounted, 0 remain pending
[2020.03.02-06.07.46:563][  0]LogPakFile: Registered encryption key '00000000000000000000000000000000': 0 pak files mounted, 0 remain pending
[2020.03.02-06.07.46:664][  0]LogPakFile: Registered encryption key '00000000000000000000000000000000': 0 pak files mounted, 0 remain pending
[2020.03.02-06.07.46:754][  0]LogPakFile: Registered encryption key '00000000000000000000000000000000': 0 pak files mounted, 0 remain pending
[2020.03.02-06.07.46:844][  0]LogPakFile: Registered encryption key '00000000000000000000000000000000': 0 pak files mounted, 0 remain pending
[2020.03.02-06.07.46:956][  0]LogPakFile: Registered encryption key '00000000000000000000000000000000': 0 pak files mounted, 0 remain pending
[2020.03.02-06.07.46:969][  0]LogPakFile: Registered encryption key '00000000000000000000000000000000': 0 pak files mounted, 0 remain pending
[2020.03.02-06.07.46:999][  0]LogPakFile: Registered encryption key '00000000000000000000000000000000': 0 pak files mounted, 0 remain pending
[2020.03.02-06.07.47:081][  0]LogPakFile: Registered encryption key '00000000000000000000000000000000': 0 pak files mounted, 0 remain pending
[2020.03.02-06.07.47:111][  0]LogPakFile: Registered encryption key '00000000000000000000000000000000': 0 pak files mounted, 0 remain pending
[2020.03.02-06.07.47:119][  0]LogPakFile: Registered encryption key '00000000000000000000000000000000': 0 pak files mounted, 0 remain pending
[2020.03.02-06.07.47:140][  0]LogPakFile: Registered encryption key '00000000000000000000000000000000': 0 pak files mounted, 0 remain pending
[2020.03.02-06.07.47:166][  0]LogPakFile: Registered encryption key '00000000000000000000000000000000': 0 pak files mounted, 0 remain pending
[2020.03.02-06.07.47:168][  0]LogPakFile: Registered encryption key '00000000000000000000000000000000': 0 pak files mounted, 0 remain pending
[2020.03.02-06.07.48:185][  0]LogContentBrowser: Native class hierarchy updated for 'AddContentDialog' in 0.0003 seconds. Added 0 classes and 0 folders.
[2020.03.02-06.07.48:285][  0]LogContentBrowser: Native class hierarchy updated for 'SceneOutliner' in 0.0004 seconds. Added 1 classes and 2 folders.
[2020.03.02-06.07.49:485][  0]LogSlate: Took 0.020058 seconds to synchronously load lazily loaded font '../../../Engine/Content/Slate/Fonts/Roboto-Regular.ttf' (155K)
[2020.03.02-06.07.49:539][  0]LogSlate: Took 0.052483 seconds to synchronously load lazily loaded font '../../../Engine/Content/Slate/Fonts/Roboto-Bold.ttf' (160K)
[2020.03.02-06.07.49:738][  0]LogSlate: Took 0.030070 seconds to synchronously load lazily loaded font '../../../Engine/Content/Editor/Slate/Fonts/FontAwesome.ttf' (139K)
[2020.03.02-06.07.51:379][  0]LogRenderer: Reallocating scene render targets to support 1208x652 Format 10 NumSamples 1 (Frame:1).
[2020.03.02-06.07.53:549][  0]LogContentBrowser: Native class hierarchy updated for 'HierarchicalLODOutliner' in 0.0004 seconds. Added 0 classes and 0 folders.
[2020.03.02-06.07.53:549][  0]LogLoad: (Engine Initialization) Total time: 149.70 seconds
[2020.03.02-06.07.53:549][  0]LogLoad: (Engine Initialization) Total Blueprint compile time: 0.00 seconds
[2020.03.02-06.07.53:903][  0]LogContentStreaming: Texture pool size now 1000 MB
[2020.03.02-06.07.54:327][  2]LogAssetRegistry: Asset discovery search completed in 98.0905 seconds
[2020.03.02-06.07.54:331][  2]LogCollectionManager: Rebuilt the object cache for 0 collections in 0.000000 seconds (found 0 objects)
[2020.03.02-06.07.54:331][  2]LogCollectionManager: Fixed up redirectors for 0 collections in 0.000068 seconds (updated 0 objects)
[2020.03.02-06.07.54:408][  2]LogSlate: Took 0.011468 seconds to synchronously load lazily loaded font '../../../Engine/Content/Slate/Fonts/Roboto-Light.ttf' (167K)
[2020.03.02-06.15.00:815][281]LogHttp: Warning: 000002502341B380: request failed, libcurl error: 6 (Couldn't resolve host name)
[2020.03.02-06.15.00:815][281]LogHttp: Warning: 000002502341B380: libcurl info message cache 0 (Found bundle for host datarouter.ol.epicgames.com: 0x2500d11ffa0 [can pipeline])
[2020.03.02-06.15.00:815][281]LogHttp: Warning: 000002502341B380: libcurl info message cache 1 (Re-using existing connection! (#2) with host datarouter.ol.epicgames.com)
[2020.03.02-06.15.00:815][281]LogHttp: Warning: 000002502341B380: libcurl info message cache 2 (Connected to datarouter.ol.epicgames.com (23.23.43.12) port 443 (#2))
[2020.03.02-06.15.00:815][281]LogHttp: Warning: 000002502341B380: libcurl info message cache 3 (upload completely sent off: 224 out of 224 bytes)
[2020.03.02-06.15.00:815][281]LogHttp: Warning: 000002502341B380: libcurl info message cache 4 (TLSv1.2 (IN), TLS alert, Client hello (1):)
[2020.03.02-06.15.00:815][281]LogHttp: Warning: 000002502341B380: libcurl info message cache 5 (Connection died, retrying a fresh connect)
[2020.03.02-06.15.00:815][281]LogHttp: Warning: 000002502341B380: libcurl info message cache 6 (Closing connection 2)
[2020.03.02-06.15.00:815][281]LogHttp: Warning: 000002502341B380: libcurl info message cache 7 (TLSv1.2 (OUT), TLS alert, Client hello (1):)
[2020.03.02-06.15.00:815][281]LogHttp: Warning: 000002502341B380: libcurl info message cache 8 (Issue another request to this URL: 'https://datarouter.ol.epicgames.com/datarouter/api/v1/public/data?SessionID=%7B7F899279-4B3A-E9EF-09CD-7BB89EBB01F4%7D&AppID=UEEditor.Rocket.Release&AppVersion=4.21.2-4753647%2B%2B%2BUE4%2BRelease-4.21&UserID=0af0998f4d5998d5e3c3c388a5b72d54%7Ced7b8b4399414ce791e44dafa6a2f07d%7C19a94ea3-c285-4bed-bec0-a54b380e9e6e&AppEnvironment=datacollector-binary&UploadType=eteventstream')
[2020.03.02-06.15.00:815][281]LogHttp: Warning: 000002502341B380: libcurl info message cache 9 (Could not resolve host: datarouter.ol.epicgames.com)
[2020.03.02-06.15.00:815][281]LogHttp: Warning: 000002502341B380: libcurl info message cache 10 (Closing connection 3)
[2020.03.02-06.15.01:150][282]LogHttp: Warning: Retry exhausted on https://datarouter.ol.epicgames.com/datarouter/api/v1/public/data?SessionID=%7B7F899279-4B3A-E9EF-09CD-7BB89EBB01F4%7D&AppID=UEEditor.Rocket.Release&AppVersion=4.21.2-4753647%2B%2B%2BUE4%2BRelease-4.21&UserID=0af0998f4d5998d5e3c3c388a5b72d54%7Ced7b8b4399414ce791e44dafa6a2f07d%7C19a94ea3-c285-4bed-bec0-a54b380e9e6e&AppEnvironment=datacollector-binary&UploadType=eteventstream
[2020.03.02-06.19.31:042][ 90]LogSlate: FSceneViewport::OnFocusLost() reason 0
[2020.03.02-06.36.25:832][142]LogD3D11RHI: Timed out while waiting for GPU to catch up. (500 ms)
[2020.03.02-06.36.26:167][143]LogD3D11RHI: Timed out while waiting for GPU to catch up. (500 ms)
[2020.03.02-06.36.26:666][144]LogD3D11RHI: Timed out while waiting for GPU to catch up. (500 ms)
[2020.03.02-06.36.27:167][145]LogD3D11RHI: Timed out while waiting for GPU to catch up. (500 ms)
[2020.03.02-06.36.27:666][146]LogD3D11RHI: Timed out while waiting for GPU to catch up. (500 ms)
