Log file open, 03/02/20 17:06:01
LogWindows: Failed to load 'aqProf.dll' (GetLastError=126)
LogWindows: File 'aqProf.dll' does not exist
LogWindows: Failed to load 'VtuneApi.dll' (GetLastError=126)
LogWindows: File 'VtuneApi.dll' does not exist
LogWindows: Failed to load 'VtuneApi32e.dll' (GetLastError=126)
LogWindows: File 'VtuneApi32e.dll' does not exist
LogConsoleResponse: Display: Failed to find resolution value strings in scalability ini. Falling back to default.
LogInit: Display: Running engine for game: Johnson
LogPakFile: Registered encryption key '00000000000000000000000000000000': 0 pak files mounted, 0 remain pending
LogPlatformFile: Not using cached read wrapper
LogTaskGraph: Started task graph with 5 named threads and 23 total threads with 3 sets of task threads.
LogStats: Stats thread started at 0.284299
LogD3D11RHI: Loaded GFSDK_Aftermath_Lib.x64.dll
LogICUInternationalization: ICU TimeZone Detection - Raw Offset: +10:00, Platform Override: ''
LogPluginManager: Mounting plugin Paper2D
LogPluginManager: Mounting plugin AISupport
LogPluginManager: Mounting plugin LightPropagationVolume
LogPluginManager: Mounting plugin ActorLayerUtilities
LogPluginManager: Mounting plugin CLionSourceCodeAccess
LogPluginManager: Mounting plugin CodeLiteSourceCodeAccess
LogPluginManager: Mounting plugin GitSourceControl
LogPluginManager: Mounting plugin KDevelopSourceCodeAccess
LogPluginManager: Mounting plugin NullSourceCodeAccess
LogPluginManager: Mounting plugin PerforceSourceControl
LogPluginManager: Mounting plugin SubversionSourceControl
LogPluginManager: Mounting plugin UObjectPlugin
LogPluginManager: Mounting plugin VisualStudioCodeSourceCodeAccess
LogPluginManager: Mounting plugin VisualStudioSourceCodeAccess
LogPluginManager: Mounting plugin XCodeSourceCodeAccess
LogPluginManager: Mounting plugin AssetManagerEditor
LogPluginManager: Mounting plugin CryptoKeys
LogPluginManager: Mounting plugin DataValidation
LogPluginManager: Mounting plugin FacialAnimation
LogPluginManager: Mounting plugin GameplayTagsEditor
LogPluginManager: Mounting plugin MacGraphicsSwitching
LogPluginManager: Mounting plugin MeshEditor
LogPluginManager: Mounting plugin MobileLauncherProfileWizard
LogPluginManager: Mounting plugin PluginBrowser
LogPluginManager: Mounting plugin SpeedTreeImporter
LogPluginManager: Mounting plugin DatasmithContent
LogPluginManager: Mounting plugin VariantManagerContent
LogPluginManager: Mounting plugin AlembicImporter
LogPluginManager: Mounting plugin AppleImageUtils
LogPluginManager: Mounting plugin AppleVision
LogPluginManager: Mounting plugin BackChannel
LogPluginManager: Mounting plugin CharacterAI
LogPluginManager: Mounting plugin GeometryCache
LogPluginManager: Mounting plugin HTML5Networking
LogPluginManager: Mounting plugin ProxyLODPlugin
LogPluginManager: Mounting plugin MagicLeap
LogPluginManager: Mounting plugin MagicLeapMedia
LogPluginManager: Mounting plugin AndroidMedia
LogPluginManager: Mounting plugin AvfMedia
LogPluginManager: Mounting plugin ImgMedia
LogPluginManager: Mounting plugin LinearTimecode
LogPluginManager: Mounting plugin MediaCompositing
LogPluginManager: Mounting plugin MediaPlayerEditor
LogPluginManager: Mounting plugin WebMMedia
LogPluginManager: Mounting plugin WmfMedia
LogPluginManager: Mounting plugin TcpMessaging
LogPluginManager: Mounting plugin UdpMessaging
LogPluginManager: Mounting plugin ActorSequence
LogPluginManager: Mounting plugin LevelSequenceEditor
LogPluginManager: Mounting plugin MatineeToLevelSequence
LogPluginManager: Mounting plugin NetcodeUnitTest
LogPluginManager: Mounting plugin NUTUnrealEngine4
LogPluginManager: Mounting plugin OnlineSubsystemGooglePlay
LogPluginManager: Mounting plugin OnlineSubsystemIOS
LogPluginManager: Mounting plugin OnlineSubsystem
LogPluginManager: Mounting plugin OnlineSubsystemNull
LogPluginManager: Mounting plugin OnlineSubsystemUtils
LogPluginManager: Mounting plugin LauncherChunkInstaller
LogPluginManager: Mounting plugin AndroidDeviceProfileSelector
LogPluginManager: Mounting plugin AndroidMoviePlayer
LogPluginManager: Mounting plugin AndroidPermission
LogPluginManager: Mounting plugin AppleMoviePlayer
LogPluginManager: Mounting plugin ArchVisCharacter
LogPluginManager: Mounting plugin AudioCapture
LogPluginManager: Mounting plugin CableComponent
LogPluginManager: Mounting plugin CustomMeshComponent
LogPluginManager: Mounting plugin EditableMesh
LogPluginManager: Mounting plugin ExampleDeviceProfileSelector
LogPluginManager: Mounting plugin Firebase
LogPluginManager: Mounting plugin GoogleCloudMessaging
LogPluginManager: Mounting plugin IOSDeviceProfileSelector
LogPluginManager: Mounting plugin LinuxDeviceProfileSelector
LogPluginManager: Mounting plugin LocationServicesBPLibrary
LogPluginManager: Mounting plugin MobilePatchingUtils
LogPluginManager: Mounting plugin OculusVR
LogPluginManager: Mounting plugin PhysXVehicles
LogPluginManager: Mounting plugin ProceduralMeshComponent
LogPluginManager: Mounting plugin RuntimePhysXCooking
LogPluginManager: Mounting plugin SteamVR
LogPluginManager: Mounting plugin WebMMoviePlayer
LogPluginManager: Mounting plugin WindowsMoviePlayer
LogStreaming: Display: Took  0.294s to configure plugins.
LogInit: Using libcurl 7.55.1-DEV
LogInit:  - built for x86_64-pc-win32
LogInit:  - supports SSL with OpenSSL/1.0.2h
LogInit:  - supports HTTP deflate (compression) using libz 1.2.8
LogInit:  - other features:
LogInit:      CURL_VERSION_SSL
LogInit:      CURL_VERSION_LIBZ
LogInit:      CURL_VERSION_IPV6
LogInit:      CURL_VERSION_ASYNCHDNS
LogInit:      CURL_VERSION_LARGEFILE
LogInit:      CURL_VERSION_IDN
LogInit:  CurlRequestOptions (configurable via config and command line):
LogInit:  - bVerifyPeer = true  - Libcurl will verify peer certificate
LogInit:  - bUseHttpProxy = false  - Libcurl will NOT use HTTP proxy
LogInit:  - bDontReuseConnections = false  - Libcurl will reuse connections
LogInit:  - MaxHostConnections = 16  - Libcurl will limit the number of connections to a host
LogInit:  - LocalHostAddr = Default
LogInit:  - BufferSize = 65536
LogInit: WinSock: version 1.1 (2.2), MaxSocks=32767, MaxUdp=65467
LogInit: Build: ++UE4+Release-4.21-CL-4753647
LogInit: Engine Version: 4.21.2-4753647+++UE4+Release-4.21
LogInit: Compatible Engine Version: 4.21.0-4541578+++UE4+Release-4.21
LogInit: Net CL: 4541578
LogInit: OS: Windows 10 (), CPU:        Intel(R) Core(TM) i7-2600K CPU @ 3.40GHz, GPU: Radeon RX 570 Series
LogInit: Compiled (64-bit): Jan 19 2019 02:07:31
LogInit: Compiled with Visual C++: 19.13.26129.00
LogInit: Build Configuration: Development
LogInit: Branch Name: ++UE4+Release-4.21
LogInit: Command Line: 
LogInit: Base Directory: D:/UE_4.21/Engine/Binaries/Win64/
LogInit: Installed Engine Build: 1
LogDevObjectVersion: Number of dev versions registered: 22
LogDevObjectVersion:   Dev-Blueprints (B0D832E4-1F89-4F0D-ACCF-7EB736FD4AA2): 10
LogDevObjectVersion:   Dev-Build (E1C64328-A22C-4D53-A36C-8E866417BD8C): 0
LogDevObjectVersion:   Dev-Core (375EC13C-06E4-48FB-B500-84F0262A717E): 2
LogDevObjectVersion:   Dev-Editor (E4B068ED-F494-42E9-A231-DA0B2E46BB41): 26
LogDevObjectVersion:   Dev-Framework (CFFC743F-43B0-4480-9391-14DF171D2073): 34
LogDevObjectVersion:   Dev-Mobile (B02B49B5-BB20-44E9-A304-32B752E40360): 2
LogDevObjectVersion:   Dev-Networking (A4E4105C-59A1-49B5-A7C5-40C4547EDFEE): 0
LogDevObjectVersion:   Dev-Online (39C831C9-5AE6-47DC-9A44-9C173E1C8E7C): 0
LogDevObjectVersion:   Dev-Physics (78F01B33-EBEA-4F98-B9B4-84EACCB95AA2): 0
LogDevObjectVersion:   Dev-Platform (6631380F-2D4D-43E0-8009-CF276956A95A): 0
LogDevObjectVersion:   Dev-Rendering (12F88B9F-8875-4AFC-A67C-D90C383ABD29): 27
LogDevObjectVersion:   Dev-Sequencer (7B5AE74C-D270-4C10-A958-57980B212A5A): 9
LogDevObjectVersion:   Dev-VR (D7296918-1DD6-4BDD-9DE2-64A83CC13884): 2
LogDevObjectVersion:   Dev-LoadTimes (C2A15278-BFE7-4AFE-6C17-90FF531DF755): 1
LogDevObjectVersion:   Private-Geometry (6EACA3D4-40EC-4CC1-B786-8BED09428FC5): 3
LogDevObjectVersion:   Dev-AnimPhys (29E575DD-E0A3-4627-9D10-D276232CDCEA): 17
LogDevObjectVersion:   Dev-Anim (AF43A65D-7FD3-4947-9873-3E8ED9C1BB05): 2
LogDevObjectVersion:   Dev-ReflectionCapture (6B266CEC-1EC7-4B8F-A30B-E4D90942FC07): 1
LogDevObjectVersion:   Dev-Automation (0DF73D61-A23F-47EA-B727-89E90C41499A): 1
LogDevObjectVersion:   FortniteMain (601D1886-AC64-4F84-AA16-D3DE0DEAC7D6): 17
LogDevObjectVersion:   Dev-Enterprise (9DFFBCD6-494F-0158-E221-12823C92A888): 4
LogDevObjectVersion:   Dev-Niagara (F2AED0AC-9AFE-416F-8664-AA7FFA26D6FC): 1
LogStreaming: Display: Took  0.001s to delete old logs.
LogInit: Presizing for max 8388607 objects, including 0 objects not considered by GC, pre-allocating 0 bytes for permanent pool.
LogInit: Object subsystem initialized
LogConfig: Setting CVar [[con.DebugEarlyDefault:1]]
LogConfig: Setting CVar [[r.setres:1280x720]]
[2020.03.02-06.06.02:003][  0]LogConfig: Setting CVar [[r.VSync:0]]
[2020.03.02-06.06.02:003][  0]LogConfig: Setting CVar [[r.RHICmdBypass:0]]
[2020.03.02-06.06.02:003][  0]LogConfig: Applying CVar settings from Section [/Script/Engine.RendererSettings] File [G:/Johnson/Saved/Config/Windows/Engine.ini]
[2020.03.02-06.06.02:003][  0]LogConfig: Setting CVar [[r.GPUCrashDebugging:0]]
[2020.03.02-06.06.02:003][  0]LogConfig: Applying CVar settings from Section [/Script/Engine.RendererOverrideSettings] File [G:/Johnson/Saved/Config/Windows/Engine.ini]
[2020.03.02-06.06.02:003][  0]LogConfig: Applying CVar settings from Section [/Script/Engine.StreamingSettings] File [G:/Johnson/Saved/Config/Windows/Engine.ini]
[2020.03.02-06.06.02:003][  0]LogConfig: Setting CVar [[s.MinBulkDataSizeForAsyncLoading:131072]]
[2020.03.02-06.06.02:004][  0]LogConfig: Setting CVar [[s.AsyncLoadingThreadEnabled:0]]
[2020.03.02-06.06.02:004][  0]LogConfig: Setting CVar [[s.EventDrivenLoaderEnabled:1]]
[2020.03.02-06.06.02:004][  0]LogConfig: Setting CVar [[s.WarnIfTimeLimitExceeded:0]]
[2020.03.02-06.06.02:004][  0]LogConfig: Setting CVar [[s.TimeLimitExceededMultiplier:1.5]]
[2020.03.02-06.06.02:004][  0]LogConfig: Setting CVar [[s.TimeLimitExceededMinTime:0.005]]
[2020.03.02-06.06.02:004][  0]LogConfig: Setting CVar [[s.UseBackgroundLevelStreaming:1]]
[2020.03.02-06.06.02:004][  0]LogConfig: Setting CVar [[s.PriorityAsyncLoadingExtraTime:15.0]]
[2020.03.02-06.06.02:004][  0]LogConfig: Setting CVar [[s.LevelStreamingActorsUpdateTimeLimit:5.0]]
[2020.03.02-06.06.02:004][  0]LogConfig: Setting CVar [[s.PriorityLevelStreamingActorsUpdateExtraTime:5.0]]
[2020.03.02-06.06.02:004][  0]LogConfig: Setting CVar [[s.LevelStreamingComponentsRegistrationGranularity:10]]
[2020.03.02-06.06.02:004][  0]LogConfig: Setting CVar [[s.UnregisterComponentsTimeLimit:1.0]]
[2020.03.02-06.06.02:004][  0]LogConfig: Setting CVar [[s.LevelStreamingComponentsUnregistrationGranularity:5]]
[2020.03.02-06.06.02:004][  0]LogConfig: Applying CVar settings from Section [/Script/Engine.GarbageCollectionSettings] File [G:/Johnson/Saved/Config/Windows/Engine.ini]
[2020.03.02-06.06.02:004][  0]LogConfig: Setting CVar [[gc.MaxObjectsNotConsideredByGC:1]]
[2020.03.02-06.06.02:004][  0]LogConfig: Setting CVar [[gc.SizeOfPermanentObjectPool:0]]
[2020.03.02-06.06.02:004][  0]LogConfig: Setting CVar [[gc.FlushStreamingOnGC:0]]
[2020.03.02-06.06.02:004][  0]LogConfig: Setting CVar [[gc.NumRetriesBeforeForcingGC:10]]
[2020.03.02-06.06.02:004][  0]LogConfig: Setting CVar [[gc.AllowParallelGC:1]]
[2020.03.02-06.06.02:004][  0]LogConfig: Setting CVar [[gc.TimeBetweenPurgingPendingKillObjects:61.1]]
[2020.03.02-06.06.02:004][  0]LogConfig: Setting CVar [[gc.MaxObjectsInEditor:8388607]]
[2020.03.02-06.06.02:004][  0]LogConfig: Setting CVar [[gc.IncrementalBeginDestroyEnabled:1]]
[2020.03.02-06.06.02:004][  0]LogConfig: Setting CVar [[gc.CreateGCClusters:1]]
[2020.03.02-06.06.02:004][  0]LogConfig: Setting CVar [[gc.MergeGCClusters:0]]
[2020.03.02-06.06.02:004][  0]LogConfig: Setting CVar [[gc.MinGCClusterSize:5]]
[2020.03.02-06.06.02:004][  0]LogConfig: Setting CVar [[gc.ActorClusteringEnabled:0]]
[2020.03.02-06.06.02:004][  0]LogConfig: Setting CVar [[gc.BlueprintClusteringEnabled:0]]
[2020.03.02-06.06.02:004][  0]LogConfig: Setting CVar [[gc.UseDisregardForGCOnDedicatedServers:0]]
[2020.03.02-06.06.02:004][  0]LogConfig: Applying CVar settings from Section [/Script/Engine.NetworkSettings] File [G:/Johnson/Saved/Config/Windows/Engine.ini]
[2020.03.02-06.06.02:004][  0]LogConfig: Applying CVar settings from Section [/Script/UnrealEd.CookerSettings] File [G:/Johnson/Saved/Config/Windows/Engine.ini]
[2020.03.02-06.06.02:015][  0]LogConfig: Applying CVar settings from Section [ViewDistanceQuality@3] File [G:/Johnson/Saved/Config/Windows/Scalability.ini]
[2020.03.02-06.06.02:015][  0]LogConfig: Setting CVar [[r.SkeletalMeshLODBias:0]]
[2020.03.02-06.06.02:015][  0]LogConfig: Setting CVar [[r.ViewDistanceScale:1.0]]
[2020.03.02-06.06.02:015][  0]LogConfig: Applying CVar settings from Section [AntiAliasingQuality@3] File [G:/Johnson/Saved/Config/Windows/Scalability.ini]
[2020.03.02-06.06.02:015][  0]LogConfig: Setting CVar [[r.PostProcessAAQuality:4]]
[2020.03.02-06.06.02:015][  0]LogConfig: Applying CVar settings from Section [ShadowQuality@3] File [G:/Johnson/Saved/Config/Windows/Scalability.ini]
[2020.03.02-06.06.02:015][  0]LogConfig: Setting CVar [[r.LightFunctionQuality:1]]
[2020.03.02-06.06.02:015][  0]LogConfig: Setting CVar [[r.ShadowQuality:5]]
[2020.03.02-06.06.02:015][  0]LogConfig: Setting CVar [[r.Shadow.CSM.MaxCascades:10]]
[2020.03.02-06.06.02:015][  0]LogConfig: Setting CVar [[r.Shadow.MaxResolution:2048]]
[2020.03.02-06.06.02:015][  0]LogConfig: Setting CVar [[r.Shadow.MaxCSMResolution:2048]]
[2020.03.02-06.06.02:015][  0]LogConfig: Setting CVar [[r.Shadow.RadiusThreshold:0.01]]
[2020.03.02-06.06.02:015][  0]LogConfig: Setting CVar [[r.Shadow.DistanceScale:1.0]]
[2020.03.02-06.06.02:015][  0]LogConfig: Setting CVar [[r.Shadow.CSM.TransitionScale:1.0]]
[2020.03.02-06.06.02:015][  0]LogConfig: Setting CVar [[r.Shadow.PreShadowResolutionFactor:1.0]]
[2020.03.02-06.06.02:015][  0]LogConfig: Setting CVar [[r.DistanceFieldShadowing:1]]
[2020.03.02-06.06.02:015][  0]LogConfig: Setting CVar [[r.DistanceFieldAO:1]]
[2020.03.02-06.06.02:015][  0]LogConfig: Setting CVar [[r.AOQuality:2]]
[2020.03.02-06.06.02:015][  0]LogConfig: Setting CVar [[r.VolumetricFog:1]]
[2020.03.02-06.06.02:015][  0]LogConfig: Setting CVar [[r.VolumetricFog.GridPixelSize:8]]
[2020.03.02-06.06.02:015][  0]LogConfig: Setting CVar [[r.VolumetricFog.GridSizeZ:128]]
[2020.03.02-06.06.02:015][  0]LogConfig: Setting CVar [[r.VolumetricFog.HistoryMissSupersampleCount:4]]
[2020.03.02-06.06.02:015][  0]LogConfig: Setting CVar [[r.LightMaxDrawDistanceScale:1]]
[2020.03.02-06.06.02:016][  0]LogConfig: Setting CVar [[r.CapsuleShadows:1]]
[2020.03.02-06.06.02:016][  0]LogConfig: Applying CVar settings from Section [PostProcessQuality@3] File [G:/Johnson/Saved/Config/Windows/Scalability.ini]
[2020.03.02-06.06.02:016][  0]LogConfig: Setting CVar [[r.MotionBlurQuality:4]]
[2020.03.02-06.06.02:016][  0]LogConfig: Setting CVar [[r.AmbientOcclusionMipLevelFactor:0.4]]
[2020.03.02-06.06.02:016][  0]LogConfig: Setting CVar [[r.AmbientOcclusionMaxQuality:100]]
[2020.03.02-06.06.02:016][  0]LogConfig: Setting CVar [[r.AmbientOcclusionLevels:-1]]
[2020.03.02-06.06.02:016][  0]LogConfig: Setting CVar [[r.AmbientOcclusionRadiusScale:1.0]]
[2020.03.02-06.06.02:016][  0]LogConfig: Setting CVar [[r.DepthOfFieldQuality:2]]
[2020.03.02-06.06.02:016][  0]LogConfig: Setting CVar [[r.RenderTargetPoolMin:400]]
[2020.03.02-06.06.02:016][  0]LogConfig: Setting CVar [[r.LensFlareQuality:2]]
[2020.03.02-06.06.02:016][  0]LogConfig: Setting CVar [[r.SceneColorFringeQuality:1]]
[2020.03.02-06.06.02:016][  0]LogConfig: Setting CVar [[r.EyeAdaptationQuality:2]]
[2020.03.02-06.06.02:016][  0]LogConfig: Setting CVar [[r.BloomQuality:5]]
[2020.03.02-06.06.02:016][  0]LogConfig: Setting CVar [[r.FastBlurThreshold:100]]
[2020.03.02-06.06.02:016][  0]LogConfig: Setting CVar [[r.Upscale.Quality:3]]
[2020.03.02-06.06.02:016][  0]LogConfig: Setting CVar [[r.Tonemapper.GrainQuantization:1]]
[2020.03.02-06.06.02:016][  0]LogConfig: Setting CVar [[r.LightShaftQuality:1]]
[2020.03.02-06.06.02:016][  0]LogConfig: Setting CVar [[r.Filter.SizeScale:1]]
[2020.03.02-06.06.02:016][  0]LogConfig: Setting CVar [[r.Tonemapper.Quality:5]]
[2020.03.02-06.06.02:016][  0]LogConfig: Setting CVar [[r.DOF.Gather.AccumulatorQuality:1        ; higher gathering accumulator quality]]
[2020.03.02-06.06.02:016][  0]LogConfig: Setting CVar [[r.DOF.Gather.PostfilterMethod:1          ; Median3x3 postfilering method]]
[2020.03.02-06.06.02:016][  0]LogConfig: Setting CVar [[r.DOF.Gather.EnableBokehSettings:0       ; no bokeh simulation when gathering]]
[2020.03.02-06.06.02:016][  0]LogConfig: Setting CVar [[r.DOF.Gather.RingCount:4                 ; medium number of samples when gathering]]
[2020.03.02-06.06.02:016][  0]LogConfig: Setting CVar [[r.DOF.Scatter.ForegroundCompositing:1    ; additive foreground scattering]]
[2020.03.02-06.06.02:016][  0]LogConfig: Setting CVar [[r.DOF.Scatter.BackgroundCompositing:2    ; additive background scattering]]
[2020.03.02-06.06.02:016][  0]LogConfig: Setting CVar [[r.DOF.Scatter.EnableBokehSettings:1      ; bokeh simulation when scattering]]
[2020.03.02-06.06.02:016][  0]LogConfig: Setting CVar [[r.DOF.Scatter.MaxSpriteRatio:0.1         ; only a maximum of 10% of scattered bokeh]]
[2020.03.02-06.06.02:016][  0]LogConfig: Setting CVar [[r.DOF.Recombine.Quality:1                ; cheap slight out of focus]]
[2020.03.02-06.06.02:016][  0]LogConfig: Setting CVar [[r.DOF.Recombine.EnableBokehSettings:0    ; no bokeh simulation on slight out of focus]]
[2020.03.02-06.06.02:016][  0]LogConfig: Setting CVar [[r.DOF.TemporalAAQuality:1                ; more stable temporal accumulation]]
[2020.03.02-06.06.02:016][  0]LogConfig: Setting CVar [[r.DOF.Kernel.MaxForegroundRadius:0.025]]
[2020.03.02-06.06.02:016][  0]LogConfig: Setting CVar [[r.DOF.Kernel.MaxBackgroundRadius:0.025]]
[2020.03.02-06.06.02:016][  0]LogConfig: Applying CVar settings from Section [TextureQuality@3] File [G:/Johnson/Saved/Config/Windows/Scalability.ini]
[2020.03.02-06.06.02:016][  0]LogConfig: Setting CVar [[r.Streaming.MipBias:0]]
[2020.03.02-06.06.02:016][  0]LogConfig: Setting CVar [[r.Streaming.AmortizeCPUToGPUCopy:0]]
[2020.03.02-06.06.02:016][  0]LogConfig: Setting CVar [[r.Streaming.MaxNumTexturesToStreamPerFrame:0]]
[2020.03.02-06.06.02:016][  0]LogConfig: Setting CVar [[r.Streaming.Boost:1]]
[2020.03.02-06.06.02:016][  0]LogConfig: Setting CVar [[r.MaxAnisotropy:8]]
[2020.03.02-06.06.02:016][  0]LogConfig: Setting CVar [[r.Streaming.LimitPoolSizeToVRAM:0]]
[2020.03.02-06.06.02:016][  0]LogConfig: Setting CVar [[r.Streaming.PoolSize:1000]]
[2020.03.02-06.06.02:016][  0]LogConfig: Setting CVar [[r.Streaming.MaxEffectiveScreenSize:0]]
[2020.03.02-06.06.02:016][  0]LogConfig: Applying CVar settings from Section [EffectsQuality@3] File [G:/Johnson/Saved/Config/Windows/Scalability.ini]
[2020.03.02-06.06.02:016][  0]LogConfig: Setting CVar [[r.TranslucencyLightingVolumeDim:64]]
[2020.03.02-06.06.02:016][  0]LogConfig: Setting CVar [[r.RefractionQuality:2]]
[2020.03.02-06.06.02:016][  0]LogConfig: Setting CVar [[r.SSR.Quality:3]]
[2020.03.02-06.06.02:016][  0]LogConfig: Setting CVar [[r.SceneColorFormat:4]]
[2020.03.02-06.06.02:016][  0]LogConfig: Setting CVar [[r.DetailMode:2]]
[2020.03.02-06.06.02:016][  0]LogConfig: Setting CVar [[r.TranslucencyVolumeBlur:1]]
[2020.03.02-06.06.02:016][  0]LogConfig: Setting CVar [[r.MaterialQualityLevel:1 ; High quality]]
[2020.03.02-06.06.02:016][  0]LogConfig: Setting CVar [[r.SSS.Scale:1]]
[2020.03.02-06.06.02:016][  0]LogConfig: Setting CVar [[r.SSS.SampleSet:2]]
[2020.03.02-06.06.02:016][  0]LogConfig: Setting CVar [[r.SSS.Quality:1]]
[2020.03.02-06.06.02:016][  0]LogConfig: Setting CVar [[r.SSS.HalfRes:1]]
[2020.03.02-06.06.02:016][  0]LogConfig: Setting CVar [[r.EmitterSpawnRateScale:1.0]]
[2020.03.02-06.06.02:016][  0]LogConfig: Setting CVar [[r.ParticleLightQuality:2]]
[2020.03.02-06.06.02:016][  0]LogConfig: Applying CVar settings from Section [FoliageQuality@3] File [G:/Johnson/Saved/Config/Windows/Scalability.ini]
[2020.03.02-06.06.02:016][  0]LogConfig: Setting CVar [[foliage.DensityScale:1.0]]
[2020.03.02-06.06.02:016][  0]LogConfig: Setting CVar [[grass.DensityScale:1.0]]
[2020.03.02-06.06.02:017][  0]LogInit: Selected Device Profile: [Windows]
[2020.03.02-06.06.02:017][  0]LogInit: Applying CVar settings loaded from the selected device profile: [Windows]
[2020.03.02-06.06.02:055][  0]LogHAL: Display: Platform has ~ 16 GB [17162162176 / 17179869184 / 16], which maps to Larger [LargestMinGB=32, LargerMinGB=12, DefaultMinGB=8, SmallerMinGB=6, SmallestMinGB=0)
[2020.03.02-06.06.02:055][  0]LogConfig: Setting CVar [[r.Vulkan.UseRealUBs:1]]
[2020.03.02-06.06.02:055][  0]LogInit: Going up to parent DeviceProfile []
[2020.03.02-06.06.02:055][  0]LogConfig: Applying CVar settings from Section [ViewDistanceQuality@3] File [G:/Johnson/Saved/Config/Windows/Scalability.ini]
[2020.03.02-06.06.02:055][  0]LogConfig: Setting CVar [[r.SkeletalMeshLODBias:0]]
[2020.03.02-06.06.02:055][  0]LogConfig: Setting CVar [[r.ViewDistanceScale:1.0]]
[2020.03.02-06.06.02:055][  0]LogConfig: Applying CVar settings from Section [AntiAliasingQuality@3] File [G:/Johnson/Saved/Config/Windows/Scalability.ini]
[2020.03.02-06.06.02:055][  0]LogConfig: Setting CVar [[r.PostProcessAAQuality:4]]
[2020.03.02-06.06.02:055][  0]LogConfig: Applying CVar settings from Section [ShadowQuality@3] File [G:/Johnson/Saved/Config/Windows/Scalability.ini]
[2020.03.02-06.06.02:055][  0]LogConfig: Setting CVar [[r.LightFunctionQuality:1]]
[2020.03.02-06.06.02:055][  0]LogConfig: Setting CVar [[r.ShadowQuality:5]]
[2020.03.02-06.06.02:055][  0]LogConfig: Setting CVar [[r.Shadow.CSM.MaxCascades:10]]
[2020.03.02-06.06.02:055][  0]LogConfig: Setting CVar [[r.Shadow.MaxResolution:2048]]
[2020.03.02-06.06.02:055][  0]LogConfig: Setting CVar [[r.Shadow.MaxCSMResolution:2048]]
[2020.03.02-06.06.02:055][  0]LogConfig: Setting CVar [[r.Shadow.RadiusThreshold:0.01]]
[2020.03.02-06.06.02:055][  0]LogConfig: Setting CVar [[r.Shadow.DistanceScale:1.0]]
[2020.03.02-06.06.02:055][  0]LogConfig: Setting CVar [[r.Shadow.CSM.TransitionScale:1.0]]
[2020.03.02-06.06.02:055][  0]LogConfig: Setting CVar [[r.Shadow.PreShadowResolutionFactor:1.0]]
[2020.03.02-06.06.02:055][  0]LogConfig: Setting CVar [[r.DistanceFieldShadowing:1]]
[2020.03.02-06.06.02:055][  0]LogConfig: Setting CVar [[r.DistanceFieldAO:1]]
[2020.03.02-06.06.02:055][  0]LogConfig: Setting CVar [[r.AOQuality:2]]
[2020.03.02-06.06.02:055][  0]LogConfig: Setting CVar [[r.VolumetricFog:1]]
[2020.03.02-06.06.02:055][  0]LogConfig: Setting CVar [[r.VolumetricFog.GridPixelSize:8]]
[2020.03.02-06.06.02:055][  0]LogConfig: Setting CVar [[r.VolumetricFog.GridSizeZ:128]]
[2020.03.02-06.06.02:055][  0]LogConfig: Setting CVar [[r.VolumetricFog.HistoryMissSupersampleCount:4]]
[2020.03.02-06.06.02:055][  0]LogConfig: Setting CVar [[r.LightMaxDrawDistanceScale:1]]
[2020.03.02-06.06.02:055][  0]LogConfig: Setting CVar [[r.CapsuleShadows:1]]
[2020.03.02-06.06.02:055][  0]LogConfig: Applying CVar settings from Section [PostProcessQuality@3] File [G:/Johnson/Saved/Config/Windows/Scalability.ini]
[2020.03.02-06.06.02:055][  0]LogConfig: Setting CVar [[r.MotionBlurQuality:4]]
[2020.03.02-06.06.02:055][  0]LogConfig: Setting CVar [[r.AmbientOcclusionMipLevelFactor:0.4]]
[2020.03.02-06.06.02:055][  0]LogConfig: Setting CVar [[r.AmbientOcclusionMaxQuality:100]]
[2020.03.02-06.06.02:055][  0]LogConfig: Setting CVar [[r.AmbientOcclusionLevels:-1]]
[2020.03.02-06.06.02:055][  0]LogConfig: Setting CVar [[r.AmbientOcclusionRadiusScale:1.0]]
[2020.03.02-06.06.02:055][  0]LogConfig: Setting CVar [[r.DepthOfFieldQuality:2]]
[2020.03.02-06.06.02:055][  0]LogConfig: Setting CVar [[r.RenderTargetPoolMin:400]]
[2020.03.02-06.06.02:055][  0]LogConfig: Setting CVar [[r.LensFlareQuality:2]]
[2020.03.02-06.06.02:055][  0]LogConfig: Setting CVar [[r.SceneColorFringeQuality:1]]
[2020.03.02-06.06.02:055][  0]LogConfig: Setting CVar [[r.EyeAdaptationQuality:2]]
[2020.03.02-06.06.02:055][  0]LogConfig: Setting CVar [[r.BloomQuality:5]]
[2020.03.02-06.06.02:055][  0]LogConfig: Setting CVar [[r.FastBlurThreshold:100]]
[2020.03.02-06.06.02:055][  0]LogConfig: Setting CVar [[r.Upscale.Quality:3]]
[2020.03.02-06.06.02:055][  0]LogConfig: Setting CVar [[r.Tonemapper.GrainQuantization:1]]
[2020.03.02-06.06.02:055][  0]LogConfig: Setting CVar [[r.LightShaftQuality:1]]
[2020.03.02-06.06.02:055][  0]LogConfig: Setting CVar [[r.Filter.SizeScale:1]]
[2020.03.02-06.06.02:055][  0]LogConfig: Setting CVar [[r.Tonemapper.Quality:5]]
[2020.03.02-06.06.02:055][  0]LogConfig: Setting CVar [[r.DOF.Gather.AccumulatorQuality:1        ; higher gathering accumulator quality]]
[2020.03.02-06.06.02:055][  0]LogConfig: Setting CVar [[r.DOF.Gather.PostfilterMethod:1          ; Median3x3 postfilering method]]
[2020.03.02-06.06.02:055][  0]LogConfig: Setting CVar [[r.DOF.Gather.EnableBokehSettings:0       ; no bokeh simulation when gathering]]
[2020.03.02-06.06.02:056][  0]LogConfig: Setting CVar [[r.DOF.Gather.RingCount:4                 ; medium number of samples when gathering]]
[2020.03.02-06.06.02:056][  0]LogConfig: Setting CVar [[r.DOF.Scatter.ForegroundCompositing:1    ; additive foreground scattering]]
[2020.03.02-06.06.02:056][  0]LogConfig: Setting CVar [[r.DOF.Scatter.BackgroundCompositing:2    ; additive background scattering]]
[2020.03.02-06.06.02:056][  0]LogConfig: Setting CVar [[r.DOF.Scatter.EnableBokehSettings:1      ; bokeh simulation when scattering]]
[2020.03.02-06.06.02:056][  0]LogConfig: Setting CVar [[r.DOF.Scatter.MaxSpriteRatio:0.1         ; only a maximum of 10% of scattered bokeh]]
[2020.03.02-06.06.02:056][  0]LogConfig: Setting CVar [[r.DOF.Recombine.Quality:1                ; cheap slight out of focus]]
[2020.03.02-06.06.02:056][  0]LogConfig: Setting CVar [[r.DOF.Recombine.EnableBokehSettings:0    ; no bokeh simulation on slight out of focus]]
[2020.03.02-06.06.02:056][  0]LogConfig: Setting CVar [[r.DOF.TemporalAAQuality:1                ; more stable temporal accumulation]]
[2020.03.02-06.06.02:056][  0]LogConfig: Setting CVar [[r.DOF.Kernel.MaxForegroundRadius:0.025]]
[2020.03.02-06.06.02:056][  0]LogConfig: Setting CVar [[r.DOF.Kernel.MaxBackgroundRadius:0.025]]
[2020.03.02-06.06.02:056][  0]LogConfig: Applying CVar settings from Section [TextureQuality@3] File [G:/Johnson/Saved/Config/Windows/Scalability.ini]
[2020.03.02-06.06.02:056][  0]LogConfig: Setting CVar [[r.Streaming.MipBias:0]]
[2020.03.02-06.06.02:056][  0]LogConfig: Setting CVar [[r.Streaming.AmortizeCPUToGPUCopy:0]]
[2020.03.02-06.06.02:056][  0]LogConfig: Setting CVar [[r.Streaming.MaxNumTexturesToStreamPerFrame:0]]
[2020.03.02-06.06.02:056][  0]LogConfig: Setting CVar [[r.Streaming.Boost:1]]
[2020.03.02-06.06.02:056][  0]LogConfig: Setting CVar [[r.MaxAnisotropy:8]]
[2020.03.02-06.06.02:056][  0]LogConfig: Setting CVar [[r.Streaming.LimitPoolSizeToVRAM:0]]
[2020.03.02-06.06.02:056][  0]LogConfig: Setting CVar [[r.Streaming.PoolSize:1000]]
[2020.03.02-06.06.02:056][  0]LogConfig: Setting CVar [[r.Streaming.MaxEffectiveScreenSize:0]]
[2020.03.02-06.06.02:056][  0]LogConfig: Applying CVar settings from Section [EffectsQuality@3] File [G:/Johnson/Saved/Config/Windows/Scalability.ini]
[2020.03.02-06.06.02:056][  0]LogConfig: Setting CVar [[r.TranslucencyLightingVolumeDim:64]]
[2020.03.02-06.06.02:056][  0]LogConfig: Setting CVar [[r.RefractionQuality:2]]
[2020.03.02-06.06.02:056][  0]LogConfig: Setting CVar [[r.SSR.Quality:3]]
[2020.03.02-06.06.02:056][  0]LogConfig: Setting CVar [[r.SceneColorFormat:4]]
[2020.03.02-06.06.02:056][  0]LogConfig: Setting CVar [[r.DetailMode:2]]
[2020.03.02-06.06.02:056][  0]LogConfig: Setting CVar [[r.TranslucencyVolumeBlur:1]]
[2020.03.02-06.06.02:056][  0]LogConfig: Setting CVar [[r.MaterialQualityLevel:1 ; High quality]]
[2020.03.02-06.06.02:056][  0]LogConfig: Setting CVar [[r.SSS.Scale:1]]
[2020.03.02-06.06.02:056][  0]LogConfig: Setting CVar [[r.SSS.SampleSet:2]]
[2020.03.02-06.06.02:056][  0]LogConfig: Setting CVar [[r.SSS.Quality:1]]
[2020.03.02-06.06.02:056][  0]LogConfig: Setting CVar [[r.SSS.HalfRes:1]]
[2020.03.02-06.06.02:056][  0]LogConfig: Setting CVar [[r.EmitterSpawnRateScale:1.0]]
[2020.03.02-06.06.02:056][  0]LogConfig: Setting CVar [[r.ParticleLightQuality:2]]
[2020.03.02-06.06.02:056][  0]LogConfig: Applying CVar settings from Section [FoliageQuality@3] File [G:/Johnson/Saved/Config/Windows/Scalability.ini]
[2020.03.02-06.06.02:056][  0]LogConfig: Setting CVar [[foliage.DensityScale:1.0]]
[2020.03.02-06.06.02:056][  0]LogConfig: Setting CVar [[grass.DensityScale:1.0]]
[2020.03.02-06.06.02:056][  0]LogConfig: Applying CVar settings from Section [Startup] File [../../../Engine/Config/ConsoleVariables.ini]
[2020.03.02-06.06.02:057][  0]LogConfig: Setting CVar [[net.UseAdaptiveNetUpdateFrequency:0]]
[2020.03.02-06.06.02:057][  0]LogConfig: Applying CVar settings from Section [ConsoleVariables] File [G:/Johnson/Saved/Config/Windows/Engine.ini]
[2020.03.02-06.06.02:057][  0]LogInit: Computer: DESKTOP-6H6P7BF
[2020.03.02-06.06.02:057][  0]LogInit: User: Devlyn
[2020.03.02-06.06.02:057][  0]LogInit: CPU Page size=4096, Cores=4
[2020.03.02-06.06.02:057][  0]LogInit: High frequency timer resolution =10.000000 MHz
[2020.03.02-06.06.02:057][  0]LogMemory: Memory total: Physical=16.0GB (16GB approx)
[2020.03.02-06.06.02:057][  0]LogMemory: Platform Memory Stats for Windows
[2020.03.02-06.06.02:057][  0]LogMemory: Process Physical Memory: 102.68 MB used, 102.68 MB peak
[2020.03.02-06.06.02:057][  0]LogMemory: Process Virtual Memory: 91.22 MB used, 91.22 MB peak
[2020.03.02-06.06.02:057][  0]LogMemory: Physical Memory: 5626.07 MB used,  10741.04 MB free, 16367.11 MB total
[2020.03.02-06.06.02:057][  0]LogMemory: Virtual Memory: 4635.81 MB used,  134213096.00 MB free, 134217728.00 MB total
[2020.03.02-06.06.02:075][  0]LogInit: Using OS detected language (en-US).
[2020.03.02-06.06.02:076][  0]LogInit: Using OS detected locale (en-AU).
[2020.03.02-06.06.02:077][  0]LogTextLocalizationManager: No specific localization for 'en-US' exists, so the 'en' localization will be used.
[2020.03.02-06.06.02:555][  0]LogStreaming: Display: Took  0.480s to InitEngineTextLocalization.
[2020.03.02-06.06.02:555][  0]LogInit: Setting process to per monitor DPI aware
[2020.03.02-06.06.02:601][  0]LogSlate: New Slate User Created.  User Index 0, Is Virtual User: 0
[2020.03.02-06.06.02:601][  0]LogSlate: Slate User Registered.  User Index 0, Is Virtual User: 0
[2020.03.02-06.06.03:071][  0]LogHMD: Failed to initialize OpenVR with code 108
[2020.03.02-06.06.03:071][  0]LogD3D11RHI: D3D11 adapters:
[2020.03.02-06.06.03:101][  0]LogD3D11RHI:    0. 'Radeon RX 570 Series' (Feature Level 11_0)
[2020.03.02-06.06.03:101][  0]LogD3D11RHI:       4041/0/8183 MB DedicatedVideo/DedicatedSystem/SharedSystem, Outputs:2, VendorId:0x1002
[2020.03.02-06.06.03:104][  0]LogD3D11RHI:    1. 'Microsoft Basic Render Driver' (Feature Level 11_0)
[2020.03.02-06.06.03:104][  0]LogD3D11RHI:       0/0/8183 MB DedicatedVideo/DedicatedSystem/SharedSystem, Outputs:0, VendorId:0x1414
[2020.03.02-06.06.03:104][  0]LogD3D11RHI: Chosen D3D11 Adapter: 0
[2020.03.02-06.06.03:111][  0]LogD3D11RHI: Creating new Direct3DDevice
[2020.03.02-06.06.03:111][  0]LogD3D11RHI:     GPU DeviceId: 0x67df (for the marketing name, search the web for "GPU Device Id")
[2020.03.02-06.06.03:111][  0]LogWindows: EnumDisplayDevices:
[2020.03.02-06.06.03:111][  0]LogWindows:    0. 'Radeon RX 570 Series' (P:1 D:1)
[2020.03.02-06.06.03:112][  0]LogWindows:    1. 'Radeon RX 570 Series' (P:0 D:1)
[2020.03.02-06.06.03:112][  0]LogWindows:    2. 'Radeon RX 570 Series' (P:0 D:0)
[2020.03.02-06.06.03:113][  0]LogWindows:    3. 'Radeon RX 570 Series' (P:0 D:0)
[2020.03.02-06.06.03:113][  0]LogWindows:    4. 'Radeon RX 570 Series' (P:0 D:0)
[2020.03.02-06.06.03:113][  0]LogWindows:    5. 'Radeon RX 570 Series' (P:0 D:0)
[2020.03.02-06.06.03:114][  0]LogWindows:    6. 'Radeon RX 570 Series' (P:0 D:0)
[2020.03.02-06.06.03:114][  0]LogWindows:    7. 'Radeon RX 570 Series' (P:0 D:0)
[2020.03.02-06.06.03:115][  0]LogWindows: DebugString: FoundDriverCount:8 
[2020.03.02-06.06.03:115][  0]LogD3D11RHI:     Adapter Name: Radeon RX 570 Series
[2020.03.02-06.06.03:115][  0]LogD3D11RHI:   Driver Version: Adrenalin 19.20 (internal:26.20.12028.2, unified:26.20.12028.2)
[2020.03.02-06.06.03:115][  0]LogD3D11RHI:      Driver Date: 8-16-2019
[2020.03.02-06.06.03:115][  0]LogRHI: Texture pool is 2828 MB (70% of 4041 MB)
[2020.03.02-06.06.03:207][  0]LogD3D11RHI: Async texture creation enabled
[2020.03.02-06.06.03:219][  0]LogD3D11RHI: GPU Timing Frequency: 25.000000 (Debug: 2 1)
[2020.03.02-06.06.03:574][  0]LogTemp: Display: Loaded TP AllDesktopTargetPlatform
[2020.03.02-06.06.03:822][  0]LogTemp: Display: Loaded TP MacClientTargetPlatform
[2020.03.02-06.06.03:841][  0]LogTemp: Display: Loaded TP MacNoEditorTargetPlatform
[2020.03.02-06.06.03:858][  0]LogTemp: Display: Loaded TP MacServerTargetPlatform
[2020.03.02-06.06.03:883][  0]LogTemp: Display: Loaded TP MacTargetPlatform
[2020.03.02-06.06.04:103][  0]LogTemp: Display: Loaded TP WindowsClientTargetPlatform
[2020.03.02-06.06.05:465][  0]LogTemp: Display: Loaded TP WindowsNoEditorTargetPlatform
[2020.03.02-06.06.05:694][  0]LogTemp: Display: Loaded TP WindowsServerTargetPlatform
[2020.03.02-06.06.05:858][  0]LogTemp: Display: Loaded TP WindowsTargetPlatform
[2020.03.02-06.06.06:316][  0]LogTemp: Display: Loaded TP AndroidTargetPlatform
[2020.03.02-06.06.06:316][  0]LogTemp: Display: Loaded TP AndroidTargetPlatform
[2020.03.02-06.06.06:316][  0]LogTemp: Display: Loaded TP AndroidTargetPlatform
[2020.03.02-06.06.06:316][  0]LogTemp: Display: Loaded TP AndroidTargetPlatform
[2020.03.02-06.06.06:316][  0]LogTemp: Display: Loaded TP AndroidTargetPlatform
[2020.03.02-06.06.06:316][  0]LogTemp: Display: Loaded TP AndroidTargetPlatform
[2020.03.02-06.06.06:317][  0]LogTemp: Display: Loaded TP AndroidTargetPlatform
[2020.03.02-06.06.06:317][  0]LogTemp: Display: Loaded TP AndroidTargetPlatform
[2020.03.02-06.06.06:317][  0]LogTemp: Display: Loaded TP AndroidTargetPlatform
[2020.03.02-06.06.06:317][  0]LogTemp: Display: Loaded TP AndroidTargetPlatform
[2020.03.02-06.06.06:317][  0]LogTemp: Display: Loaded TP AndroidTargetPlatform
[2020.03.02-06.06.06:317][  0]LogTemp: Display: Loaded TP AndroidTargetPlatform
[2020.03.02-06.06.06:317][  0]LogTemp: Display: Loaded TP AndroidTargetPlatform
[2020.03.02-06.06.06:317][  0]LogTemp: Display: Loaded TP AndroidTargetPlatform
[2020.03.02-06.06.06:317][  0]LogTemp: Display: Loaded TP AndroidTargetPlatform
[2020.03.02-06.06.06:317][  0]LogTemp: Display: Loaded TP AndroidTargetPlatform
[2020.03.02-06.06.06:317][  0]LogTemp: Display: Loaded TP AndroidTargetPlatform
[2020.03.02-06.06.06:317][  0]LogTemp: Display: Loaded TP AndroidTargetPlatform
[2020.03.02-06.06.06:580][  0]LogTemp: Display: Loaded TP HTML5TargetPlatform
[2020.03.02-06.06.07:557][  0]LogTemp: Display: Loaded TP IOSTargetPlatform
[2020.03.02-06.06.07:557][  0]LogTemp: Display: Loaded TP IOSTargetPlatform
[2020.03.02-06.06.07:655][  0]LogTemp: Display: Loaded TP TVOSTargetPlatform
[2020.03.02-06.06.07:655][  0]LogTemp: Display: Loaded TP TVOSTargetPlatform
[2020.03.02-06.06.07:749][  0]LogTemp: Display: Loaded TP LinuxClientTargetPlatform
[2020.03.02-06.06.07:881][  0]LogTemp: Display: Loaded TP LinuxNoEditorTargetPlatform
[2020.03.02-06.06.08:012][  0]LogTemp: Display: Loaded TP LinuxServerTargetPlatform
[2020.03.02-06.06.08:238][  0]LogTemp: Display: Loaded TP LinuxTargetPlatform
[2020.03.02-06.06.08:442][  0]LogTemp: Display: Loaded TP LuminTargetPlatform
[2020.03.02-06.06.08:442][  0]LogTemp: Display: Loaded TP LuminTargetPlatform
[2020.03.02-06.06.08:442][  0]LogTargetPlatformManager: Display: Building Assets For Windows
[2020.03.02-06.06.10:543][  0]LogShaderCompilers: Guid format shader working directory is 36 characters bigger than the processId version (G:/Johnson/Intermediate/Shaders/WorkingDirectory/13752/).
[2020.03.02-06.06.10:543][  0]LogShaderCompilers: Cleaned the shader compiler working directory 'C:/Users/Devlyn/AppData/Local/Temp/UnrealShaderWorkingDir/504CCF844DFCDAD6605219A6D68476C0/'.
[2020.03.02-06.06.10:603][  0]LogXGEController: Cannot use XGE Controller as Incredibuild is not installed on this machine.
[2020.03.02-06.06.10:603][  0]LogShaderCompilers: Cannot use XGE Shader Compiler as Incredibuild is not installed on this machine.
[2020.03.02-06.06.10:603][  0]LogShaderCompilers: Display: Using Local Shader Compiler.
[2020.03.02-06.06.13:778][  0]LogDerivedDataCache: Display: Max Cache Size: 512 MB
[2020.03.02-06.06.14:016][  0]LogDerivedDataCache: Loaded boot cache 0.24s 71MB C:/Users/Devlyn/AppData/Local/UnrealEngine/4.21/DerivedDataCache/Boot.ddc.
[2020.03.02-06.06.14:016][  0]LogDerivedDataCache: Display: Loaded Boot cache: C:/Users/Devlyn/AppData/Local/UnrealEngine/4.21/DerivedDataCache/Boot.ddc
[2020.03.02-06.06.14:017][  0]LogDerivedDataCache: FDerivedDataBackendGraph:  Pak pak cache file G:/Johnson/DerivedDataCache/DDC.ddp not found, will not use a pak cache.
[2020.03.02-06.06.14:017][  0]LogDerivedDataCache: Unable to find inner node Pak for hierarchical cache Hierarchy.
[2020.03.02-06.06.14:017][  0]LogDerivedDataCache: FDerivedDataBackendGraph:  CompressedPak pak cache file G:/Johnson/DerivedDataCache/Compressed.ddp not found, will not use a pak cache.
[2020.03.02-06.06.14:017][  0]LogDerivedDataCache: Unable to find inner node CompressedPak for hierarchical cache Hierarchy.
[2020.03.02-06.06.14:104][  0]LogDerivedDataCache: Display: Pak cache opened for reading ../../../Engine/DerivedDataCache/Compressed.ddp.
[2020.03.02-06.06.14:105][  0]LogDerivedDataCache: FDerivedDataBackendGraph:  EnterprisePak pak cache file ../../../Enterprise/DerivedDataCache/Compressed.ddp not found, will not use a pak cache.
[2020.03.02-06.06.14:105][  0]LogDerivedDataCache: Unable to find inner node EnterprisePak for hierarchical cache Hierarchy.
[2020.03.02-06.06.14:131][  0]LogDerivedDataCache: Using Local data cache path C:/Users/Devlyn/AppData/Local/UnrealEngine/Common/DerivedDataCache: Writable
[2020.03.02-06.06.14:131][  0]LogDerivedDataCache: Shared data cache path not found in *engine.ini, will not use an Shared cache.
[2020.03.02-06.06.14:131][  0]LogDerivedDataCache: Unable to find inner node Shared for hierarchical cache Hierarchy.
[2020.03.02-06.06.14:212][  0]LogMaterial: Verifying Global Shaders for PCD3D_SM5
[2020.03.02-06.06.14:326][  0]LogSlate: Using FreeType 2.6.0
[2020.03.02-06.06.14:489][  0]LogSlate: SlateFontServices - WITH_FREETYPE: 1, WITH_HARFBUZZ: 1
[2020.03.02-06.06.16:260][  0]LogAssetRegistry: FAssetRegistry took 0.0516 seconds to start up
[2020.03.02-06.06.19:727][  0]LogInit: Selected Device Profile: [Windows]
[2020.03.02-06.06.21:831][  0]LogSimplygon: Simplygon DLL not present - disabling.
[2020.03.02-06.06.21:959][  0]LogMeshReduction: Using SimplygonSwarm for distributed automatic mesh merging
[2020.03.02-06.06.21:969][  0]LogMeshReduction: Using ProxyLODMeshReduction for automatic mesh merging
[2020.03.02-06.06.21:970][  0]LogMeshReduction: Using QuadricMeshReduction for automatic static mesh reduction
[2020.03.02-06.06.21:970][  0]LogMeshReduction: No automatic skeletal mesh reduction module available
[2020.03.02-06.06.22:521][  0]LogNetVersion: Johnson 1.0.0, NetCL: 4541578, EngineNetVer: 5, GameNetVer: 0 (Checksum: 125737196)
[2020.03.02-06.06.27:288][  0]LogAssetRegistry: Error: Failed to open file for write G:/Johnson/Intermediate/AssetRegistryCache/866581fd.bin
[2020.03.02-06.06.27:672][  0]LogPackageLocalizationCache: Processed 11 localized package path(s) for 2 prioritized culture(s) in 0.482122 seconds
[2020.03.02-06.06.27:699][  0]LogUObjectArray: 39775 objects as part of root set at end of initial load.
[2020.03.02-06.06.27:699][  0]LogUObjectAllocator: 6914656 out of 0 bytes used by permanent object pool.
[2020.03.02-06.06.27:699][  0]LogUObjectArray: CloseDisregardForGC: 0/0 objects in disregard for GC pool
[2020.03.02-06.06.44:862][  0]LogTcpMessaging: Initializing TcpMessaging bridge
[2020.03.02-06.06.44:900][  0]LogUdpMessaging: Initializing bridge on interface 0.0.0.0:0 to multicast group 230.0.0.1:6666.
[2020.03.02-06.06.47:182][  0]LogConfig: Warning: Failed to saved backup for config[G:/Johnson/Intermediate/Config/CoalescedSourceConfigs/SourceControlSettings.ini]
[2020.03.02-06.06.47:183][  0]SourceControl: Source control is disabled
[2020.03.02-06.06.47:183][  0]SourceControl: Source control is disabled
[2020.03.02-06.06.47:262][  0]SourceControl: Source control is disabled
[2020.03.02-06.06.47:305][  0]SourceControl: Source control is disabled
[2020.03.02-06.06.48:715][  0]LogConfig: Warning: Failed to saved backup for config[G:/Johnson/Intermediate/Config/CoalescedSourceConfigs/UnitTestStats.ini]
[2020.03.02-06.06.48:812][  0]LogAndroidPermission: UAndroidPermissionCallbackProxy::GetInstance
[2020.03.02-06.06.49:267][  0]LogOcInput: OculusInput pre-init called
[2020.03.02-06.06.50:347][  0]LogEngine: Initializing Engine...
[2020.03.02-06.06.51:660][  0]LogHMD: Failed to initialize OpenVR with code 108
[2020.03.02-06.06.51:676][  0]LogStats: UGameplayTagsManager::ConstructGameplayTagTree: ImportINI prefixes -  0.013 s
[2020.03.02-06.06.51:676][  0]LogStats: UGameplayTagsManager::ConstructGameplayTagTree: Construct from data asset -  0.000 s
[2020.03.02-06.06.51:676][  0]LogStats: UGameplayTagsManager::ConstructGameplayTagTree: ImportINI -  0.000 s
[2020.03.02-06.06.51:676][  0]LogStats: UGameplayTagsManager::ConstructGameplayTagTree: GameplayTagTreeChangedEvent.Broadcast -  0.000 s
[2020.03.02-06.06.53:154][  0]LogInit: Initializing FReadOnlyCVARCache
[2020.03.02-06.06.55:770][  0]LogAIModule: Creating AISystem for world Untitled
[2020.03.02-06.06.57:054][  0]LogInit: XAudio2 using 'Headset Earphone (Corsair VOID PRO Surround USB Adapter)' : 2 channels at 48 kHz using 16 bits per sample (channel mask 0x3)
[2020.03.02-06.06.57:107][  0]LogInit: FAudioDevice initialized.
[2020.03.02-06.06.57:108][  0]LogNetVersion: Set ProjectVersion to 1.0.0.0. Version Checksum will be recalculated on next use.
[2020.03.02-06.06.57:112][  0]LogDerivedDataCache: Error: Could not save memory cache C:/Users/Devlyn/AppData/Local/UnrealEngine/4.21/DerivedDataCache/Boot.ddc.
[2020.03.02-06.06.57:137][  0]LogInit: Texture streaming: Enabled
[2020.03.02-06.06.57:542][  0]LogEngineSessionManager: EngineSessionManager initialized
[2020.03.02-06.06.58:181][  0]LogInit: Transaction tracking system initialized
[2020.03.02-06.07.00:941][  0]BlueprintLog: New page: Editor Load
[2020.03.02-06.07.07:705][  0]LocalizationService: Localization service is disabled
[2020.03.02-06.07.09:565][  0]LogConfig: Warning: Failed to saved backup for config[G:/Johnson/Intermediate/Config/CoalescedSourceConfigs/Engine.ini]
[2020.03.02-06.07.09:711][  0]LogConfig: Warning: Failed to saved backup for config[G:/Johnson/Intermediate/Config/CoalescedSourceConfigs/Engine.ini]
[2020.03.02-06.07.22:066][  0]LogFileCache: Scanning file cache for directory 'G:/Johnson/Content/' took 0.03s
[2020.03.02-06.07.22:066][  0]LogCook: Display: Max memory allowance for cook 16384mb min free memory 0mb
[2020.03.02-06.07.22:066][  0]LogCook: Display: Mobile HDR setting 1
[2020.03.02-06.07.22:066][  0]LogGameplayTags: Display: UGameplayTagsManager::DoneAddingNativeTags. DelegateIsBound: 0
[2020.03.02-06.07.22:066][  0]LogStats: UGameplayTagsManager::ConstructGameplayTagTree: ImportINI prefixes -  0.000 s
[2020.03.02-06.07.22:066][  0]LogStats: UGameplayTagsManager::ConstructGameplayTagTree: Construct from data asset -  0.000 s
[2020.03.02-06.07.22:066][  0]LogStats: UGameplayTagsManager::ConstructGameplayTagTree: ImportINI -  0.000 s
[2020.03.02-06.07.22:066][  0]LogStats: UGameplayTagsManager::ConstructGameplayTagTree: GameplayTagTreeChangedEvent.Broadcast -  0.000 s
[2020.03.02-06.07.37:663][  0]SourceControl: Source control is disabled
[2020.03.02-06.07.37:754][  0]Cmd: MAP LOAD FILE="G:/Johnson/Content/Map/TestingLevel.umap" TEMPLATE=0 SHOWPROGRESS=1 FEATURELEVEL=3
[2020.03.02-06.07.37:755][  0]LogEditorServer: Warning: Can't find file 'G:/Johnson/Content/Map/TestingLevel.umap'
[2020.03.02-06.07.37:755][  0]Cmd: MAP CHECKDEP NOCLEARLOG
[2020.03.02-06.07.37:818][  0]MapCheck: Map check complete: 0 Error(s), 0 Warning(s), took 62.848ms to complete.
[2020.03.02-06.07.37:818][  0]LogFileHelpers: Loading map 'TestingLevel' took 0.131
[2020.03.02-06.07.42:619][  0]LogSlate: Updating window title bar state: overlay mode, drag disabled, window buttons hidden, title bar hidden
[2020.03.02-06.07.42:723][  0]LogSlate: Updating window title bar state: overlay mode, drag disabled, window buttons hidden, title bar hidden
[2020.03.02-06.07.42:732][  0]LogSlate: Updating window title bar state: overlay mode, drag disabled, window buttons hidden, title bar hidden
[2020.03.02-06.07.42:740][  0]LogSlate: Updating window title bar state: overlay mode, drag disabled, window buttons hidden, title bar hidden
[2020.03.02-06.07.43:353][  0]LogCollectionManager: Loaded 0 collections in 0.001114 seconds
[2020.03.02-06.07.44:325][  0]LogFileCache: Scanning file cache for directory 'G:/Johnson/Saved/Collections/' took 0.01s
[2020.03.02-06.07.44:325][  0]LogFileCache: Scanning file cache for directory 'G:/Johnson/Content/Developers/Devlyn/Collections/' took 0.01s
[2020.03.02-06.07.44:325][  0]LogFileCache: Scanning file cache for directory 'G:/Johnson/Content/Collections/' took 0.00s
[2020.03.02-06.07.44:325][  0]LogCollectionManager: Rebuilt the GUID cache for 0 collections in 0.000001 seconds
[2020.03.02-06.07.44:352][  0]LogContentBrowser: Native class hierarchy populated in 0.0150 seconds. Added 2651 classes and 620 folders.
[2020.03.02-06.07.44:800][  0]LogContentBrowser: Native class hierarchy updated for 'WidgetCarousel' in 0.0004 seconds. Added 0 classes and 0 folders.
[2020.03.02-06.07.45:289][  0]LogPakFile: Registered encryption key '00000000000000000000000000000000': 0 pak files mounted, 0 remain pending
[2020.03.02-06.07.45:530][  0]LogPakFile: Registered encryption key '00000000000000000000000000000000': 0 pak files mounted, 0 remain pending
[2020.03.02-06.07.45:620][  0]LogPakFile: Registered encryption key '00000000000000000000000000000000': 0 pak files mounted, 0 remain pending
[2020.03.02-06.07.45:692][  0]LogPakFile: Registered encryption key '00000000000000000000000000000000': 0 pak files mounted, 0 remain pending
[2020.03.02-06.07.45:780][  0]LogPakFile: Registered encryption key '00000000000000000000000000000000': 0 pak files mounted, 0 remain pending
[2020.03.02-06.07.45:877][  0]LogPakFile: Registered encryption key '00000000000000000000000000000000': 0 pak files mounted, 0 remain pending
[2020.03.02-06.07.45:988][  0]LogPakFile: Registered encryption key '00000000000000000000000000000000': 0 pak files mounted, 0 remain pending
[2020.03.02-06.07.46:079][  0]LogPakFile: Registered encryption key '00000000000000000000000000000000': 0 pak files mounted, 0 remain pending
[2020.03.02-06.07.46:158][  0]LogPakFile: Registered encryption key '00000000000000000000000000000000': 0 pak files mounted, 0 remain pending
[2020.03.02-06.07.46:185][  0]LogPakFile: Registered encryption key '00000000000000000000000000000000': 0 pak files mounted, 0 remain pending
[2020.03.02-06.07.46:282][  0]LogPakFile: Registered encryption key '00000000000000000000000000000000': 0 pak files mounted, 0 remain pending
[2020.03.02-06.07.46:350][  0]LogPakFile: Registered encryption key '00000000000000000000000000000000': 0 pak files mounted, 0 remain pending
[2020.03.02-06.07.46:451][  0]LogPakFile: Registered encryption key '00000000000000000000000000000000': 0 pak files mounted, 0 remain pending
[2020.03.02-06.07.46:563][  0]LogPakFile: Registered encryption key '00000000000000000000000000000000': 0 pak files mounted, 0 remain pending
[2020.03.02-06.07.46:664][  0]LogPakFile: Registered encryption key '00000000000000000000000000000000': 0 pak files mounted, 0 remain pending
[2020.03.02-06.07.46:754][  0]LogPakFile: Registered encryption key '00000000000000000000000000000000': 0 pak files mounted, 0 remain pending
[2020.03.02-06.07.46:844][  0]LogPakFile: Registered encryption key '00000000000000000000000000000000': 0 pak files mounted, 0 remain pending
[2020.03.02-06.07.46:956][  0]LogPakFile: Registered encryption key '00000000000000000000000000000000': 0 pak files mounted, 0 remain pending
[2020.03.02-06.07.46:969][  0]LogPakFile: Registered encryption key '00000000000000000000000000000000': 0 pak files mounted, 0 remain pending
[2020.03.02-06.07.46:999][  0]LogPakFile: Registered encryption key '00000000000000000000000000000000': 0 pak files mounted, 0 remain pending
[2020.03.02-06.07.47:081][  0]LogPakFile: Registered encryption key '00000000000000000000000000000000': 0 pak files mounted, 0 remain pending
[2020.03.02-06.07.47:111][  0]LogPakFile: Registered encryption key '00000000000000000000000000000000': 0 pak files mounted, 0 remain pending
[2020.03.02-06.07.47:119][  0]LogPakFile: Registered encryption key '00000000000000000000000000000000': 0 pak files mounted, 0 remain pending
[2020.03.02-06.07.47:140][  0]LogPakFile: Registered encryption key '00000000000000000000000000000000': 0 pak files mounted, 0 remain pending
[2020.03.02-06.07.47:166][  0]LogPakFile: Registered encryption key '00000000000000000000000000000000': 0 pak files mounted, 0 remain pending
[2020.03.02-06.07.47:168][  0]LogPakFile: Registered encryption key '00000000000000000000000000000000': 0 pak files mounted, 0 remain pending
[2020.03.02-06.07.48:185][  0]LogContentBrowser: Native class hierarchy updated for 'AddContentDialog' in 0.0003 seconds. Added 0 classes and 0 folders.
[2020.03.02-06.07.48:285][  0]LogContentBrowser: Native class hierarchy updated for 'SceneOutliner' in 0.0004 seconds. Added 1 classes and 2 folders.
[2020.03.02-06.07.49:485][  0]LogSlate: Took 0.020095 seconds to synchronously load lazily loaded font '../../../Engine/Content/Slate/Fonts/Roboto-Regular.ttf' (155K)
[2020.03.02-06.07.49:539][  0]LogSlate: Took 0.052468 seconds to synchronously load lazily loaded font '../../../Engine/Content/Slate/Fonts/Roboto-Bold.ttf' (160K)
[2020.03.02-06.07.49:738][  0]LogSlate: Took 0.030080 seconds to synchronously load lazily loaded font '../../../Engine/Content/Editor/Slate/Fonts/FontAwesome.ttf' (139K)
[2020.03.02-06.07.51:379][  0]LogRenderer: Reallocating scene render targets to support 1208x652 Format 10 NumSamples 1 (Frame:1).
[2020.03.02-06.07.53:549][  0]LogContentBrowser: Native class hierarchy updated for 'HierarchicalLODOutliner' in 0.0004 seconds. Added 0 classes and 0 folders.
[2020.03.02-06.07.53:549][  0]LogLoad: (Engine Initialization) Total time: 114.37 seconds
[2020.03.02-06.07.53:549][  0]LogLoad: (Engine Initialization) Total Blueprint compile time: 0.00 seconds
[2020.03.02-06.07.53:903][  0]LogContentStreaming: Texture pool size now 1000 MB
[2020.03.02-06.07.54:327][  2]LogAssetRegistry: Asset discovery search completed in 98.0904 seconds
[2020.03.02-06.07.54:330][  2]LogCollectionManager: Rebuilt the object cache for 0 collections in 0.000001 seconds (found 0 objects)
[2020.03.02-06.07.54:331][  2]LogCollectionManager: Fixed up redirectors for 0 collections in 0.000145 seconds (updated 0 objects)
[2020.03.02-06.07.54:408][  2]LogSlate: Took 0.011483 seconds to synchronously load lazily loaded font '../../../Engine/Content/Slate/Fonts/Roboto-Light.ttf' (167K)
[2020.03.02-06.08.09:294][772]LogSlate: FSceneViewport::OnFocusLost() reason 0
[2020.03.02-06.08.19:977][ 42]LogSlate: Took 0.000264 seconds to synchronously load lazily loaded font '../../../Engine/Content/Slate/Fonts/Roboto-Light.ttf' (167K)
[2020.03.02-06.08.21:301][ 42]LogAIModule: Creating AISystem for world TestingLevel
[2020.03.02-06.08.21:482][ 42]LogAssetEditorManager: Opening Asset editor for World /Game/Map/TestingWorld/TestingLevel.TestingLevel
[2020.03.02-06.08.21:566][ 42]Cmd: MAP LOAD FILE="G:/Johnson/Content/Map/TestingWorld/TestingLevel.umap" TEMPLATE=0 SHOWPROGRESS=1 FEATURELEVEL=3
[2020.03.02-06.08.21:566][ 42]LightingResults: New page: Lighting Build
[2020.03.02-06.08.21:590][ 42]LogContentBrowser: Native class hierarchy updated for 'StatsViewer' in 0.0004 seconds. Added 5 classes and 0 folders.
[2020.03.02-06.08.21:591][ 42]LoadErrors: New page: Loading map: TestingLevel.umap
[2020.03.02-06.08.21:619][ 42]MapCheck: New page: Map Check
[2020.03.02-06.08.21:619][ 42]LightingResults: New page: Lighting Build
[2020.03.02-06.08.21:997][ 42]LogEditorServer: Finished looking for orphan Actors (0.000 secs)
[2020.03.02-06.08.22:159][ 42]Cmd: MAP CHECKDEP NOCLEARLOG
[2020.03.02-06.08.22:160][ 42]MapCheck: Map check complete: 0 Error(s), 0 Warning(s), took 0.205ms to complete.
[2020.03.02-06.08.22:160][ 42]LogFileHelpers: Loading map 'TestingLevel' took 0.611
[2020.03.02-06.08.36:328][482]LogAssetEditorManager: Opening Asset editor for Blueprint /Game/Character/PlayerT.PlayerT
[2020.03.02-06.08.38:080][482]LogLinker: Warning: Can't find file '/Game/ExampleContent/BlueprintFluidSurface/Height0'
[2020.03.02-06.08.38:080][482]LogLinker: Warning: Can't find file '/Game/ExampleContent/BlueprintFluidSurface/Height0'
[2020.03.02-06.08.38:080][482]LogUObjectGlobals: Warning: Failed to find object 'Object /Game/ExampleContent/BlueprintFluidSurface/Height0.Height0'
[2020.03.02-06.08.38:081][482]LogLinker: Warning: Can't find file '/Game/ExampleContent/BlueprintFluidSurface/Height2'
[2020.03.02-06.08.38:081][482]LogLinker: Warning: Can't find file '/Game/ExampleContent/BlueprintFluidSurface/Height2'
[2020.03.02-06.08.38:081][482]LogUObjectGlobals: Warning: Failed to find object 'Object /Game/ExampleContent/BlueprintFluidSurface/Height2.Height2'
[2020.03.02-06.08.38:081][482]LogLinker: Warning: Can't find file '/Game/ExampleContent/BlueprintFluidSurface/Height1'
[2020.03.02-06.08.38:082][482]LogLinker: Warning: Can't find file '/Game/ExampleContent/BlueprintFluidSurface/Height1'
[2020.03.02-06.08.38:082][482]LogUObjectGlobals: Warning: Failed to find object 'Object /Game/ExampleContent/BlueprintFluidSurface/Height1.Height1'
[2020.03.02-06.08.39:533][482]LogContentBrowser: Native class hierarchy updated for 'BlueprintGraph' in 0.0008 seconds. Added 117 classes and 0 folders.
[2020.03.02-06.08.41:619][482]LogSlate: Took 0.018599 seconds to synchronously load lazily loaded font '../../../Engine/Content/Slate/Fonts/Roboto-BoldCondensed.ttf' (158K)
[2020.03.02-06.08.42:307][483]LogSlate: Took 0.018196 seconds to synchronously load lazily loaded font '../../../Engine/Content/Slate/Fonts/Roboto-Italic.ttf' (157K)
[2020.03.02-06.09.49:513][913]LogTemp: Repeating last play command: Selected Viewport
[2020.03.02-06.09.49:942][913]LogBlueprintUserMessages: Early PlayInEditor Detection: Level '/Game/Map/TestingWorld/TestingLevel.TestingLevel:PersistentLevel' has LevelScriptBlueprint '/Game/Map/TestingWorld/TestingLevel.TestingLevel:PersistentLevel.TestingLevel' with GeneratedClass '/Game/Map/TestingWorld/TestingLevel.TestingLevel_C' with ClassGeneratedBy '/Game/Map/TestingWorld/TestingLevel.TestingLevel:PersistentLevel.TestingLevel'
[2020.03.02-06.09.49:948][913]LogPlayLevel: PlayLevel: No blueprints needed recompiling
[2020.03.02-06.09.49:954][913]PIE: New page: PIE session: TestingLevel (3 Mar 2020 4:09:49 am)
[2020.03.02-06.09.50:014][913]LogPlayLevel: Creating play world package: /Game/Map/TestingWorld/UEDPIE_0_TestingLevel
[2020.03.02-06.09.50:021][913]LogPlayLevel: PIE: StaticDuplicateObject took: (0.006295s)
[2020.03.02-06.09.50:021][913]LogAIModule: Creating AISystem for world TestingLevel
[2020.03.02-06.09.50:021][913]LogPlayLevel: PIE: World Init took: (0.000695s)
[2020.03.02-06.09.50:022][913]LogPlayLevel: PIE: Created PIE world by copying editor world from /Game/Map/TestingWorld/TestingLevel.TestingLevel to /Game/Map/TestingWorld/UEDPIE_0_TestingLevel.TestingLevel (0.007448s)
[2020.03.02-06.09.50:208][913]LogInit: XAudio2 using 'Headset Earphone (Corsair VOID PRO Surround USB Adapter)' : 2 channels at 48 kHz using 16 bits per sample (channel mask 0x3)
[2020.03.02-06.09.50:222][913]LogInit: FAudioDevice initialized.
[2020.03.02-06.09.50:286][913]LogLoad: Game class is 'SinglePlayer_C'
[2020.03.02-06.09.50:310][913]LogWorld: Bringing World /Game/Map/TestingWorld/UEDPIE_0_TestingLevel.TestingLevel up for play (max tick rate 0) at 2020.03.02-17.09.50
[2020.03.02-06.09.50:311][913]LogWorld: Bringing up level for play took: 0.002617
[2020.03.02-06.09.50:420][913]LogContentBrowser: Native class hierarchy updated for 'MovieSceneCapture' in 0.0004 seconds. Added 20 classes and 0 folders.
[2020.03.02-06.09.50:420][913]LogGameMode: Display: Match State Changed from EnteringMap to WaitingToStart
[2020.03.02-06.09.50:420][913]LogGameState: Match State Changed from EnteringMap to WaitingToStart
[2020.03.02-06.09.50:420][913]LogGameMode: Display: Match State Changed from WaitingToStart to InProgress
[2020.03.02-06.09.50:457][913]LogGameState: Match State Changed from WaitingToStart to InProgress
[2020.03.02-06.09.50:464][913]PIE: Play in editor start time for /Game/Map/TestingWorld/UEDPIE_0_TestingLevel 0.873
[2020.03.02-06.09.50:465][913]LogBlueprintUserMessages: Late PlayInEditor Detection: Level '/Game/Map/TestingWorld/TestingLevel.TestingLevel:PersistentLevel' has LevelScriptBlueprint '/Game/Map/TestingWorld/TestingLevel.TestingLevel:PersistentLevel.TestingLevel' with GeneratedClass '/Game/Map/TestingWorld/TestingLevel.TestingLevel_C' with ClassGeneratedBy '/Game/Map/TestingWorld/TestingLevel.TestingLevel:PersistentLevel.TestingLevel'
[2020.03.02-06.09.50:621][914]LogCharacterMovement: Warning: GetSimulationTimeStep() - Max iterations 8 hit while remaining time 0.069893 > MaxSimulationTimeStep (0.050) for 'PlayerT_C_0', movement 'Walking'
[2020.03.02-06.11.00:698][991]LogSlate: FSceneViewport::OnFocusLost() reason 2
[2020.03.02-06.13.19:576][626]LogBlueprintUserMessages: Early EndPlayMap Detection: Level '/Game/Map/TestingWorld/TestingLevel.TestingLevel:PersistentLevel' has LevelScriptBlueprint '/Game/Map/TestingWorld/TestingLevel.TestingLevel:PersistentLevel.TestingLevel' with GeneratedClass '/Game/Map/TestingWorld/TestingLevel.TestingLevel_C' with ClassGeneratedBy '/Game/Map/TestingWorld/TestingLevel.TestingLevel:PersistentLevel.TestingLevel'
[2020.03.02-06.13.19:960][626]LogSlate: Updating window title bar state: overlay mode, drag disabled, window buttons hidden, title bar hidden
[2020.03.02-06.13.20:019][626]LogPlayLevel: Display: Shutting down PIE online subsystems
[2020.03.02-06.13.20:020][626]LogBlueprintUserMessages: Late EndPlayMap Detection: Level '/Game/Map/TestingWorld/TestingLevel.TestingLevel:PersistentLevel' has LevelScriptBlueprint '/Game/Map/TestingWorld/TestingLevel.TestingLevel:PersistentLevel.TestingLevel' with GeneratedClass '/Game/Map/TestingWorld/TestingLevel.TestingLevel_C' with ClassGeneratedBy '/Game/Map/TestingWorld/TestingLevel.TestingLevel:PersistentLevel.TestingLevel'
[2020.03.02-06.13.20:088][626]LogSlate: Updating window title bar state: overlay mode, drag disabled, window buttons hidden, title bar hidden
[2020.03.02-06.13.20:136][627]LogPlayLevel: Display: Destroying online subsystem :Context_2
[2020.03.02-06.13.21:185][750]LogSlate: FSceneViewport::OnFocusLost() reason 0
[2020.03.02-06.13.31:466][329]LogAIModule: Creating AISystem for world OpenWorld
[2020.03.02-06.13.31:594][329]LogAssetEditorManager: Opening Asset editor for World /Game/Map/OpenWorld/OpenWorld.OpenWorld
[2020.03.02-06.13.31:626][329]Cmd: MAP LOAD FILE="G:/Johnson/Content/Map/OpenWorld/OpenWorld.umap" TEMPLATE=0 SHOWPROGRESS=1 FEATURELEVEL=3
[2020.03.02-06.13.31:627][329]LightingResults: New page: Lighting Build
[2020.03.02-06.13.31:627][329]LoadErrors: New page: Loading map: OpenWorld.umap
[2020.03.02-06.13.31:628][329]MapCheck: New page: Map Check
[2020.03.02-06.13.31:628][329]LightingResults: New page: Lighting Build
[2020.03.02-06.13.31:946][329]LogEditorServer: Finished looking for orphan Actors (0.000 secs)
[2020.03.02-06.13.32:064][329]Cmd: MAP CHECKDEP NOCLEARLOG
[2020.03.02-06.13.32:064][329]MapCheck: Map check complete: 0 Error(s), 0 Warning(s), took 0.165ms to complete.
[2020.03.02-06.13.32:064][329]LogFileHelpers: Loading map 'OpenWorld' took 0.439
[2020.03.02-06.13.32:240][331]LogRenderer: Reallocating scene render targets to support 1208x1024 Format 10 NumSamples 1 (Frame:1).
[2020.03.02-06.13.32:240][331]LogRenderer: Warning: Gaussian DOF algorithm is deprecated and will be removed from deferred shading renderer. Consider using the Circle DOF method in post process settings.
[2020.03.02-06.13.34:554][337]LogEditorViewport: Clicking Background
[2020.03.02-06.13.35:939][480]LogSlate: FSceneViewport::OnFocusLost() reason 0
[2020.03.02-06.13.36:008][485]LogTemp: Repeating last play command: Selected Viewport
[2020.03.02-06.13.36:047][485]LogBlueprintUserMessages: Early PlayInEditor Detection: Level '/Game/Map/OpenWorld/OpenWorld.OpenWorld:PersistentLevel' has LevelScriptBlueprint '/Game/Map/OpenWorld/OpenWorld.OpenWorld:PersistentLevel.OpenWorld' with GeneratedClass '/Game/Map/OpenWorld/OpenWorld.OpenWorld_C' with ClassGeneratedBy '/Game/Map/OpenWorld/OpenWorld.OpenWorld:PersistentLevel.OpenWorld'
[2020.03.02-06.13.36:047][485]LogPlayLevel: PlayLevel: No blueprints needed recompiling
[2020.03.02-06.13.36:047][485]PIE: New page: PIE session: OpenWorld (3 Mar 2020 4:13:36 am)
[2020.03.02-06.13.36:047][485]LogPlayLevel: Creating play world package: /Game/Map/OpenWorld/UEDPIE_0_OpenWorld
[2020.03.02-06.13.36:105][485]LogPlayLevel: PIE: StaticDuplicateObject took: (0.057647s)
[2020.03.02-06.13.36:106][485]LogAIModule: Creating AISystem for world OpenWorld
[2020.03.02-06.13.36:106][485]LogPlayLevel: PIE: World Init took: (0.000751s)
[2020.03.02-06.13.36:106][485]LogPlayLevel: PIE: Created PIE world by copying editor world from /Game/Map/OpenWorld/OpenWorld.OpenWorld to /Game/Map/OpenWorld/UEDPIE_0_OpenWorld.OpenWorld (0.058751s)
[2020.03.02-06.13.36:226][485]LogInit: XAudio2 using 'Headset Earphone (Corsair VOID PRO Surround USB Adapter)' : 2 channels at 48 kHz using 16 bits per sample (channel mask 0x3)
[2020.03.02-06.13.36:241][485]LogInit: FAudioDevice initialized.
[2020.03.02-06.13.36:275][485]LogLoad: Game class is 'SinglePlayer_C'
[2020.03.02-06.13.36:279][485]LogWorld: Bringing World /Game/Map/OpenWorld/UEDPIE_0_OpenWorld.OpenWorld up for play (max tick rate 0) at 2020.03.02-17.13.36
[2020.03.02-06.13.36:282][485]LogWorld: Bringing up level for play took: 0.006093
[2020.03.02-06.13.36:295][485]LogGameMode: Display: Match State Changed from EnteringMap to WaitingToStart
[2020.03.02-06.13.36:295][485]LogGameState: Match State Changed from EnteringMap to WaitingToStart
[2020.03.02-06.13.36:295][485]LogGameMode: Display: Match State Changed from WaitingToStart to InProgress
[2020.03.02-06.13.36:316][485]LogGameState: Match State Changed from WaitingToStart to InProgress
[2020.03.02-06.13.36:316][485]PIE: Play in editor start time for /Game/Map/OpenWorld/UEDPIE_0_OpenWorld 0.724
[2020.03.02-06.13.36:316][485]LogBlueprintUserMessages: Late PlayInEditor Detection: Level '/Game/Map/OpenWorld/OpenWorld.OpenWorld:PersistentLevel' has LevelScriptBlueprint '/Game/Map/OpenWorld/OpenWorld.OpenWorld:PersistentLevel.OpenWorld' with GeneratedClass '/Game/Map/OpenWorld/OpenWorld.OpenWorld_C' with ClassGeneratedBy '/Game/Map/OpenWorld/OpenWorld.OpenWorld:PersistentLevel.OpenWorld'
[2020.03.02-06.19.28:424][268]LogSlate: FSceneViewport::OnFocusLost() reason 0
[2020.03.02-06.30.44:884][750]LogBlueprintUserMessages: Early EndPlayMap Detection: Level '/Game/Map/OpenWorld/OpenWorld.OpenWorld:PersistentLevel' has LevelScriptBlueprint '/Game/Map/OpenWorld/OpenWorld.OpenWorld:PersistentLevel.OpenWorld' with GeneratedClass '/Game/Map/OpenWorld/OpenWorld.OpenWorld_C' with ClassGeneratedBy '/Game/Map/OpenWorld/OpenWorld.OpenWorld:PersistentLevel.OpenWorld'
[2020.03.02-06.30.44:884][750]LogSlate: Updating window title bar state: overlay mode, drag disabled, window buttons hidden, title bar hidden
[2020.03.02-06.30.44:940][750]LogPlayLevel: Display: Shutting down PIE online subsystems
[2020.03.02-06.30.44:941][750]LogBlueprintUserMessages: Late EndPlayMap Detection: Level '/Game/Map/OpenWorld/OpenWorld.OpenWorld:PersistentLevel' has LevelScriptBlueprint '/Game/Map/OpenWorld/OpenWorld.OpenWorld:PersistentLevel.OpenWorld' with GeneratedClass '/Game/Map/OpenWorld/OpenWorld.OpenWorld_C' with ClassGeneratedBy '/Game/Map/OpenWorld/OpenWorld.OpenWorld:PersistentLevel.OpenWorld'
[2020.03.02-06.30.44:970][750]LogSlate: Updating window title bar state: overlay mode, drag disabled, window buttons hidden, title bar hidden
[2020.03.02-06.30.45:003][751]LogPlayLevel: Display: Destroying online subsystem :Context_3
[2020.03.02-06.36.24:623][954]LogD3D11RHI: Timed out while waiting for GPU to catch up. (0.5 s)
[2020.03.02-06.36.25:623][955]LogD3D11RHI: Timed out while waiting for GPU to catch up. (0.5 s)
