Log file open, 03/02/20 18:05:24
LogWindows: Failed to load 'aqProf.dll' (GetLastError=126)
LogWindows: File 'aqProf.dll' does not exist
LogWindows: Failed to load 'VtuneApi.dll' (GetLastError=126)
LogWindows: File 'VtuneApi.dll' does not exist
LogWindows: Failed to load 'VtuneApi32e.dll' (GetLastError=126)
LogWindows: File 'VtuneApi32e.dll' does not exist
LogConsoleResponse: Display: Failed to find resolution value strings in scalability ini. Falling back to default.
LogInit: Display: Running engine for game: Johnston
LogPakFile: Registered encryption key '00000000000000000000000000000000': 0 pak files mounted, 0 remain pending
LogPlatformFile: Not using cached read wrapper
LogTaskGraph: Started task graph with 5 named threads and 23 total threads with 3 sets of task threads.
LogStats: Stats thread started at 5.523767
LogD3D11RHI: Loaded GFSDK_Aftermath_Lib.x64.dll
LogICUInternationalization: ICU TimeZone Detection - Raw Offset: +10:00, Platform Override: ''
LogPluginManager: Mounting plugin Paper2D
LogPluginManager: Mounting plugin AISupport
LogPluginManager: Mounting plugin LightPropagationVolume
LogPluginManager: Mounting plugin ActorLayerUtilities
LogPluginManager: Mounting plugin CLionSourceCodeAccess
LogPluginManager: Mounting plugin CodeLiteSourceCodeAccess
LogPluginManager: Mounting plugin GitSourceControl
LogPluginManager: Mounting plugin KDevelopSourceCodeAccess
LogPluginManager: Mounting plugin NullSourceCodeAccess
LogPluginManager: Mounting plugin PerforceSourceControl
LogPluginManager: Mounting plugin SubversionSourceControl
LogPluginManager: Mounting plugin UObjectPlugin
LogPluginManager: Mounting plugin VisualStudioCodeSourceCodeAccess
LogPluginManager: Mounting plugin VisualStudioSourceCodeAccess
LogPluginManager: Mounting plugin XCodeSourceCodeAccess
LogPluginManager: Mounting plugin AssetManagerEditor
LogPluginManager: Mounting plugin CryptoKeys
LogPluginManager: Mounting plugin DataValidation
LogPluginManager: Mounting plugin FacialAnimation
LogPluginManager: Mounting plugin GameplayTagsEditor
LogPluginManager: Mounting plugin MacGraphicsSwitching
LogPluginManager: Mounting plugin MeshEditor
LogPluginManager: Mounting plugin MobileLauncherProfileWizard
LogPluginManager: Mounting plugin PluginBrowser
LogPluginManager: Mounting plugin SpeedTreeImporter
LogPluginManager: Mounting plugin DatasmithContent
LogPluginManager: Mounting plugin VariantManagerContent
LogPluginManager: Mounting plugin AlembicImporter
LogPluginManager: Mounting plugin AppleImageUtils
LogPluginManager: Mounting plugin AppleVision
LogPluginManager: Mounting plugin BackChannel
LogPluginManager: Mounting plugin CharacterAI
LogPluginManager: Mounting plugin GeometryCache
LogPluginManager: Mounting plugin HTML5Networking
LogPluginManager: Mounting plugin ProxyLODPlugin
LogPluginManager: Mounting plugin MagicLeap
LogPluginManager: Mounting plugin MagicLeapMedia
LogPluginManager: Mounting plugin AndroidMedia
LogPluginManager: Mounting plugin AvfMedia
LogPluginManager: Mounting plugin ImgMedia
LogPluginManager: Mounting plugin LinearTimecode
LogPluginManager: Mounting plugin MediaCompositing
LogPluginManager: Mounting plugin MediaPlayerEditor
LogPluginManager: Mounting plugin WebMMedia
LogPluginManager: Mounting plugin WmfMedia
LogPluginManager: Mounting plugin TcpMessaging
LogPluginManager: Mounting plugin UdpMessaging
LogPluginManager: Mounting plugin ActorSequence
LogPluginManager: Mounting plugin LevelSequenceEditor
LogPluginManager: Mounting plugin MatineeToLevelSequence
LogPluginManager: Mounting plugin NetcodeUnitTest
LogPluginManager: Mounting plugin NUTUnrealEngine4
LogPluginManager: Mounting plugin OnlineSubsystemGooglePlay
LogPluginManager: Mounting plugin OnlineSubsystemIOS
LogPluginManager: Mounting plugin OnlineSubsystem
LogPluginManager: Mounting plugin OnlineSubsystemNull
LogPluginManager: Mounting plugin OnlineSubsystemUtils
LogPluginManager: Mounting plugin LauncherChunkInstaller
LogPluginManager: Mounting plugin AndroidDeviceProfileSelector
LogPluginManager: Mounting plugin AndroidMoviePlayer
LogPluginManager: Mounting plugin AndroidPermission
LogPluginManager: Mounting plugin AppleMoviePlayer
LogPluginManager: Mounting plugin ArchVisCharacter
LogPluginManager: Mounting plugin AudioCapture
LogPluginManager: Mounting plugin CableComponent
LogPluginManager: Mounting plugin CustomMeshComponent
LogPluginManager: Mounting plugin EditableMesh
LogPluginManager: Mounting plugin ExampleDeviceProfileSelector
LogPluginManager: Mounting plugin Firebase
LogPluginManager: Mounting plugin GoogleCloudMessaging
LogPluginManager: Mounting plugin IOSDeviceProfileSelector
LogPluginManager: Mounting plugin LinuxDeviceProfileSelector
LogPluginManager: Mounting plugin LocationServicesBPLibrary
LogPluginManager: Mounting plugin MobilePatchingUtils
LogPluginManager: Mounting plugin OculusVR
LogPluginManager: Mounting plugin PhysXVehicles
LogPluginManager: Mounting plugin ProceduralMeshComponent
LogPluginManager: Mounting plugin RuntimePhysXCooking
LogPluginManager: Mounting plugin SteamVR
LogPluginManager: Mounting plugin WebMMoviePlayer
LogPluginManager: Mounting plugin WindowsMoviePlayer
LogStreaming: Display: Took  0.266s to configure plugins.
LogInit: Using libcurl 7.55.1-DEV
LogInit:  - built for x86_64-pc-win32
LogInit:  - supports SSL with OpenSSL/1.0.2h
LogInit:  - supports HTTP deflate (compression) using libz 1.2.8
LogInit:  - other features:
LogInit:      CURL_VERSION_SSL
LogInit:      CURL_VERSION_LIBZ
LogInit:      CURL_VERSION_IPV6
LogInit:      CURL_VERSION_ASYNCHDNS
LogInit:      CURL_VERSION_LARGEFILE
LogInit:      CURL_VERSION_IDN
LogInit:  CurlRequestOptions (configurable via config and command line):
LogInit:  - bVerifyPeer = true  - Libcurl will verify peer certificate
LogInit:  - bUseHttpProxy = false  - Libcurl will NOT use HTTP proxy
LogInit:  - bDontReuseConnections = false  - Libcurl will reuse connections
LogInit:  - MaxHostConnections = 16  - Libcurl will limit the number of connections to a host
LogInit:  - LocalHostAddr = Default
LogInit:  - BufferSize = 65536
LogInit: WinSock: version 1.1 (2.2), MaxSocks=32767, MaxUdp=65467
LogInit: Build: ++UE4+Release-4.21-CL-4753647
LogInit: Engine Version: 4.21.2-4753647+++UE4+Release-4.21
LogInit: Compatible Engine Version: 4.21.0-4541578+++UE4+Release-4.21
LogInit: Net CL: 4541578
LogInit: OS: Windows 10 (), CPU:        Intel(R) Core(TM) i7-2600K CPU @ 3.40GHz, GPU: Radeon RX 570 Series
LogInit: Compiled (64-bit): Jan 19 2019 02:07:31
LogInit: Compiled with Visual C++: 19.13.26129.00
LogInit: Build Configuration: Development
LogInit: Branch Name: ++UE4+Release-4.21
LogInit: Command Line: 
LogInit: Base Directory: D:/UE_4.21/Engine/Binaries/Win64/
LogInit: Installed Engine Build: 1
LogDevObjectVersion: Number of dev versions registered: 22
LogDevObjectVersion:   Dev-Blueprints (B0D832E4-1F89-4F0D-ACCF-7EB736FD4AA2): 10
LogDevObjectVersion:   Dev-Build (E1C64328-A22C-4D53-A36C-8E866417BD8C): 0
LogDevObjectVersion:   Dev-Core (375EC13C-06E4-48FB-B500-84F0262A717E): 2
LogDevObjectVersion:   Dev-Editor (E4B068ED-F494-42E9-A231-DA0B2E46BB41): 26
LogDevObjectVersion:   Dev-Framework (CFFC743F-43B0-4480-9391-14DF171D2073): 34
LogDevObjectVersion:   Dev-Mobile (B02B49B5-BB20-44E9-A304-32B752E40360): 2
LogDevObjectVersion:   Dev-Networking (A4E4105C-59A1-49B5-A7C5-40C4547EDFEE): 0
LogDevObjectVersion:   Dev-Online (39C831C9-5AE6-47DC-9A44-9C173E1C8E7C): 0
LogDevObjectVersion:   Dev-Physics (78F01B33-EBEA-4F98-B9B4-84EACCB95AA2): 0
LogDevObjectVersion:   Dev-Platform (6631380F-2D4D-43E0-8009-CF276956A95A): 0
LogDevObjectVersion:   Dev-Rendering (12F88B9F-8875-4AFC-A67C-D90C383ABD29): 27
LogDevObjectVersion:   Dev-Sequencer (7B5AE74C-D270-4C10-A958-57980B212A5A): 9
LogDevObjectVersion:   Dev-VR (D7296918-1DD6-4BDD-9DE2-64A83CC13884): 2
LogDevObjectVersion:   Dev-LoadTimes (C2A15278-BFE7-4AFE-6C17-90FF531DF755): 1
LogDevObjectVersion:   Private-Geometry (6EACA3D4-40EC-4CC1-B786-8BED09428FC5): 3
LogDevObjectVersion:   Dev-AnimPhys (29E575DD-E0A3-4627-9D10-D276232CDCEA): 17
LogDevObjectVersion:   Dev-Anim (AF43A65D-7FD3-4947-9873-3E8ED9C1BB05): 2
LogDevObjectVersion:   Dev-ReflectionCapture (6B266CEC-1EC7-4B8F-A30B-E4D90942FC07): 1
LogDevObjectVersion:   Dev-Automation (0DF73D61-A23F-47EA-B727-89E90C41499A): 1
LogDevObjectVersion:   FortniteMain (601D1886-AC64-4F84-AA16-D3DE0DEAC7D6): 17
LogDevObjectVersion:   Dev-Enterprise (9DFFBCD6-494F-0158-E221-12823C92A888): 4
LogDevObjectVersion:   Dev-Niagara (F2AED0AC-9AFE-416F-8664-AA7FFA26D6FC): 1
LogStreaming: Display: Took  0.002s to delete old logs.
LogInit: Presizing for max 8388607 objects, including 0 objects not considered by GC, pre-allocating 0 bytes for permanent pool.
LogInit: Object subsystem initialized
LogConfig: Setting CVar [[con.DebugEarlyDefault:1]]
LogConfig: Setting CVar [[r.setres:1280x720]]
[2020.03.02-07.05.27:172][  0]LogConfig: Setting CVar [[r.VSync:0]]
[2020.03.02-07.05.27:172][  0]LogConfig: Setting CVar [[r.RHICmdBypass:0]]
[2020.03.02-07.05.27:172][  0]LogConfig: Applying CVar settings from Section [/Script/Engine.RendererSettings] File [C:/Users/Devlyn/Desktop/Github/Johnston/Saved/Config/Windows/Engine.ini]
[2020.03.02-07.05.27:172][  0]LogConfig: Setting CVar [[r.GPUCrashDebugging:0]]
[2020.03.02-07.05.27:172][  0]LogConfig: Applying CVar settings from Section [/Script/Engine.RendererOverrideSettings] File [C:/Users/Devlyn/Desktop/Github/Johnston/Saved/Config/Windows/Engine.ini]
[2020.03.02-07.05.27:172][  0]LogConfig: Applying CVar settings from Section [/Script/Engine.StreamingSettings] File [C:/Users/Devlyn/Desktop/Github/Johnston/Saved/Config/Windows/Engine.ini]
[2020.03.02-07.05.27:172][  0]LogConfig: Setting CVar [[s.MinBulkDataSizeForAsyncLoading:131072]]
[2020.03.02-07.05.27:172][  0]LogConfig: Setting CVar [[s.AsyncLoadingThreadEnabled:0]]
[2020.03.02-07.05.27:172][  0]LogConfig: Setting CVar [[s.EventDrivenLoaderEnabled:1]]
[2020.03.02-07.05.27:172][  0]LogConfig: Setting CVar [[s.WarnIfTimeLimitExceeded:0]]
[2020.03.02-07.05.27:172][  0]LogConfig: Setting CVar [[s.TimeLimitExceededMultiplier:1.5]]
[2020.03.02-07.05.27:172][  0]LogConfig: Setting CVar [[s.TimeLimitExceededMinTime:0.005]]
[2020.03.02-07.05.27:173][  0]LogConfig: Setting CVar [[s.UseBackgroundLevelStreaming:1]]
[2020.03.02-07.05.27:173][  0]LogConfig: Setting CVar [[s.PriorityAsyncLoadingExtraTime:15.0]]
[2020.03.02-07.05.27:173][  0]LogConfig: Setting CVar [[s.LevelStreamingActorsUpdateTimeLimit:5.0]]
[2020.03.02-07.05.27:173][  0]LogConfig: Setting CVar [[s.PriorityLevelStreamingActorsUpdateExtraTime:5.0]]
[2020.03.02-07.05.27:173][  0]LogConfig: Setting CVar [[s.LevelStreamingComponentsRegistrationGranularity:10]]
[2020.03.02-07.05.27:173][  0]LogConfig: Setting CVar [[s.UnregisterComponentsTimeLimit:1.0]]
[2020.03.02-07.05.27:173][  0]LogConfig: Setting CVar [[s.LevelStreamingComponentsUnregistrationGranularity:5]]
[2020.03.02-07.05.27:173][  0]LogConfig: Applying CVar settings from Section [/Script/Engine.GarbageCollectionSettings] File [C:/Users/Devlyn/Desktop/Github/Johnston/Saved/Config/Windows/Engine.ini]
[2020.03.02-07.05.27:173][  0]LogConfig: Setting CVar [[gc.MaxObjectsNotConsideredByGC:1]]
[2020.03.02-07.05.27:173][  0]LogConfig: Setting CVar [[gc.SizeOfPermanentObjectPool:0]]
[2020.03.02-07.05.27:173][  0]LogConfig: Setting CVar [[gc.FlushStreamingOnGC:0]]
[2020.03.02-07.05.27:173][  0]LogConfig: Setting CVar [[gc.NumRetriesBeforeForcingGC:10]]
[2020.03.02-07.05.27:173][  0]LogConfig: Setting CVar [[gc.AllowParallelGC:1]]
[2020.03.02-07.05.27:173][  0]LogConfig: Setting CVar [[gc.TimeBetweenPurgingPendingKillObjects:61.1]]
[2020.03.02-07.05.27:173][  0]LogConfig: Setting CVar [[gc.MaxObjectsInEditor:8388607]]
[2020.03.02-07.05.27:173][  0]LogConfig: Setting CVar [[gc.IncrementalBeginDestroyEnabled:1]]
[2020.03.02-07.05.27:173][  0]LogConfig: Setting CVar [[gc.CreateGCClusters:1]]
[2020.03.02-07.05.27:173][  0]LogConfig: Setting CVar [[gc.MergeGCClusters:0]]
[2020.03.02-07.05.27:173][  0]LogConfig: Setting CVar [[gc.MinGCClusterSize:5]]
[2020.03.02-07.05.27:173][  0]LogConfig: Setting CVar [[gc.ActorClusteringEnabled:0]]
[2020.03.02-07.05.27:173][  0]LogConfig: Setting CVar [[gc.BlueprintClusteringEnabled:0]]
[2020.03.02-07.05.27:173][  0]LogConfig: Setting CVar [[gc.UseDisregardForGCOnDedicatedServers:0]]
[2020.03.02-07.05.27:173][  0]LogConfig: Applying CVar settings from Section [/Script/Engine.NetworkSettings] File [C:/Users/Devlyn/Desktop/Github/Johnston/Saved/Config/Windows/Engine.ini]
[2020.03.02-07.05.27:173][  0]LogConfig: Applying CVar settings from Section [/Script/UnrealEd.CookerSettings] File [C:/Users/Devlyn/Desktop/Github/Johnston/Saved/Config/Windows/Engine.ini]
[2020.03.02-07.05.27:270][  0]LogConfig: Applying CVar settings from Section [ViewDistanceQuality@3] File [C:/Users/Devlyn/Desktop/Github/Johnston/Saved/Config/Windows/Scalability.ini]
[2020.03.02-07.05.27:270][  0]LogConfig: Setting CVar [[r.SkeletalMeshLODBias:0]]
[2020.03.02-07.05.27:270][  0]LogConfig: Setting CVar [[r.ViewDistanceScale:1.0]]
[2020.03.02-07.05.27:270][  0]LogConfig: Applying CVar settings from Section [AntiAliasingQuality@3] File [C:/Users/Devlyn/Desktop/Github/Johnston/Saved/Config/Windows/Scalability.ini]
[2020.03.02-07.05.27:270][  0]LogConfig: Setting CVar [[r.PostProcessAAQuality:4]]
[2020.03.02-07.05.27:270][  0]LogConfig: Applying CVar settings from Section [ShadowQuality@3] File [C:/Users/Devlyn/Desktop/Github/Johnston/Saved/Config/Windows/Scalability.ini]
[2020.03.02-07.05.27:270][  0]LogConfig: Setting CVar [[r.LightFunctionQuality:1]]
[2020.03.02-07.05.27:270][  0]LogConfig: Setting CVar [[r.ShadowQuality:5]]
[2020.03.02-07.05.27:270][  0]LogConfig: Setting CVar [[r.Shadow.CSM.MaxCascades:10]]
[2020.03.02-07.05.27:270][  0]LogConfig: Setting CVar [[r.Shadow.MaxResolution:2048]]
[2020.03.02-07.05.27:270][  0]LogConfig: Setting CVar [[r.Shadow.MaxCSMResolution:2048]]
[2020.03.02-07.05.27:270][  0]LogConfig: Setting CVar [[r.Shadow.RadiusThreshold:0.01]]
[2020.03.02-07.05.27:270][  0]LogConfig: Setting CVar [[r.Shadow.DistanceScale:1.0]]
[2020.03.02-07.05.27:270][  0]LogConfig: Setting CVar [[r.Shadow.CSM.TransitionScale:1.0]]
[2020.03.02-07.05.27:270][  0]LogConfig: Setting CVar [[r.Shadow.PreShadowResolutionFactor:1.0]]
[2020.03.02-07.05.27:270][  0]LogConfig: Setting CVar [[r.DistanceFieldShadowing:1]]
[2020.03.02-07.05.27:270][  0]LogConfig: Setting CVar [[r.DistanceFieldAO:1]]
[2020.03.02-07.05.27:270][  0]LogConfig: Setting CVar [[r.AOQuality:2]]
[2020.03.02-07.05.27:270][  0]LogConfig: Setting CVar [[r.VolumetricFog:1]]
[2020.03.02-07.05.27:271][  0]LogConfig: Setting CVar [[r.VolumetricFog.GridPixelSize:8]]
[2020.03.02-07.05.27:271][  0]LogConfig: Setting CVar [[r.VolumetricFog.GridSizeZ:128]]
[2020.03.02-07.05.27:271][  0]LogConfig: Setting CVar [[r.VolumetricFog.HistoryMissSupersampleCount:4]]
[2020.03.02-07.05.27:271][  0]LogConfig: Setting CVar [[r.LightMaxDrawDistanceScale:1]]
[2020.03.02-07.05.27:271][  0]LogConfig: Setting CVar [[r.CapsuleShadows:1]]
[2020.03.02-07.05.27:271][  0]LogConfig: Applying CVar settings from Section [PostProcessQuality@3] File [C:/Users/Devlyn/Desktop/Github/Johnston/Saved/Config/Windows/Scalability.ini]
[2020.03.02-07.05.27:271][  0]LogConfig: Setting CVar [[r.MotionBlurQuality:4]]
[2020.03.02-07.05.27:271][  0]LogConfig: Setting CVar [[r.AmbientOcclusionMipLevelFactor:0.4]]
[2020.03.02-07.05.27:271][  0]LogConfig: Setting CVar [[r.AmbientOcclusionMaxQuality:100]]
[2020.03.02-07.05.27:271][  0]LogConfig: Setting CVar [[r.AmbientOcclusionLevels:-1]]
[2020.03.02-07.05.27:271][  0]LogConfig: Setting CVar [[r.AmbientOcclusionRadiusScale:1.0]]
[2020.03.02-07.05.27:271][  0]LogConfig: Setting CVar [[r.DepthOfFieldQuality:2]]
[2020.03.02-07.05.27:271][  0]LogConfig: Setting CVar [[r.RenderTargetPoolMin:400]]
[2020.03.02-07.05.27:271][  0]LogConfig: Setting CVar [[r.LensFlareQuality:2]]
[2020.03.02-07.05.27:271][  0]LogConfig: Setting CVar [[r.SceneColorFringeQuality:1]]
[2020.03.02-07.05.27:271][  0]LogConfig: Setting CVar [[r.EyeAdaptationQuality:2]]
[2020.03.02-07.05.27:271][  0]LogConfig: Setting CVar [[r.BloomQuality:5]]
[2020.03.02-07.05.27:271][  0]LogConfig: Setting CVar [[r.FastBlurThreshold:100]]
[2020.03.02-07.05.27:271][  0]LogConfig: Setting CVar [[r.Upscale.Quality:3]]
[2020.03.02-07.05.27:271][  0]LogConfig: Setting CVar [[r.Tonemapper.GrainQuantization:1]]
[2020.03.02-07.05.27:271][  0]LogConfig: Setting CVar [[r.LightShaftQuality:1]]
[2020.03.02-07.05.27:271][  0]LogConfig: Setting CVar [[r.Filter.SizeScale:1]]
[2020.03.02-07.05.27:271][  0]LogConfig: Setting CVar [[r.Tonemapper.Quality:5]]
[2020.03.02-07.05.27:271][  0]LogConfig: Setting CVar [[r.DOF.Gather.AccumulatorQuality:1        ; higher gathering accumulator quality]]
[2020.03.02-07.05.27:271][  0]LogConfig: Setting CVar [[r.DOF.Gather.PostfilterMethod:1          ; Median3x3 postfilering method]]
[2020.03.02-07.05.27:271][  0]LogConfig: Setting CVar [[r.DOF.Gather.EnableBokehSettings:0       ; no bokeh simulation when gathering]]
[2020.03.02-07.05.27:271][  0]LogConfig: Setting CVar [[r.DOF.Gather.RingCount:4                 ; medium number of samples when gathering]]
[2020.03.02-07.05.27:271][  0]LogConfig: Setting CVar [[r.DOF.Scatter.ForegroundCompositing:1    ; additive foreground scattering]]
[2020.03.02-07.05.27:271][  0]LogConfig: Setting CVar [[r.DOF.Scatter.BackgroundCompositing:2    ; additive background scattering]]
[2020.03.02-07.05.27:271][  0]LogConfig: Setting CVar [[r.DOF.Scatter.EnableBokehSettings:1      ; bokeh simulation when scattering]]
[2020.03.02-07.05.27:271][  0]LogConfig: Setting CVar [[r.DOF.Scatter.MaxSpriteRatio:0.1         ; only a maximum of 10% of scattered bokeh]]
[2020.03.02-07.05.27:271][  0]LogConfig: Setting CVar [[r.DOF.Recombine.Quality:1                ; cheap slight out of focus]]
[2020.03.02-07.05.27:271][  0]LogConfig: Setting CVar [[r.DOF.Recombine.EnableBokehSettings:0    ; no bokeh simulation on slight out of focus]]
[2020.03.02-07.05.27:271][  0]LogConfig: Setting CVar [[r.DOF.TemporalAAQuality:1                ; more stable temporal accumulation]]
[2020.03.02-07.05.27:271][  0]LogConfig: Setting CVar [[r.DOF.Kernel.MaxForegroundRadius:0.025]]
[2020.03.02-07.05.27:271][  0]LogConfig: Setting CVar [[r.DOF.Kernel.MaxBackgroundRadius:0.025]]
[2020.03.02-07.05.27:271][  0]LogConfig: Applying CVar settings from Section [TextureQuality@3] File [C:/Users/Devlyn/Desktop/Github/Johnston/Saved/Config/Windows/Scalability.ini]
[2020.03.02-07.05.27:271][  0]LogConfig: Setting CVar [[r.Streaming.MipBias:0]]
[2020.03.02-07.05.27:271][  0]LogConfig: Setting CVar [[r.Streaming.AmortizeCPUToGPUCopy:0]]
[2020.03.02-07.05.27:271][  0]LogConfig: Setting CVar [[r.Streaming.MaxNumTexturesToStreamPerFrame:0]]
[2020.03.02-07.05.27:271][  0]LogConfig: Setting CVar [[r.Streaming.Boost:1]]
[2020.03.02-07.05.27:271][  0]LogConfig: Setting CVar [[r.MaxAnisotropy:8]]
[2020.03.02-07.05.27:271][  0]LogConfig: Setting CVar [[r.Streaming.LimitPoolSizeToVRAM:0]]
[2020.03.02-07.05.27:271][  0]LogConfig: Setting CVar [[r.Streaming.PoolSize:1000]]
[2020.03.02-07.05.27:271][  0]LogConfig: Setting CVar [[r.Streaming.MaxEffectiveScreenSize:0]]
[2020.03.02-07.05.27:271][  0]LogConfig: Applying CVar settings from Section [EffectsQuality@3] File [C:/Users/Devlyn/Desktop/Github/Johnston/Saved/Config/Windows/Scalability.ini]
[2020.03.02-07.05.27:271][  0]LogConfig: Setting CVar [[r.TranslucencyLightingVolumeDim:64]]
[2020.03.02-07.05.27:271][  0]LogConfig: Setting CVar [[r.RefractionQuality:2]]
[2020.03.02-07.05.27:271][  0]LogConfig: Setting CVar [[r.SSR.Quality:3]]
[2020.03.02-07.05.27:271][  0]LogConfig: Setting CVar [[r.SceneColorFormat:4]]
[2020.03.02-07.05.27:271][  0]LogConfig: Setting CVar [[r.DetailMode:2]]
[2020.03.02-07.05.27:271][  0]LogConfig: Setting CVar [[r.TranslucencyVolumeBlur:1]]
[2020.03.02-07.05.27:271][  0]LogConfig: Setting CVar [[r.MaterialQualityLevel:1 ; High quality]]
[2020.03.02-07.05.27:271][  0]LogConfig: Setting CVar [[r.SSS.Scale:1]]
[2020.03.02-07.05.27:271][  0]LogConfig: Setting CVar [[r.SSS.SampleSet:2]]
[2020.03.02-07.05.27:271][  0]LogConfig: Setting CVar [[r.SSS.Quality:1]]
[2020.03.02-07.05.27:271][  0]LogConfig: Setting CVar [[r.SSS.HalfRes:1]]
[2020.03.02-07.05.27:271][  0]LogConfig: Setting CVar [[r.EmitterSpawnRateScale:1.0]]
[2020.03.02-07.05.27:271][  0]LogConfig: Setting CVar [[r.ParticleLightQuality:2]]
[2020.03.02-07.05.27:271][  0]LogConfig: Applying CVar settings from Section [FoliageQuality@3] File [C:/Users/Devlyn/Desktop/Github/Johnston/Saved/Config/Windows/Scalability.ini]
[2020.03.02-07.05.27:272][  0]LogConfig: Setting CVar [[foliage.DensityScale:1.0]]
[2020.03.02-07.05.27:272][  0]LogConfig: Setting CVar [[grass.DensityScale:1.0]]
[2020.03.02-07.05.27:283][  0]LogInit: Selected Device Profile: [Windows]
[2020.03.02-07.05.27:283][  0]LogInit: Applying CVar settings loaded from the selected device profile: [Windows]
[2020.03.02-07.05.27:330][  0]LogHAL: Display: Platform has ~ 16 GB [17162162176 / 17179869184 / 16], which maps to Larger [LargestMinGB=32, LargerMinGB=12, DefaultMinGB=8, SmallerMinGB=6, SmallestMinGB=0)
[2020.03.02-07.05.27:339][  0]LogConfig: Setting CVar [[r.Vulkan.UseRealUBs:1]]
[2020.03.02-07.05.27:339][  0]LogInit: Going up to parent DeviceProfile []
[2020.03.02-07.05.27:339][  0]LogConfig: Applying CVar settings from Section [ViewDistanceQuality@3] File [C:/Users/Devlyn/Desktop/Github/Johnston/Saved/Config/Windows/Scalability.ini]
[2020.03.02-07.05.27:339][  0]LogConfig: Setting CVar [[r.SkeletalMeshLODBias:0]]
[2020.03.02-07.05.27:339][  0]LogConfig: Setting CVar [[r.ViewDistanceScale:1.0]]
[2020.03.02-07.05.27:340][  0]LogConfig: Applying CVar settings from Section [AntiAliasingQuality@3] File [C:/Users/Devlyn/Desktop/Github/Johnston/Saved/Config/Windows/Scalability.ini]
[2020.03.02-07.05.27:340][  0]LogConfig: Setting CVar [[r.PostProcessAAQuality:4]]
[2020.03.02-07.05.27:340][  0]LogConfig: Applying CVar settings from Section [ShadowQuality@3] File [C:/Users/Devlyn/Desktop/Github/Johnston/Saved/Config/Windows/Scalability.ini]
[2020.03.02-07.05.27:340][  0]LogConfig: Setting CVar [[r.LightFunctionQuality:1]]
[2020.03.02-07.05.27:340][  0]LogConfig: Setting CVar [[r.ShadowQuality:5]]
[2020.03.02-07.05.27:340][  0]LogConfig: Setting CVar [[r.Shadow.CSM.MaxCascades:10]]
[2020.03.02-07.05.27:340][  0]LogConfig: Setting CVar [[r.Shadow.MaxResolution:2048]]
[2020.03.02-07.05.27:340][  0]LogConfig: Setting CVar [[r.Shadow.MaxCSMResolution:2048]]
[2020.03.02-07.05.27:340][  0]LogConfig: Setting CVar [[r.Shadow.RadiusThreshold:0.01]]
[2020.03.02-07.05.27:340][  0]LogConfig: Setting CVar [[r.Shadow.DistanceScale:1.0]]
[2020.03.02-07.05.27:340][  0]LogConfig: Setting CVar [[r.Shadow.CSM.TransitionScale:1.0]]
[2020.03.02-07.05.27:340][  0]LogConfig: Setting CVar [[r.Shadow.PreShadowResolutionFactor:1.0]]
[2020.03.02-07.05.27:340][  0]LogConfig: Setting CVar [[r.DistanceFieldShadowing:1]]
[2020.03.02-07.05.27:340][  0]LogConfig: Setting CVar [[r.DistanceFieldAO:1]]
[2020.03.02-07.05.27:340][  0]LogConfig: Setting CVar [[r.AOQuality:2]]
[2020.03.02-07.05.27:340][  0]LogConfig: Setting CVar [[r.VolumetricFog:1]]
[2020.03.02-07.05.27:340][  0]LogConfig: Setting CVar [[r.VolumetricFog.GridPixelSize:8]]
[2020.03.02-07.05.27:340][  0]LogConfig: Setting CVar [[r.VolumetricFog.GridSizeZ:128]]
[2020.03.02-07.05.27:340][  0]LogConfig: Setting CVar [[r.VolumetricFog.HistoryMissSupersampleCount:4]]
[2020.03.02-07.05.27:340][  0]LogConfig: Setting CVar [[r.LightMaxDrawDistanceScale:1]]
[2020.03.02-07.05.27:340][  0]LogConfig: Setting CVar [[r.CapsuleShadows:1]]
[2020.03.02-07.05.27:340][  0]LogConfig: Applying CVar settings from Section [PostProcessQuality@3] File [C:/Users/Devlyn/Desktop/Github/Johnston/Saved/Config/Windows/Scalability.ini]
[2020.03.02-07.05.27:340][  0]LogConfig: Setting CVar [[r.MotionBlurQuality:4]]
[2020.03.02-07.05.27:340][  0]LogConfig: Setting CVar [[r.AmbientOcclusionMipLevelFactor:0.4]]
[2020.03.02-07.05.27:340][  0]LogConfig: Setting CVar [[r.AmbientOcclusionMaxQuality:100]]
[2020.03.02-07.05.27:340][  0]LogConfig: Setting CVar [[r.AmbientOcclusionLevels:-1]]
[2020.03.02-07.05.27:340][  0]LogConfig: Setting CVar [[r.AmbientOcclusionRadiusScale:1.0]]
[2020.03.02-07.05.27:340][  0]LogConfig: Setting CVar [[r.DepthOfFieldQuality:2]]
[2020.03.02-07.05.27:340][  0]LogConfig: Setting CVar [[r.RenderTargetPoolMin:400]]
[2020.03.02-07.05.27:340][  0]LogConfig: Setting CVar [[r.LensFlareQuality:2]]
[2020.03.02-07.05.27:340][  0]LogConfig: Setting CVar [[r.SceneColorFringeQuality:1]]
[2020.03.02-07.05.27:340][  0]LogConfig: Setting CVar [[r.EyeAdaptationQuality:2]]
[2020.03.02-07.05.27:340][  0]LogConfig: Setting CVar [[r.BloomQuality:5]]
[2020.03.02-07.05.27:340][  0]LogConfig: Setting CVar [[r.FastBlurThreshold:100]]
[2020.03.02-07.05.27:340][  0]LogConfig: Setting CVar [[r.Upscale.Quality:3]]
[2020.03.02-07.05.27:340][  0]LogConfig: Setting CVar [[r.Tonemapper.GrainQuantization:1]]
[2020.03.02-07.05.27:340][  0]LogConfig: Setting CVar [[r.LightShaftQuality:1]]
[2020.03.02-07.05.27:340][  0]LogConfig: Setting CVar [[r.Filter.SizeScale:1]]
[2020.03.02-07.05.27:340][  0]LogConfig: Setting CVar [[r.Tonemapper.Quality:5]]
[2020.03.02-07.05.27:340][  0]LogConfig: Setting CVar [[r.DOF.Gather.AccumulatorQuality:1        ; higher gathering accumulator quality]]
[2020.03.02-07.05.27:340][  0]LogConfig: Setting CVar [[r.DOF.Gather.PostfilterMethod:1          ; Median3x3 postfilering method]]
[2020.03.02-07.05.27:340][  0]LogConfig: Setting CVar [[r.DOF.Gather.EnableBokehSettings:0       ; no bokeh simulation when gathering]]
[2020.03.02-07.05.27:340][  0]LogConfig: Setting CVar [[r.DOF.Gather.RingCount:4                 ; medium number of samples when gathering]]
[2020.03.02-07.05.27:340][  0]LogConfig: Setting CVar [[r.DOF.Scatter.ForegroundCompositing:1    ; additive foreground scattering]]
[2020.03.02-07.05.27:340][  0]LogConfig: Setting CVar [[r.DOF.Scatter.BackgroundCompositing:2    ; additive background scattering]]
[2020.03.02-07.05.27:340][  0]LogConfig: Setting CVar [[r.DOF.Scatter.EnableBokehSettings:1      ; bokeh simulation when scattering]]
[2020.03.02-07.05.27:340][  0]LogConfig: Setting CVar [[r.DOF.Scatter.MaxSpriteRatio:0.1         ; only a maximum of 10% of scattered bokeh]]
[2020.03.02-07.05.27:340][  0]LogConfig: Setting CVar [[r.DOF.Recombine.Quality:1                ; cheap slight out of focus]]
[2020.03.02-07.05.27:340][  0]LogConfig: Setting CVar [[r.DOF.Recombine.EnableBokehSettings:0    ; no bokeh simulation on slight out of focus]]
[2020.03.02-07.05.27:340][  0]LogConfig: Setting CVar [[r.DOF.TemporalAAQuality:1                ; more stable temporal accumulation]]
[2020.03.02-07.05.27:340][  0]LogConfig: Setting CVar [[r.DOF.Kernel.MaxForegroundRadius:0.025]]
[2020.03.02-07.05.27:340][  0]LogConfig: Setting CVar [[r.DOF.Kernel.MaxBackgroundRadius:0.025]]
[2020.03.02-07.05.27:340][  0]LogConfig: Applying CVar settings from Section [TextureQuality@3] File [C:/Users/Devlyn/Desktop/Github/Johnston/Saved/Config/Windows/Scalability.ini]
[2020.03.02-07.05.27:340][  0]LogConfig: Setting CVar [[r.Streaming.MipBias:0]]
[2020.03.02-07.05.27:340][  0]LogConfig: Setting CVar [[r.Streaming.AmortizeCPUToGPUCopy:0]]
[2020.03.02-07.05.27:340][  0]LogConfig: Setting CVar [[r.Streaming.MaxNumTexturesToStreamPerFrame:0]]
[2020.03.02-07.05.27:340][  0]LogConfig: Setting CVar [[r.Streaming.Boost:1]]
[2020.03.02-07.05.27:340][  0]LogConfig: Setting CVar [[r.MaxAnisotropy:8]]
[2020.03.02-07.05.27:340][  0]LogConfig: Setting CVar [[r.Streaming.LimitPoolSizeToVRAM:0]]
[2020.03.02-07.05.27:341][  0]LogConfig: Setting CVar [[r.Streaming.PoolSize:1000]]
[2020.03.02-07.05.27:341][  0]LogConfig: Setting CVar [[r.Streaming.MaxEffectiveScreenSize:0]]
[2020.03.02-07.05.27:341][  0]LogConfig: Applying CVar settings from Section [EffectsQuality@3] File [C:/Users/Devlyn/Desktop/Github/Johnston/Saved/Config/Windows/Scalability.ini]
[2020.03.02-07.05.27:341][  0]LogConfig: Setting CVar [[r.TranslucencyLightingVolumeDim:64]]
[2020.03.02-07.05.27:341][  0]LogConfig: Setting CVar [[r.RefractionQuality:2]]
[2020.03.02-07.05.27:341][  0]LogConfig: Setting CVar [[r.SSR.Quality:3]]
[2020.03.02-07.05.27:341][  0]LogConfig: Setting CVar [[r.SceneColorFormat:4]]
[2020.03.02-07.05.27:341][  0]LogConfig: Setting CVar [[r.DetailMode:2]]
[2020.03.02-07.05.27:341][  0]LogConfig: Setting CVar [[r.TranslucencyVolumeBlur:1]]
[2020.03.02-07.05.27:341][  0]LogConfig: Setting CVar [[r.MaterialQualityLevel:1 ; High quality]]
[2020.03.02-07.05.27:341][  0]LogConfig: Setting CVar [[r.SSS.Scale:1]]
[2020.03.02-07.05.27:341][  0]LogConfig: Setting CVar [[r.SSS.SampleSet:2]]
[2020.03.02-07.05.27:341][  0]LogConfig: Setting CVar [[r.SSS.Quality:1]]
[2020.03.02-07.05.27:341][  0]LogConfig: Setting CVar [[r.SSS.HalfRes:1]]
[2020.03.02-07.05.27:341][  0]LogConfig: Setting CVar [[r.EmitterSpawnRateScale:1.0]]
[2020.03.02-07.05.27:341][  0]LogConfig: Setting CVar [[r.ParticleLightQuality:2]]
[2020.03.02-07.05.27:341][  0]LogConfig: Applying CVar settings from Section [FoliageQuality@3] File [C:/Users/Devlyn/Desktop/Github/Johnston/Saved/Config/Windows/Scalability.ini]
[2020.03.02-07.05.27:341][  0]LogConfig: Setting CVar [[foliage.DensityScale:1.0]]
[2020.03.02-07.05.27:341][  0]LogConfig: Setting CVar [[grass.DensityScale:1.0]]
[2020.03.02-07.05.27:341][  0]LogConfig: Applying CVar settings from Section [Startup] File [../../../Engine/Config/ConsoleVariables.ini]
[2020.03.02-07.05.27:357][  0]LogConfig: Setting CVar [[net.UseAdaptiveNetUpdateFrequency:0]]
[2020.03.02-07.05.27:357][  0]LogConfig: Applying CVar settings from Section [ConsoleVariables] File [C:/Users/Devlyn/Desktop/Github/Johnston/Saved/Config/Windows/Engine.ini]
[2020.03.02-07.05.27:411][  0]LogInit: Computer: DESKTOP-6H6P7BF
[2020.03.02-07.05.27:411][  0]LogInit: User: Devlyn
[2020.03.02-07.05.27:411][  0]LogInit: CPU Page size=4096, Cores=4
[2020.03.02-07.05.27:411][  0]LogInit: High frequency timer resolution =10.000000 MHz
[2020.03.02-07.05.27:421][  0]LogMemory: Memory total: Physical=16.0GB (16GB approx)
[2020.03.02-07.05.27:421][  0]LogMemory: Platform Memory Stats for Windows
[2020.03.02-07.05.27:421][  0]LogMemory: Process Physical Memory: 102.96 MB used, 102.96 MB peak
[2020.03.02-07.05.27:421][  0]LogMemory: Process Virtual Memory: 91.43 MB used, 91.43 MB peak
[2020.03.02-07.05.27:421][  0]LogMemory: Physical Memory: 5749.70 MB used,  10617.41 MB free, 16367.11 MB total
[2020.03.02-07.05.27:421][  0]LogMemory: Virtual Memory: 4635.81 MB used,  134213096.00 MB free, 134217728.00 MB total
[2020.03.02-07.05.28:163][  0]LogInit: Using OS detected language (en-US).
[2020.03.02-07.05.28:163][  0]LogInit: Using OS detected locale (en-AU).
[2020.03.02-07.05.28:292][  0]LogTextLocalizationManager: No specific localization for 'en-US' exists, so the 'en' localization will be used.
[2020.03.02-07.05.29:298][  0]LogStreaming: Display: Took  1.121s to InitEngineTextLocalization.
[2020.03.02-07.05.29:305][  0]LogInit: Setting process to per monitor DPI aware
[2020.03.02-07.05.30:215][  0]LogSlate: New Slate User Created.  User Index 0, Is Virtual User: 0
[2020.03.02-07.05.30:215][  0]LogSlate: Slate User Registered.  User Index 0, Is Virtual User: 0
[2020.03.02-07.05.39:964][  0]LogHMD: Failed to initialize OpenVR with code 108
[2020.03.02-07.05.39:964][  0]LogD3D11RHI: D3D11 adapters:
[2020.03.02-07.05.39:998][  0]LogD3D11RHI:    0. 'Radeon RX 570 Series' (Feature Level 11_0)
[2020.03.02-07.05.39:998][  0]LogD3D11RHI:       4041/0/8183 MB DedicatedVideo/DedicatedSystem/SharedSystem, Outputs:2, VendorId:0x1002
[2020.03.02-07.05.40:000][  0]LogD3D11RHI:    1. 'Microsoft Basic Render Driver' (Feature Level 11_0)
[2020.03.02-07.05.40:000][  0]LogD3D11RHI:       0/0/8183 MB DedicatedVideo/DedicatedSystem/SharedSystem, Outputs:0, VendorId:0x1414
[2020.03.02-07.05.40:000][  0]LogD3D11RHI: Chosen D3D11 Adapter: 0
[2020.03.02-07.05.40:175][  0]LogD3D11RHI: Creating new Direct3DDevice
[2020.03.02-07.05.40:175][  0]LogD3D11RHI:     GPU DeviceId: 0x67df (for the marketing name, search the web for "GPU Device Id")
[2020.03.02-07.05.40:175][  0]LogWindows: EnumDisplayDevices:
[2020.03.02-07.05.40:175][  0]LogWindows:    0. 'Radeon RX 570 Series' (P:1 D:1)
[2020.03.02-07.05.40:175][  0]LogWindows:    1. 'Radeon RX 570 Series' (P:0 D:1)
[2020.03.02-07.05.40:176][  0]LogWindows:    2. 'Radeon RX 570 Series' (P:0 D:0)
[2020.03.02-07.05.40:176][  0]LogWindows:    3. 'Radeon RX 570 Series' (P:0 D:0)
[2020.03.02-07.05.40:177][  0]LogWindows:    4. 'Radeon RX 570 Series' (P:0 D:0)
[2020.03.02-07.05.40:177][  0]LogWindows:    5. 'Radeon RX 570 Series' (P:0 D:0)
[2020.03.02-07.05.40:178][  0]LogWindows:    6. 'Radeon RX 570 Series' (P:0 D:0)
[2020.03.02-07.05.40:178][  0]LogWindows:    7. 'Radeon RX 570 Series' (P:0 D:0)
[2020.03.02-07.05.40:178][  0]LogWindows: DebugString: FoundDriverCount:8 
[2020.03.02-07.05.40:178][  0]LogD3D11RHI:     Adapter Name: Radeon RX 570 Series
[2020.03.02-07.05.40:178][  0]LogD3D11RHI:   Driver Version: Adrenalin 19.20 (internal:26.20.12028.2, unified:26.20.12028.2)
[2020.03.02-07.05.40:178][  0]LogD3D11RHI:      Driver Date: 8-16-2019
[2020.03.02-07.05.40:203][  0]LogRHI: Texture pool is 2828 MB (70% of 4041 MB)
[2020.03.02-07.05.40:373][  0]LogD3D11RHI: Async texture creation enabled
[2020.03.02-07.05.42:054][  0]LogD3D11RHI: GPU Timing Frequency: 25.000000 (Debug: 2 1)
[2020.03.02-07.05.43:478][  0]LogTemp: Display: Loaded TP AllDesktopTargetPlatform
[2020.03.02-07.05.43:796][  0]LogTemp: Display: Loaded TP MacClientTargetPlatform
[2020.03.02-07.05.44:982][  0]LogTemp: Display: Loaded TP MacNoEditorTargetPlatform
[2020.03.02-07.05.45:026][  0]LogTemp: Display: Loaded TP MacServerTargetPlatform
[2020.03.02-07.05.47:285][  0]LogTemp: Display: Loaded TP MacTargetPlatform
[2020.03.02-07.05.47:571][  0]LogTemp: Display: Loaded TP WindowsClientTargetPlatform
[2020.03.02-07.05.47:759][  0]LogTemp: Display: Loaded TP WindowsNoEditorTargetPlatform
[2020.03.02-07.05.48:045][  0]LogTemp: Display: Loaded TP WindowsServerTargetPlatform
[2020.03.02-07.05.48:359][  0]LogTemp: Display: Loaded TP WindowsTargetPlatform
[2020.03.02-07.05.48:713][  0]LogTemp: Display: Loaded TP AndroidTargetPlatform
[2020.03.02-07.05.48:713][  0]LogTemp: Display: Loaded TP AndroidTargetPlatform
[2020.03.02-07.05.48:713][  0]LogTemp: Display: Loaded TP AndroidTargetPlatform
[2020.03.02-07.05.48:713][  0]LogTemp: Display: Loaded TP AndroidTargetPlatform
[2020.03.02-07.05.48:713][  0]LogTemp: Display: Loaded TP AndroidTargetPlatform
[2020.03.02-07.05.48:713][  0]LogTemp: Display: Loaded TP AndroidTargetPlatform
[2020.03.02-07.05.48:713][  0]LogTemp: Display: Loaded TP AndroidTargetPlatform
[2020.03.02-07.05.48:713][  0]LogTemp: Display: Loaded TP AndroidTargetPlatform
[2020.03.02-07.05.48:713][  0]LogTemp: Display: Loaded TP AndroidTargetPlatform
[2020.03.02-07.05.48:713][  0]LogTemp: Display: Loaded TP AndroidTargetPlatform
[2020.03.02-07.05.48:713][  0]LogTemp: Display: Loaded TP AndroidTargetPlatform
[2020.03.02-07.05.48:713][  0]LogTemp: Display: Loaded TP AndroidTargetPlatform
[2020.03.02-07.05.48:713][  0]LogTemp: Display: Loaded TP AndroidTargetPlatform
[2020.03.02-07.05.48:713][  0]LogTemp: Display: Loaded TP AndroidTargetPlatform
[2020.03.02-07.05.48:713][  0]LogTemp: Display: Loaded TP AndroidTargetPlatform
[2020.03.02-07.05.48:713][  0]LogTemp: Display: Loaded TP AndroidTargetPlatform
[2020.03.02-07.05.48:713][  0]LogTemp: Display: Loaded TP AndroidTargetPlatform
[2020.03.02-07.05.48:713][  0]LogTemp: Display: Loaded TP AndroidTargetPlatform
[2020.03.02-07.05.48:944][  0]LogTemp: Display: Loaded TP HTML5TargetPlatform
[2020.03.02-07.05.49:839][  0]LogTemp: Display: Loaded TP IOSTargetPlatform
[2020.03.02-07.05.49:839][  0]LogTemp: Display: Loaded TP IOSTargetPlatform
[2020.03.02-07.05.49:927][  0]LogTemp: Display: Loaded TP TVOSTargetPlatform
[2020.03.02-07.05.49:927][  0]LogTemp: Display: Loaded TP TVOSTargetPlatform
[2020.03.02-07.05.50:134][  0]LogTemp: Display: Loaded TP LinuxClientTargetPlatform
[2020.03.02-07.05.50:404][  0]LogTemp: Display: Loaded TP LinuxNoEditorTargetPlatform
[2020.03.02-07.05.50:511][  0]LogTemp: Display: Loaded TP LinuxServerTargetPlatform
[2020.03.02-07.05.50:740][  0]LogTemp: Display: Loaded TP LinuxTargetPlatform
[2020.03.02-07.05.51:007][  0]LogTemp: Display: Loaded TP LuminTargetPlatform
[2020.03.02-07.05.51:007][  0]LogTemp: Display: Loaded TP LuminTargetPlatform
[2020.03.02-07.05.51:007][  0]LogTargetPlatformManager: Display: Building Assets For Windows
[2020.03.02-07.05.54:899][  0]LogShaderCompilers: Guid format shader working directory is 7 characters bigger than the processId version (C:/Users/Devlyn/Desktop/Github/Johnston/Intermediate/Shaders/WorkingDirectory/13988/).
[2020.03.02-07.05.54:899][  0]LogShaderCompilers: Cleaned the shader compiler working directory 'C:/Users/Devlyn/AppData/Local/Temp/UnrealShaderWorkingDir/479ADF314F8C68EE17579DA3926738BE/'.
[2020.03.02-07.05.54:959][  0]LogXGEController: Cleaning working directory: C:/Users/Devlyn/AppData/Local/Temp/UnrealXGEWorkingDir/
[2020.03.02-07.05.54:959][  0]LogXGEController: Cannot use XGE Controller as Incredibuild is not installed on this machine.
[2020.03.02-07.05.54:959][  0]LogShaderCompilers: Cannot use XGE Shader Compiler as Incredibuild is not installed on this machine.
[2020.03.02-07.05.54:959][  0]LogShaderCompilers: Display: Using Local Shader Compiler.
[2020.03.02-07.05.58:135][  0]LogDerivedDataCache: Display: Max Cache Size: 512 MB
[2020.03.02-07.05.58:369][  0]LogDerivedDataCache: Loaded boot cache 0.23s 71MB C:/Users/Devlyn/AppData/Local/UnrealEngine/4.21/DerivedDataCache/Boot.ddc.
[2020.03.02-07.05.58:369][  0]LogDerivedDataCache: Display: Loaded Boot cache: C:/Users/Devlyn/AppData/Local/UnrealEngine/4.21/DerivedDataCache/Boot.ddc
[2020.03.02-07.05.58:369][  0]LogDerivedDataCache: FDerivedDataBackendGraph:  Pak pak cache file C:/Users/Devlyn/Desktop/Github/Johnston/DerivedDataCache/DDC.ddp not found, will not use a pak cache.
[2020.03.02-07.05.58:369][  0]LogDerivedDataCache: Unable to find inner node Pak for hierarchical cache Hierarchy.
[2020.03.02-07.05.58:369][  0]LogDerivedDataCache: FDerivedDataBackendGraph:  CompressedPak pak cache file C:/Users/Devlyn/Desktop/Github/Johnston/DerivedDataCache/Compressed.ddp not found, will not use a pak cache.
[2020.03.02-07.05.58:369][  0]LogDerivedDataCache: Unable to find inner node CompressedPak for hierarchical cache Hierarchy.
[2020.03.02-07.05.58:461][  0]LogDerivedDataCache: Display: Pak cache opened for reading ../../../Engine/DerivedDataCache/Compressed.ddp.
[2020.03.02-07.05.58:461][  0]LogDerivedDataCache: FDerivedDataBackendGraph:  EnterprisePak pak cache file ../../../Enterprise/DerivedDataCache/Compressed.ddp not found, will not use a pak cache.
[2020.03.02-07.05.58:461][  0]LogDerivedDataCache: Unable to find inner node EnterprisePak for hierarchical cache Hierarchy.
[2020.03.02-07.05.58:487][  0]LogDerivedDataCache: Using Local data cache path C:/Users/Devlyn/AppData/Local/UnrealEngine/Common/DerivedDataCache: Writable
[2020.03.02-07.05.58:487][  0]LogDerivedDataCache: Shared data cache path not found in *engine.ini, will not use an Shared cache.
[2020.03.02-07.05.58:487][  0]LogDerivedDataCache: Unable to find inner node Shared for hierarchical cache Hierarchy.
[2020.03.02-07.05.58:557][  0]LogMaterial: Verifying Global Shaders for PCD3D_SM5
[2020.03.02-07.05.58:671][  0]LogSlate: Using FreeType 2.6.0
[2020.03.02-07.05.58:834][  0]LogSlate: SlateFontServices - WITH_FREETYPE: 1, WITH_HARFBUZZ: 1
[2020.03.02-07.06.01:864][  0]LogAssetRegistry: FAssetRegistry took 0.0390 seconds to start up
[2020.03.02-07.06.07:581][  0]LogInit: Selected Device Profile: [Windows]
[2020.03.02-07.06.10:677][  0]LogSimplygon: Simplygon DLL not present - disabling.
[2020.03.02-07.06.10:793][  0]LogMeshReduction: Using SimplygonSwarm for distributed automatic mesh merging
[2020.03.02-07.06.10:803][  0]LogMeshReduction: Using ProxyLODMeshReduction for automatic mesh merging
[2020.03.02-07.06.10:804][  0]LogMeshReduction: Using QuadricMeshReduction for automatic static mesh reduction
[2020.03.02-07.06.10:804][  0]LogMeshReduction: No automatic skeletal mesh reduction module available
[2020.03.02-07.06.11:322][  0]LogNetVersion: Johnston 1.0.0, NetCL: 4541578, EngineNetVer: 5, GameNetVer: 0 (Checksum: 3948594914)
[2020.03.02-07.06.16:122][  0]LogPackageLocalizationCache: Processed 11 localized package path(s) for 2 prioritized culture(s) in 0.119118 seconds
[2020.03.02-07.06.16:155][  0]LogUObjectArray: 39775 objects as part of root set at end of initial load.
[2020.03.02-07.06.16:155][  0]LogUObjectAllocator: 6914656 out of 0 bytes used by permanent object pool.
[2020.03.02-07.06.16:155][  0]LogUObjectArray: CloseDisregardForGC: 0/0 objects in disregard for GC pool
[2020.03.02-07.06.33:231][  0]LogTcpMessaging: Initializing TcpMessaging bridge
[2020.03.02-07.06.33:268][  0]LogUdpMessaging: Initializing bridge on interface 0.0.0.0:0 to multicast group 230.0.0.1:6666.
[2020.03.02-07.06.35:520][  0]SourceControl: Source control is disabled
[2020.03.02-07.06.35:521][  0]SourceControl: Source control is disabled
[2020.03.02-07.06.35:596][  0]SourceControl: Source control is disabled
[2020.03.02-07.06.35:629][  0]SourceControl: Source control is disabled
[2020.03.02-07.06.37:168][  0]LogAndroidPermission: UAndroidPermissionCallbackProxy::GetInstance
[2020.03.02-07.06.37:601][  0]LogOcInput: OculusInput pre-init called
[2020.03.02-07.06.38:671][  0]LogEngine: Initializing Engine...
[2020.03.02-07.06.44:557][  0]LogHMD: Failed to initialize OpenVR with code 108
[2020.03.02-07.06.44:590][  0]LogStats: UGameplayTagsManager::ConstructGameplayTagTree: ImportINI prefixes -  0.000 s
[2020.03.02-07.06.44:590][  0]LogStats: UGameplayTagsManager::ConstructGameplayTagTree: Construct from data asset -  0.000 s
[2020.03.02-07.06.44:591][  0]LogStats: UGameplayTagsManager::ConstructGameplayTagTree: ImportINI -  0.000 s
[2020.03.02-07.06.44:591][  0]LogStats: UGameplayTagsManager::ConstructGameplayTagTree: GameplayTagTreeChangedEvent.Broadcast -  0.000 s
[2020.03.02-07.06.45:678][  0]LogInit: Initializing FReadOnlyCVARCache
[2020.03.02-07.06.46:158][  0]LogAIModule: Creating AISystem for world Untitled
[2020.03.02-07.06.46:433][  0]LogInit: XAudio2 using 'Headset Earphone (Corsair VOID PRO Surround USB Adapter)' : 2 channels at 48 kHz using 16 bits per sample (channel mask 0x3)
[2020.03.02-07.06.46:479][  0]LogInit: FAudioDevice initialized.
[2020.03.02-07.06.46:480][  0]LogNetVersion: Set ProjectVersion to 1.0.0.0. Version Checksum will be recalculated on next use.
[2020.03.02-07.06.46:560][  0]LogDerivedDataCache: Saved boot cache 0.08s 71MB C:/Users/Devlyn/AppData/Local/UnrealEngine/4.21/DerivedDataCache/Boot.ddc.
[2020.03.02-07.06.46:561][  0]LogInit: Texture streaming: Enabled
[2020.03.02-07.06.46:744][  0]LogEngineSessionManager: EngineSessionManager initialized
[2020.03.02-07.06.46:744][  0]LogEngineSessionManager: EngineSessionManager sent abnormal shutdown report. Type=AbnormalShutdown, SessionId={7F899279-4B3A-E9EF-09CD-7BB89EBB01F4}
[2020.03.02-07.06.46:744][  0]LogEngineSessionManager: EngineSessionManager sent abnormal shutdown report. Type=AbnormalShutdown, SessionId={EAADC1EC-45C6-9454-31F5-50B4F370392F}
[2020.03.02-07.06.46:882][  0]LogInit: Transaction tracking system initialized
[2020.03.02-07.06.47:232][  0]BlueprintLog: New page: Editor Load
[2020.03.02-07.06.48:834][  0]LocalizationService: Localization service is disabled
[2020.03.02-07.06.52:923][  0]LogFileCache: Scanning file cache for directory 'C:/Users/Devlyn/Desktop/Github/Johnston/Content/' took 0.02s
[2020.03.02-07.06.52:923][  0]LogCook: Display: Max memory allowance for cook 16384mb min free memory 0mb
[2020.03.02-07.06.52:923][  0]LogCook: Display: Mobile HDR setting 1
[2020.03.02-07.06.52:946][  0]LogGameplayTags: Display: UGameplayTagsManager::DoneAddingNativeTags. DelegateIsBound: 0
[2020.03.02-07.06.52:946][  0]LogStats: UGameplayTagsManager::ConstructGameplayTagTree: ImportINI prefixes -  0.000 s
[2020.03.02-07.06.52:946][  0]LogStats: UGameplayTagsManager::ConstructGameplayTagTree: Construct from data asset -  0.000 s
[2020.03.02-07.06.52:946][  0]LogStats: UGameplayTagsManager::ConstructGameplayTagTree: ImportINI -  0.000 s
[2020.03.02-07.06.52:946][  0]LogStats: UGameplayTagsManager::ConstructGameplayTagTree: GameplayTagTreeChangedEvent.Broadcast -  0.000 s
[2020.03.02-07.06.56:831][  0]SourceControl: Source control is disabled
[2020.03.02-07.06.56:878][  0]Cmd: MAP LOAD FILE="C:/Users/Devlyn/Desktop/Github/Johnston/Content/Map/TestingLevel.umap" TEMPLATE=0 SHOWPROGRESS=1 FEATURELEVEL=3
[2020.03.02-07.06.56:879][  0]LogEditorServer: Warning: Can't find file 'C:/Users/Devlyn/Desktop/Github/Johnston/Content/Map/TestingLevel.umap'
[2020.03.02-07.06.56:879][  0]Cmd: MAP CHECKDEP NOCLEARLOG
[2020.03.02-07.06.56:886][  0]MapCheck: Map check complete: 0 Error(s), 0 Warning(s), took 7.27ms to complete.
[2020.03.02-07.06.56:886][  0]LogFileHelpers: Loading map 'TestingLevel' took 0.042
[2020.03.02-07.06.58:720][  0]LogSlate: Updating window title bar state: overlay mode, drag disabled, window buttons hidden, title bar hidden
[2020.03.02-07.06.58:741][  0]LogSlate: Updating window title bar state: overlay mode, drag disabled, window buttons hidden, title bar hidden
[2020.03.02-07.06.58:750][  0]LogSlate: Updating window title bar state: overlay mode, drag disabled, window buttons hidden, title bar hidden
[2020.03.02-07.06.58:759][  0]LogSlate: Updating window title bar state: overlay mode, drag disabled, window buttons hidden, title bar hidden
[2020.03.02-07.06.58:887][  0]LogCollectionManager: Loaded 0 collections in 0.001229 seconds
[2020.03.02-07.06.59:065][  0]LogFileCache: Scanning file cache for directory 'C:/Users/Devlyn/Desktop/Github/Johnston/Saved/Collections/' took 0.01s
[2020.03.02-07.06.59:065][  0]LogFileCache: Scanning file cache for directory 'C:/Users/Devlyn/Desktop/Github/Johnston/Content/Developers/Devlyn/Collections/' took 0.01s
[2020.03.02-07.06.59:065][  0]LogFileCache: Scanning file cache for directory 'C:/Users/Devlyn/Desktop/Github/Johnston/Content/Collections/' took 0.00s
[2020.03.02-07.06.59:065][  0]LogCollectionManager: Rebuilt the GUID cache for 0 collections in 0.000001 seconds
[2020.03.02-07.06.59:087][  0]LogContentBrowser: Native class hierarchy populated in 0.0119 seconds. Added 2651 classes and 620 folders.
[2020.03.02-07.06.59:179][  0]LogContentBrowser: Native class hierarchy updated for 'WidgetCarousel' in 0.0006 seconds. Added 0 classes and 0 folders.
[2020.03.02-07.06.59:324][  0]LogPakFile: Registered encryption key '00000000000000000000000000000000': 0 pak files mounted, 0 remain pending
[2020.03.02-07.06.59:388][  0]LogPakFile: Registered encryption key '00000000000000000000000000000000': 0 pak files mounted, 0 remain pending
[2020.03.02-07.06.59:391][  0]LogPakFile: Registered encryption key '00000000000000000000000000000000': 0 pak files mounted, 0 remain pending
[2020.03.02-07.06.59:416][  0]LogPakFile: Registered encryption key '00000000000000000000000000000000': 0 pak files mounted, 0 remain pending
[2020.03.02-07.06.59:437][  0]LogPakFile: Registered encryption key '00000000000000000000000000000000': 0 pak files mounted, 0 remain pending
[2020.03.02-07.06.59:439][  0]LogPakFile: Registered encryption key '00000000000000000000000000000000': 0 pak files mounted, 0 remain pending
[2020.03.02-07.06.59:441][  0]LogPakFile: Registered encryption key '00000000000000000000000000000000': 0 pak files mounted, 0 remain pending
[2020.03.02-07.06.59:443][  0]LogPakFile: Registered encryption key '00000000000000000000000000000000': 0 pak files mounted, 0 remain pending
[2020.03.02-07.06.59:445][  0]LogPakFile: Registered encryption key '00000000000000000000000000000000': 0 pak files mounted, 0 remain pending
[2020.03.02-07.06.59:464][  0]LogPakFile: Registered encryption key '00000000000000000000000000000000': 0 pak files mounted, 0 remain pending
[2020.03.02-07.06.59:495][  0]LogPakFile: Registered encryption key '00000000000000000000000000000000': 0 pak files mounted, 0 remain pending
[2020.03.02-07.06.59:497][  0]LogPakFile: Registered encryption key '00000000000000000000000000000000': 0 pak files mounted, 0 remain pending
[2020.03.02-07.06.59:499][  0]LogPakFile: Registered encryption key '00000000000000000000000000000000': 0 pak files mounted, 0 remain pending
[2020.03.02-07.06.59:501][  0]LogPakFile: Registered encryption key '00000000000000000000000000000000': 0 pak files mounted, 0 remain pending
[2020.03.02-07.06.59:503][  0]LogPakFile: Registered encryption key '00000000000000000000000000000000': 0 pak files mounted, 0 remain pending
[2020.03.02-07.06.59:505][  0]LogPakFile: Registered encryption key '00000000000000000000000000000000': 0 pak files mounted, 0 remain pending
[2020.03.02-07.06.59:507][  0]LogPakFile: Registered encryption key '00000000000000000000000000000000': 0 pak files mounted, 0 remain pending
[2020.03.02-07.06.59:515][  0]LogPakFile: Registered encryption key '00000000000000000000000000000000': 0 pak files mounted, 0 remain pending
[2020.03.02-07.06.59:527][  0]LogPakFile: Registered encryption key '00000000000000000000000000000000': 0 pak files mounted, 0 remain pending
[2020.03.02-07.06.59:528][  0]LogPakFile: Registered encryption key '00000000000000000000000000000000': 0 pak files mounted, 0 remain pending
[2020.03.02-07.06.59:540][  0]LogPakFile: Registered encryption key '00000000000000000000000000000000': 0 pak files mounted, 0 remain pending
[2020.03.02-07.06.59:562][  0]LogPakFile: Registered encryption key '00000000000000000000000000000000': 0 pak files mounted, 0 remain pending
[2020.03.02-07.06.59:564][  0]LogPakFile: Registered encryption key '00000000000000000000000000000000': 0 pak files mounted, 0 remain pending
[2020.03.02-07.06.59:586][  0]LogPakFile: Registered encryption key '00000000000000000000000000000000': 0 pak files mounted, 0 remain pending
[2020.03.02-07.06.59:612][  0]LogPakFile: Registered encryption key '00000000000000000000000000000000': 0 pak files mounted, 0 remain pending
[2020.03.02-07.06.59:614][  0]LogPakFile: Registered encryption key '00000000000000000000000000000000': 0 pak files mounted, 0 remain pending
[2020.03.02-07.07.00:675][  0]LogContentBrowser: Native class hierarchy updated for 'AddContentDialog' in 0.0003 seconds. Added 0 classes and 0 folders.
[2020.03.02-07.07.00:765][  0]LogContentBrowser: Native class hierarchy updated for 'SceneOutliner' in 0.0004 seconds. Added 1 classes and 2 folders.
[2020.03.02-07.07.01:809][  0]LogSlate: Took 0.020001 seconds to synchronously load lazily loaded font '../../../Engine/Content/Slate/Fonts/Roboto-Regular.ttf' (155K)
[2020.03.02-07.07.01:841][  0]LogSlate: Took 0.030071 seconds to synchronously load lazily loaded font '../../../Engine/Content/Slate/Fonts/Roboto-Bold.ttf' (160K)
[2020.03.02-07.07.01:918][  0]LogSlate: Took 0.018821 seconds to synchronously load lazily loaded font '../../../Engine/Content/Editor/Slate/Fonts/FontAwesome.ttf' (139K)
[2020.03.02-07.07.02:536][  0]LogRenderer: Reallocating scene render targets to support 1208x652 Format 10 NumSamples 1 (Frame:1).
[2020.03.02-07.07.03:325][  0]LogContentBrowser: Native class hierarchy updated for 'HierarchicalLODOutliner' in 0.0003 seconds. Added 0 classes and 0 folders.
[2020.03.02-07.07.03:325][  0]LogLoad: (Engine Initialization) Total time: 117.72 seconds
[2020.03.02-07.07.03:325][  0]LogLoad: (Engine Initialization) Total Blueprint compile time: 0.00 seconds
[2020.03.02-07.07.03:538][  0]LogContentStreaming: Texture pool size now 1000 MB
[2020.03.02-07.07.03:685][  1]LogAssetRegistry: Asset discovery search completed in 61.8427 seconds
[2020.03.02-07.07.03:687][  1]LogCollectionManager: Rebuilt the object cache for 0 collections in 0.000000 seconds (found 0 objects)
[2020.03.02-07.07.03:687][  1]LogCollectionManager: Fixed up redirectors for 0 collections in 0.000056 seconds (updated 0 objects)
[2020.03.02-07.07.03:788][  1]LogSlate: Took 0.011579 seconds to synchronously load lazily loaded font '../../../Engine/Content/Slate/Fonts/Roboto-Light.ttf' (167K)
[2020.03.02-07.07.04:672][  4]LogSlate: Took 0.000286 seconds to synchronously load lazily loaded font '../../../Engine/Content/Slate/Fonts/Roboto-Light.ttf' (167K)
[2020.03.02-07.07.23:040][ 58]LogSlate: FSceneViewport::OnFocusLost() reason 0
[2020.03.02-07.07.26:025][403]LogSlate: FSceneViewport::OnFocusLost() reason 2
[2020.03.02-07.07.28:825][736]LogSlate: FSceneViewport::OnFocusLost() reason 2
[2020.03.02-07.07.31:966][736]LogSlate: Only BGRA pngs, bmps or icos are supported in by External Image Picker
[2020.03.02-07.07.32:170][737]LogTemp: Executing iPhonePackager certificates Engine -bundlename com.YourCompany.Johnston
[2020.03.02-07.07.32:170][737]LogTemp: CWD: D:\UE_4.21\Engine\Binaries\DotNET\IOS
[2020.03.02-07.07.32:170][737]LogTemp: Initial Dir: D:\UE_4.21
[2020.03.02-07.07.32:170][737]LogTemp: Env CWD: D:\UE_4.21\Engine\Binaries\DotNET\IOS
[2020.03.02-07.07.32:170][737]LogTemp: BranchPath = DESKTOP-6H6P7BF/D/UE_4.21/Engine/Binaries --- GameBranchPath = DESKTOP-6H6P7BF/D/UE_4.21/Engine/Binaries
[2020.03.02-07.07.32:170][737]LogTemp: IPP ERROR: Could not find provision directory 'C:\Users\Devlyn\AppData\Local/Apple Computer/MobileDevice/Provisioning Profiles/'.
[2020.03.02-07.07.58:899][447]LogSlate: Window 'Project Settings' being destroyed
[2020.03.02-07.07.58:903][447]LogSlate: Window 'Project Settings' being destroyed
[2020.03.02-07.07.59:610][477]LogSlate: FSceneViewport::OnFocusLost() reason 0
[2020.03.02-07.08.02:138][530]LogSlate: Window 'Save Level As' being destroyed
[2020.03.02-07.08.02:214][530]LogSlate: FSceneViewport::OnFocusLost() reason 2
[2020.03.02-07.08.02:229][530]Cmd: OBJ SAVEPACKAGE PACKAGE="/Game/Maps/NewMap" FILE="C:/Users/Devlyn/Desktop/Github/Johnston/Content/Maps/NewMap.umap" SILENT=true AUTOSAVING=false KEEPDIRTY=false
[2020.03.02-07.08.02:349][530]LogSavePackage: Moving 'C:/Users/Devlyn/Desktop/Github/Johnston/Saved/NewMapA2B3C2EE4A13F9D378C152A0360D90FC.tmp' to 'C:/Users/Devlyn/Desktop/Github/Johnston/Content/Maps/NewMap.umap'
[2020.03.02-07.08.02:391][530]LogFileHelpers: Saving map 'NewMap' took 0.247
[2020.03.02-07.08.05:420][884]LogSlate: FSceneViewport::OnFocusLost() reason 2
[2020.03.02-07.08.15:031][  7]LogWindows: Warning: CreateProc failed: The system cannot find the file specified. (0x00000002)
[2020.03.02-07.08.15:031][  7]LogWindows: Warning: URL: C:/Program Files/Git/bin/git.exe version
[2020.03.02-07.08.15:032][  7]LogWindows: Warning: CreateProc failed: The system cannot find the file specified. (0x00000002)
[2020.03.02-07.08.15:032][  7]LogWindows: Warning: URL: C:/Program Files (x86)/Git/bin/git.exe version
[2020.03.02-07.08.15:032][  7]LogWindows: Warning: CreateProc failed: The system cannot find the file specified. (0x00000002)
[2020.03.02-07.08.15:032][  7]LogWindows: Warning: URL: C:\Users\Devlyn\AppData\Local/Programs/Git/cmd/git.exe version
[2020.03.02-07.08.15:032][  7]LogWindows: Warning: CreateProc failed: The system cannot find the file specified. (0x00000002)
[2020.03.02-07.08.15:032][  7]LogWindows: Warning: URL: C:/Program Files (x86)/SmartGit/git/bin/git.exe version
[2020.03.02-07.08.15:033][  7]LogWindows: Warning: CreateProc failed: The system cannot find the file specified. (0x00000002)
[2020.03.02-07.08.15:033][  7]LogWindows: Warning: URL: C:/Program Files (x86)/SmartGit/bin/git.exe version
[2020.03.02-07.08.15:033][  7]LogWindows: Warning: CreateProc failed: The system cannot find the file specified. (0x00000002)
[2020.03.02-07.08.15:033][  7]LogWindows: Warning: URL: C:\Users\Devlyn\AppData\Local/Atlassian/SourceTree/git_local/bin/git.exe version
[2020.03.02-07.08.15:034][  7]LogWindows: Warning: CreateProc failed: The system cannot find the file specified. (0x00000002)
[2020.03.02-07.08.15:034][  7]LogWindows: Warning: URL: C:/Program Files (x86)/fournova/Tower/vendor/Git/bin/git.exe version
[2020.03.02-07.08.18:391][405]LogWindows: Warning: CreateProc failed: Access is denied. (0x00000005)
[2020.03.02-07.08.18:391][405]LogWindows: Warning: URL: D:/UE_4.21/Engine/Binaries/Win64/ version
[2020.03.02-07.08.50:203][496]SourceControl: Source control is disabled
[2020.03.02-07.08.51:343][631]LogWindows: Warning: CreateProc failed: Access is denied. (0x00000005)
[2020.03.02-07.08.51:343][631]LogWindows: Warning: URL: D:/UE_4.21/Engine/Binaries/Win64/ version
[2020.03.02-07.10.03:337][362]LogUnrealEdMisc: Warning: Heartbeat event firing too frequently (53.440 sec). This should never happen. Something is wrong with the timer delegate!
[2020.03.02-07.10.08:594][893]SourceControl: Source control is disabled
[2020.03.02-07.10.08:595][893]LogSlate: Window 'Source Control Login' being destroyed
[2020.03.02-07.21.03:341][  4]LogUnrealEdMisc: Warning: Heartbeat event firing too frequently (33.235 sec). This should never happen. Something is wrong with the timer delegate!
[2020.03.02-07.23.15:296][ 69]LogSlate: Window 'Source Control Login' being destroyed
[2020.03.02-07.23.20:305][656]LogSlate: FSceneViewport::OnFocusLost() reason 0
[2020.03.02-07.23.24:048][ 28]LogAIModule: Creating AISystem for world TestingLevel
[2020.03.02-07.23.24:164][ 28]LogAssetEditorManager: Opening Asset editor for World /Game/Map/TestingWorld/TestingLevel.TestingLevel
[2020.03.02-07.23.24:206][ 28]Cmd: MAP LOAD FILE="C:/Users/Devlyn/Desktop/Github/Johnston/Content/Map/TestingWorld/TestingLevel.umap" TEMPLATE=0 SHOWPROGRESS=1 FEATURELEVEL=3
[2020.03.02-07.23.24:206][ 28]LightingResults: New page: Lighting Build
[2020.03.02-07.23.24:236][ 28]LogContentBrowser: Native class hierarchy updated for 'StatsViewer' in 0.0005 seconds. Added 5 classes and 0 folders.
[2020.03.02-07.23.24:238][ 28]LoadErrors: New page: Loading map: TestingLevel.umap
[2020.03.02-07.23.24:258][ 28]MapCheck: New page: Map Check
[2020.03.02-07.23.24:258][ 28]LightingResults: New page: Lighting Build
[2020.03.02-07.23.24:591][ 28]LogEditorServer: Finished looking for orphan Actors (0.000 secs)
[2020.03.02-07.23.24:678][ 28]Cmd: MAP CHECKDEP NOCLEARLOG
[2020.03.02-07.23.24:679][ 28]MapCheck: Map check complete: 0 Error(s), 0 Warning(s), took 0.226ms to complete.
[2020.03.02-07.23.24:679][ 28]LogFileHelpers: Loading map 'TestingLevel' took 0.473
[2020.03.02-07.23.26:256][ 47]LogTemp: Repeating last play command: Selected Viewport
[2020.03.02-07.23.26:292][ 47]LogBlueprintUserMessages: Early PlayInEditor Detection: Level '/Game/Map/TestingWorld/TestingLevel.TestingLevel:PersistentLevel' has LevelScriptBlueprint '/Game/Map/TestingWorld/TestingLevel.TestingLevel:PersistentLevel.TestingLevel' with GeneratedClass '/Game/Map/TestingWorld/TestingLevel.TestingLevel_C' with ClassGeneratedBy '/Game/Map/TestingWorld/TestingLevel.TestingLevel:PersistentLevel.TestingLevel'
[2020.03.02-07.23.26:292][ 47]LogPlayLevel: PlayLevel: No blueprints needed recompiling
[2020.03.02-07.23.26:303][ 47]PIE: New page: PIE session: TestingLevel (3 Mar 2020 5:23:26 am)
[2020.03.02-07.23.26:360][ 47]LogPlayLevel: Creating play world package: /Game/Map/TestingWorld/UEDPIE_0_TestingLevel
[2020.03.02-07.23.26:367][ 47]LogPlayLevel: PIE: StaticDuplicateObject took: (0.006463s)
[2020.03.02-07.23.26:367][ 47]LogAIModule: Creating AISystem for world TestingLevel
[2020.03.02-07.23.26:368][ 47]LogPlayLevel: PIE: World Init took: (0.000757s)
[2020.03.02-07.23.26:368][ 47]LogPlayLevel: PIE: Created PIE world by copying editor world from /Game/Map/TestingWorld/TestingLevel.TestingLevel to /Game/Map/TestingWorld/UEDPIE_0_TestingLevel.TestingLevel (0.008029s)
[2020.03.02-07.23.26:513][ 47]LogInit: XAudio2 using 'Headset Earphone (Corsair VOID PRO Surround USB Adapter)' : 2 channels at 48 kHz using 16 bits per sample (channel mask 0x3)
[2020.03.02-07.23.26:528][ 47]LogInit: FAudioDevice initialized.
[2020.03.02-07.23.26:577][ 47]LogLoad: Game class is 'SinglePlayer_C'
[2020.03.02-07.23.26:613][ 47]LogWorld: Bringing World /Game/Map/TestingWorld/UEDPIE_0_TestingLevel.TestingLevel up for play (max tick rate 0) at 2020.03.02-18.23.26
[2020.03.02-07.23.26:614][ 47]LogWorld: Bringing up level for play took: 0.002812
[2020.03.02-07.23.26:720][ 47]LogContentBrowser: Native class hierarchy updated for 'MovieSceneCapture' in 0.0005 seconds. Added 20 classes and 0 folders.
[2020.03.02-07.23.26:720][ 47]LogGameMode: Display: Match State Changed from EnteringMap to WaitingToStart
[2020.03.02-07.23.26:720][ 47]LogGameState: Match State Changed from EnteringMap to WaitingToStart
[2020.03.02-07.23.26:720][ 47]LogGameMode: Display: Match State Changed from WaitingToStart to InProgress
[2020.03.02-07.23.26:795][ 47]LogGameState: Match State Changed from WaitingToStart to InProgress
[2020.03.02-07.23.26:802][ 47]PIE: Play in editor start time for /Game/Map/TestingWorld/UEDPIE_0_TestingLevel 1.15
[2020.03.02-07.23.26:803][ 47]LogBlueprintUserMessages: Late PlayInEditor Detection: Level '/Game/Map/TestingWorld/TestingLevel.TestingLevel:PersistentLevel' has LevelScriptBlueprint '/Game/Map/TestingWorld/TestingLevel.TestingLevel:PersistentLevel.TestingLevel' with GeneratedClass '/Game/Map/TestingWorld/TestingLevel.TestingLevel_C' with ClassGeneratedBy '/Game/Map/TestingWorld/TestingLevel.TestingLevel:PersistentLevel.TestingLevel'
[2020.03.02-07.23.49:204][708]LogBlueprintUserMessages: Early EndPlayMap Detection: Level '/Game/Map/TestingWorld/TestingLevel.TestingLevel:PersistentLevel' has LevelScriptBlueprint '/Game/Map/TestingWorld/TestingLevel.TestingLevel:PersistentLevel.TestingLevel' with GeneratedClass '/Game/Map/TestingWorld/TestingLevel.TestingLevel_C' with ClassGeneratedBy '/Game/Map/TestingWorld/TestingLevel.TestingLevel:PersistentLevel.TestingLevel'
[2020.03.02-07.23.49:204][708]LogSlate: Updating window title bar state: overlay mode, drag disabled, window buttons hidden, title bar hidden
[2020.03.02-07.23.49:626][708]LogPlayLevel: Display: Shutting down PIE online subsystems
[2020.03.02-07.23.49:626][708]LogBlueprintUserMessages: Late EndPlayMap Detection: Level '/Game/Map/TestingWorld/TestingLevel.TestingLevel:PersistentLevel' has LevelScriptBlueprint '/Game/Map/TestingWorld/TestingLevel.TestingLevel:PersistentLevel.TestingLevel' with GeneratedClass '/Game/Map/TestingWorld/TestingLevel.TestingLevel_C' with ClassGeneratedBy '/Game/Map/TestingWorld/TestingLevel.TestingLevel:PersistentLevel.TestingLevel'
[2020.03.02-07.23.49:702][708]LogSlate: Updating window title bar state: overlay mode, drag disabled, window buttons hidden, title bar hidden
[2020.03.02-07.23.49:743][709]LogPlayLevel: Display: Destroying online subsystem :Context_2
[2020.03.02-07.23.50:990][854]LogSlate: FSceneViewport::OnFocusLost() reason 0
[2020.03.02-07.23.55:816][389]LogAssetEditorManager: Opening Asset editor for Blueprint /Game/Character/PlayerT.PlayerT
[2020.03.02-07.23.56:881][389]LogLinker: Warning: Can't find file '/Game/ExampleContent/BlueprintFluidSurface/Height0'
[2020.03.02-07.23.56:881][389]LogLinker: Warning: Can't find file '/Game/ExampleContent/BlueprintFluidSurface/Height0'
[2020.03.02-07.23.56:881][389]LogUObjectGlobals: Warning: Failed to find object 'Object /Game/ExampleContent/BlueprintFluidSurface/Height0.Height0'
[2020.03.02-07.23.56:882][389]LogLinker: Warning: Can't find file '/Game/ExampleContent/BlueprintFluidSurface/Height2'
[2020.03.02-07.23.56:882][389]LogLinker: Warning: Can't find file '/Game/ExampleContent/BlueprintFluidSurface/Height2'
[2020.03.02-07.23.56:882][389]LogUObjectGlobals: Warning: Failed to find object 'Object /Game/ExampleContent/BlueprintFluidSurface/Height2.Height2'
[2020.03.02-07.23.56:883][389]LogLinker: Warning: Can't find file '/Game/ExampleContent/BlueprintFluidSurface/Height1'
[2020.03.02-07.23.56:883][389]LogLinker: Warning: Can't find file '/Game/ExampleContent/BlueprintFluidSurface/Height1'
[2020.03.02-07.23.56:883][389]LogUObjectGlobals: Warning: Failed to find object 'Object /Game/ExampleContent/BlueprintFluidSurface/Height1.Height1'
[2020.03.02-07.23.58:383][389]LogContentBrowser: Native class hierarchy updated for 'BlueprintGraph' in 0.0007 seconds. Added 117 classes and 0 folders.
[2020.03.02-07.24.00:213][389]LogSlate: Took 0.016834 seconds to synchronously load lazily loaded font '../../../Engine/Content/Slate/Fonts/Roboto-BoldCondensed.ttf' (158K)
[2020.03.02-07.24.00:802][390]LogSlate: Took 0.017382 seconds to synchronously load lazily loaded font '../../../Engine/Content/Slate/Fonts/Roboto-Italic.ttf' (157K)
[2020.03.02-07.25.08:897][238]BlueprintLog: New page: Compile PlayerT
[2020.03.02-07.25.10:330][257]Cmd: OBJ SAVEPACKAGE PACKAGE="/Game/Character/PlayerT" FILE="C:/Users/Devlyn/Desktop/Github/Johnston/Content/Character/PlayerT.uasset" SILENT=true
[2020.03.02-07.25.10:450][257]LogSavePackage: Moving 'C:/Users/Devlyn/Desktop/Github/Johnston/Saved/PlayerT71F91CA146512B6C950D559B537A6869.tmp' to 'C:/Users/Devlyn/Desktop/Github/Johnston/Content/Character/PlayerT.uasset'
[2020.03.02-07.25.11:149][291]LogTemp: Repeating last play command: Selected Viewport
[2020.03.02-07.25.11:167][291]LogBlueprintUserMessages: Early PlayInEditor Detection: Level '/Game/Map/TestingWorld/TestingLevel.TestingLevel:PersistentLevel' has LevelScriptBlueprint '/Game/Map/TestingWorld/TestingLevel.TestingLevel:PersistentLevel.TestingLevel' with GeneratedClass '/Game/Map/TestingWorld/TestingLevel.TestingLevel_C' with ClassGeneratedBy '/Game/Map/TestingWorld/TestingLevel.TestingLevel:PersistentLevel.TestingLevel'
[2020.03.02-07.25.11:167][291]LogPlayLevel: PlayLevel: No blueprints needed recompiling
[2020.03.02-07.25.11:167][291]PIE: New page: PIE session: TestingLevel (3 Mar 2020 5:25:11 am)
[2020.03.02-07.25.11:167][291]LogPlayLevel: Creating play world package: /Game/Map/TestingWorld/UEDPIE_0_TestingLevel
[2020.03.02-07.25.11:173][291]LogPlayLevel: PIE: StaticDuplicateObject took: (0.005828s)
[2020.03.02-07.25.11:174][291]LogAIModule: Creating AISystem for world TestingLevel
[2020.03.02-07.25.11:174][291]LogPlayLevel: PIE: World Init took: (0.000708s)
[2020.03.02-07.25.11:174][291]LogPlayLevel: PIE: Created PIE world by copying editor world from /Game/Map/TestingWorld/TestingLevel.TestingLevel to /Game/Map/TestingWorld/UEDPIE_0_TestingLevel.TestingLevel (0.006684s)
[2020.03.02-07.25.11:290][291]LogInit: XAudio2 using 'Headset Earphone (Corsair VOID PRO Surround USB Adapter)' : 2 channels at 48 kHz using 16 bits per sample (channel mask 0x3)
[2020.03.02-07.25.11:305][291]LogInit: FAudioDevice initialized.
[2020.03.02-07.25.11:341][291]LogLoad: Game class is 'SinglePlayer_C'
[2020.03.02-07.25.11:346][291]LogWorld: Bringing World /Game/Map/TestingWorld/UEDPIE_0_TestingLevel.TestingLevel up for play (max tick rate 0) at 2020.03.02-18.25.11
[2020.03.02-07.25.11:346][291]LogWorld: Bringing up level for play took: 0.004115
[2020.03.02-07.25.11:359][291]LogGameMode: Display: Match State Changed from EnteringMap to WaitingToStart
[2020.03.02-07.25.11:359][291]LogGameState: Match State Changed from EnteringMap to WaitingToStart
[2020.03.02-07.25.11:359][291]LogGameMode: Display: Match State Changed from WaitingToStart to InProgress
[2020.03.02-07.25.11:360][291]LogGameState: Match State Changed from WaitingToStart to InProgress
[2020.03.02-07.25.11:360][291]PIE: Play in editor start time for /Game/Map/TestingWorld/UEDPIE_0_TestingLevel -0.292
[2020.03.02-07.25.11:360][291]LogBlueprintUserMessages: Late PlayInEditor Detection: Level '/Game/Map/TestingWorld/TestingLevel.TestingLevel:PersistentLevel' has LevelScriptBlueprint '/Game/Map/TestingWorld/TestingLevel.TestingLevel:PersistentLevel.TestingLevel' with GeneratedClass '/Game/Map/TestingWorld/TestingLevel.TestingLevel_C' with ClassGeneratedBy '/Game/Map/TestingWorld/TestingLevel.TestingLevel:PersistentLevel.TestingLevel'
[2020.03.02-07.25.41:860][821]LogBlueprintUserMessages: Early EndPlayMap Detection: Level '/Game/Map/TestingWorld/TestingLevel.TestingLevel:PersistentLevel' has LevelScriptBlueprint '/Game/Map/TestingWorld/TestingLevel.TestingLevel:PersistentLevel.TestingLevel' with GeneratedClass '/Game/Map/TestingWorld/TestingLevel.TestingLevel_C' with ClassGeneratedBy '/Game/Map/TestingWorld/TestingLevel.TestingLevel:PersistentLevel.TestingLevel'
[2020.03.02-07.25.41:860][821]LogSlate: Updating window title bar state: overlay mode, drag disabled, window buttons hidden, title bar hidden
[2020.03.02-07.25.41:895][821]LogPlayLevel: Display: Shutting down PIE online subsystems
[2020.03.02-07.25.41:896][821]LogBlueprintUserMessages: Late EndPlayMap Detection: Level '/Game/Map/TestingWorld/TestingLevel.TestingLevel:PersistentLevel' has LevelScriptBlueprint '/Game/Map/TestingWorld/TestingLevel.TestingLevel:PersistentLevel.TestingLevel' with GeneratedClass '/Game/Map/TestingWorld/TestingLevel.TestingLevel_C' with ClassGeneratedBy '/Game/Map/TestingWorld/TestingLevel.TestingLevel:PersistentLevel.TestingLevel'
[2020.03.02-07.25.41:926][821]LogSlate: Updating window title bar state: overlay mode, drag disabled, window buttons hidden, title bar hidden
[2020.03.02-07.25.41:955][822]LogEditorBookmarks: Warning: FBookmarkTypeToolsImpl::JumpToBookmark - Null Bookmark at index 1
[2020.03.02-07.25.42:350][822]LogSlate: FSceneViewport::OnFocusLost() reason 2
[2020.03.02-07.25.42:390][822]LogSlate: Took 0.034167 seconds to synchronously load lazily loaded font '../../../Engine/Content/Slate/Fonts/DroidSansMono.ttf' (77K)
[2020.03.02-07.25.42:395][823]LogPlayLevel: Display: Destroying online subsystem :Context_4
[2020.03.02-07.26.47:123][981]LogEditorTransaction: Undo Move Node
[2020.03.02-07.26.47:654][995]LogEditorTransaction: Undo Move Node
[2020.03.02-07.26.48:120][ 11]LogEditorTransaction: Undo Move Node
[2020.03.02-07.26.48:501][ 22]LogEditorTransaction: Undo Move Node
[2020.03.02-07.26.48:821][ 29]LogEditorTransaction: Undo Move Node
[2020.03.02-07.26.49:096][ 34]LogEditorTransaction: Undo Move Node
[2020.03.02-07.26.49:385][ 40]LogEditorTransaction: Undo Create Pin Link
[2020.03.02-07.26.49:645][ 43]LogEditorTransaction: Undo Move Node
[2020.03.02-07.26.49:902][ 47]LogEditorTransaction: Undo Move Node
[2020.03.02-07.26.50:195][ 53]LogEditorTransaction: Undo Create Pin Link
[2020.03.02-07.26.50:440][ 56]LogEditorTransaction: Undo Break Pin Links
[2020.03.02-07.26.50:682][ 58]LogEditorTransaction: Undo Move Nodes
[2020.03.02-07.26.50:908][ 60]LogEditorTransaction: Undo Paste clipboard contents
[2020.03.02-07.26.51:147][ 62]LogEditorTransaction: Undo Move Node
[2020.03.02-07.26.51:814][ 91]LogEditorTransaction: Undo Add Node
[2020.03.02-07.26.52:152][100]LogEditorTransaction: Undo Create Pin Link
[2020.03.02-07.26.52:574][114]LogEditorTransaction: Undo Move Node
[2020.03.02-07.26.53:023][130]LogEditorTransaction: Undo Add Node
[2020.03.02-07.26.53:503][148]LogEditorTransaction: Undo Break Pin Links
[2020.03.02-07.27.17:478][694]LogEditorTransaction: Undo Move Node
[2020.03.02-07.27.17:873][703]LogEditorTransaction: Undo Move Nodes
[2020.03.02-07.27.19:574][793]BlueprintLog: New page: Compile PlayerT
[2020.03.02-07.27.20:298][806]LogTemp: Repeating last play command: Selected Viewport
[2020.03.02-07.27.20:312][806]LogBlueprintUserMessages: Early PlayInEditor Detection: Level '/Game/Map/TestingWorld/TestingLevel.TestingLevel:PersistentLevel' has LevelScriptBlueprint '/Game/Map/TestingWorld/TestingLevel.TestingLevel:PersistentLevel.TestingLevel' with GeneratedClass '/Game/Map/TestingWorld/TestingLevel.TestingLevel_C' with ClassGeneratedBy '/Game/Map/TestingWorld/TestingLevel.TestingLevel:PersistentLevel.TestingLevel'
[2020.03.02-07.27.20:312][806]LogPlayLevel: PlayLevel: No blueprints needed recompiling
[2020.03.02-07.27.20:313][806]PIE: New page: PIE session: TestingLevel (3 Mar 2020 5:27:20 am)
[2020.03.02-07.27.20:313][806]LogPlayLevel: Creating play world package: /Game/Map/TestingWorld/UEDPIE_0_TestingLevel
[2020.03.02-07.27.20:319][806]LogPlayLevel: PIE: StaticDuplicateObject took: (0.006701s)
[2020.03.02-07.27.20:320][806]LogAIModule: Creating AISystem for world TestingLevel
[2020.03.02-07.27.20:320][806]LogPlayLevel: PIE: World Init took: (0.000863s)
[2020.03.02-07.27.20:320][806]LogPlayLevel: PIE: Created PIE world by copying editor world from /Game/Map/TestingWorld/TestingLevel.TestingLevel to /Game/Map/TestingWorld/UEDPIE_0_TestingLevel.TestingLevel (0.007737s)
[2020.03.02-07.27.20:442][806]LogInit: XAudio2 using 'Headset Earphone (Corsair VOID PRO Surround USB Adapter)' : 2 channels at 48 kHz using 16 bits per sample (channel mask 0x3)
[2020.03.02-07.27.20:457][806]LogInit: FAudioDevice initialized.
[2020.03.02-07.27.20:490][806]LogLoad: Game class is 'SinglePlayer_C'
[2020.03.02-07.27.20:494][806]LogWorld: Bringing World /Game/Map/TestingWorld/UEDPIE_0_TestingLevel.TestingLevel up for play (max tick rate 0) at 2020.03.02-18.27.20
[2020.03.02-07.27.20:495][806]LogWorld: Bringing up level for play took: 0.003954
[2020.03.02-07.27.20:508][806]LogGameMode: Display: Match State Changed from EnteringMap to WaitingToStart
[2020.03.02-07.27.20:508][806]LogGameState: Match State Changed from EnteringMap to WaitingToStart
[2020.03.02-07.27.20:508][806]LogGameMode: Display: Match State Changed from WaitingToStart to InProgress
[2020.03.02-07.27.20:509][806]LogGameState: Match State Changed from WaitingToStart to InProgress
[2020.03.02-07.27.20:509][806]PIE: Play in editor start time for /Game/Map/TestingWorld/UEDPIE_0_TestingLevel 0.856
[2020.03.02-07.27.20:509][806]LogBlueprintUserMessages: Late PlayInEditor Detection: Level '/Game/Map/TestingWorld/TestingLevel.TestingLevel:PersistentLevel' has LevelScriptBlueprint '/Game/Map/TestingWorld/TestingLevel.TestingLevel:PersistentLevel.TestingLevel' with GeneratedClass '/Game/Map/TestingWorld/TestingLevel.TestingLevel_C' with ClassGeneratedBy '/Game/Map/TestingWorld/TestingLevel.TestingLevel:PersistentLevel.TestingLevel'
[2020.03.02-07.28.30:747][125]LogBlueprintUserMessages: Early EndPlayMap Detection: Level '/Game/Map/TestingWorld/TestingLevel.TestingLevel:PersistentLevel' has LevelScriptBlueprint '/Game/Map/TestingWorld/TestingLevel.TestingLevel:PersistentLevel.TestingLevel' with GeneratedClass '/Game/Map/TestingWorld/TestingLevel.TestingLevel_C' with ClassGeneratedBy '/Game/Map/TestingWorld/TestingLevel.TestingLevel:PersistentLevel.TestingLevel'
[2020.03.02-07.28.30:748][125]LogSlate: Updating window title bar state: overlay mode, drag disabled, window buttons hidden, title bar hidden
[2020.03.02-07.28.30:784][125]LogPlayLevel: Display: Shutting down PIE online subsystems
[2020.03.02-07.28.30:785][125]LogBlueprintUserMessages: Late EndPlayMap Detection: Level '/Game/Map/TestingWorld/TestingLevel.TestingLevel:PersistentLevel' has LevelScriptBlueprint '/Game/Map/TestingWorld/TestingLevel.TestingLevel:PersistentLevel.TestingLevel' with GeneratedClass '/Game/Map/TestingWorld/TestingLevel.TestingLevel_C' with ClassGeneratedBy '/Game/Map/TestingWorld/TestingLevel.TestingLevel:PersistentLevel.TestingLevel'
[2020.03.02-07.28.30:812][125]LogSlate: Updating window title bar state: overlay mode, drag disabled, window buttons hidden, title bar hidden
[2020.03.02-07.28.30:871][127]LogPlayLevel: Display: Destroying online subsystem :Context_5
